This is pdfTeX, Version 3.141592653-2.6-1.40.25 (TeX Live 2023/Debian) (preloaded format=pdflatex 2025.12.5)  30 DEC 2025 15:07
entering extended mode
 restricted \write18 enabled.
 %&-line parsing enabled.
**eeg-stress-rag-v2.tex
(./eeg-stress-rag-v2.tex
LaTeX2e <2023-11-01> patch level 1
L3 programming layer <2024-01-22>
(/usr/share/texlive/texmf-dist/tex/latex/ieeetran/IEEEtran.cls
Document Class: IEEEtran 2015/08/26 V1.8b by Michael Shell
-- See the "IEEEtran_HOWTO" manual for usage information.
-- http://www.michaelshell.org/tex/ieeetran/
\@IEEEtrantmpdimenA=\dimen140
\@IEEEtrantmpdimenB=\dimen141
\@IEEEtrantmpdimenC=\dimen142
\@IEEEtrantmpcountA=\count187
\@IEEEtrantmpcountB=\count188
\@IEEEtrantmpcountC=\count189
\@IEEEtrantmptoksA=\toks17
LaTeX Font Info:    Trying to load font information for OT1+ptm on input line 5
03.
(/usr/share/texlive/texmf-dist/tex/latex/psnfss/ot1ptm.fd
File: ot1ptm.fd 2001/06/04 font definitions for OT1/ptm.
)
-- Using 8.5in x 11in (letter) paper.
-- Using PDF output.
\@IEEEnormalsizeunitybaselineskip=\dimen143
-- This is a 10 point document.
\CLASSINFOnormalsizebaselineskip=\dimen144
\CLASSINFOnormalsizeunitybaselineskip=\dimen145
\IEEEnormaljot=\dimen146
LaTeX Font Info:    Font shape `OT1/ptm/bx/n' in size <5> not available
(Font)              Font shape `OT1/ptm/b/n' tried instead on input line 1090.
LaTeX Font Info:    Font shape `OT1/ptm/bx/it' in size <5> not available
(Font)              Font shape `OT1/ptm/b/it' tried instead on input line 1090.

LaTeX Font Info:    Font shape `OT1/ptm/bx/n' in size <7> not available
(Font)              Font shape `OT1/ptm/b/n' tried instead on input line 1090.
LaTeX Font Info:    Font shape `OT1/ptm/bx/it' in size <7> not available
(Font)              Font shape `OT1/ptm/b/it' tried instead on input line 1090.

LaTeX Font Info:    Font shape `OT1/ptm/bx/n' in size <8> not available
(Font)              Font shape `OT1/ptm/b/n' tried instead on input line 1090.
LaTeX Font Info:    Font shape `OT1/ptm/bx/it' in size <8> not available
(Font)              Font shape `OT1/ptm/b/it' tried instead on input line 1090.

LaTeX Font Info:    Font shape `OT1/ptm/bx/n' in size <9> not available
(Font)              Font shape `OT1/ptm/b/n' tried instead on input line 1090.
LaTeX Font Info:    Font shape `OT1/ptm/bx/it' in size <9> not available
(Font)              Font shape `OT1/ptm/b/it' tried instead on input line 1090.

LaTeX Font Info:    Font shape `OT1/ptm/bx/n' in size <10> not available
(Font)              Font shape `OT1/ptm/b/n' tried instead on input line 1090.
LaTeX Font Info:    Font shape `OT1/ptm/bx/it' in size <10> not available
(Font)              Font shape `OT1/ptm/b/it' tried instead on input line 1090.

LaTeX Font Info:    Font shape `OT1/ptm/bx/n' in size <11> not available
(Font)              Font shape `OT1/ptm/b/n' tried instead on input line 1090.
LaTeX Font Info:    Font shape `OT1/ptm/bx/it' in size <11> not available
(Font)              Font shape `OT1/ptm/b/it' tried instead on input line 1090.

LaTeX Font Info:    Font shape `OT1/ptm/bx/n' in size <12> not available
(Font)              Font shape `OT1/ptm/b/n' tried instead on input line 1090.
LaTeX Font Info:    Font shape `OT1/ptm/bx/it' in size <12> not available
(Font)              Font shape `OT1/ptm/b/it' tried instead on input line 1090.

LaTeX Font Info:    Font shape `OT1/ptm/bx/n' in size <17> not available
(Font)              Font shape `OT1/ptm/b/n' tried instead on input line 1090.
LaTeX Font Info:    Font shape `OT1/ptm/bx/it' in size <17> not available
(Font)              Font shape `OT1/ptm/b/it' tried instead on input line 1090.

LaTeX Font Info:    Font shape `OT1/ptm/bx/n' in size <20> not available
(Font)              Font shape `OT1/ptm/b/n' tried instead on input line 1090.
LaTeX Font Info:    Font shape `OT1/ptm/bx/it' in size <20> not available
(Font)              Font shape `OT1/ptm/b/it' tried instead on input line 1090.

LaTeX Font Info:    Font shape `OT1/ptm/bx/n' in size <24> not available
(Font)              Font shape `OT1/ptm/b/n' tried instead on input line 1090.
LaTeX Font Info:    Font shape `OT1/ptm/bx/it' in size <24> not available
(Font)              Font shape `OT1/ptm/b/it' tried instead on input line 1090.

\IEEEquantizedlength=\dimen147
\IEEEquantizedlengthdiff=\dimen148
\IEEEquantizedtextheightdiff=\dimen149
\IEEEilabelindentA=\dimen150
\IEEEilabelindentB=\dimen151
\IEEEilabelindent=\dimen152
\IEEEelabelindent=\dimen153
\IEEEdlabelindent=\dimen154
\IEEElabelindent=\dimen155
\IEEEiednormlabelsep=\dimen156
\IEEEiedmathlabelsep=\dimen157
\IEEEiedtopsep=\skip48
\c@section=\count190
\c@subsection=\count191
\c@subsubsection=\count192
\c@paragraph=\count193
\c@IEEEsubequation=\count194
\abovecaptionskip=\skip49
\belowcaptionskip=\skip50
\c@figure=\count195
\c@table=\count196
\@IEEEeqnnumcols=\count197
\@IEEEeqncolcnt=\count198
\@IEEEsubeqnnumrollback=\count199
\@IEEEquantizeheightA=\dimen158
\@IEEEquantizeheightB=\dimen159
\@IEEEquantizeheightC=\dimen160
\@IEEEquantizeprevdepth=\dimen161
\@IEEEquantizemultiple=\count266
\@IEEEquantizeboxA=\box51
\@IEEEtmpitemindent=\dimen162
\IEEEPARstartletwidth=\dimen163
\c@IEEEbiography=\count267
\@IEEEtranrubishbin=\box52
) (/usr/share/texlive/texmf-dist/tex/latex/base/inputenc.sty
Package: inputenc 2021/02/14 v1.3d Input encoding file
\inpenc@prehook=\toks18
\inpenc@posthook=\toks19
)
(/usr/share/texlive/texmf-dist/tex/latex/base/fontenc.sty
Package: fontenc 2021/04/29 v2.0v Standard LaTeX package
LaTeX Font Info:    Trying to load font information for T1+ptm on input line 11
2.

(/usr/share/texlive/texmf-dist/tex/latex/psnfss/t1ptm.fd
File: t1ptm.fd 2001/06/04 font definitions for T1/ptm.
))
(/usr/share/texlive/texmf-dist/tex/latex/psnfss/times.sty
Package: times 2020/03/25 PSNFSS-v9.3 (SPQR) 
)
(/usr/share/texlive/texmf-dist/tex/latex/graphics/graphicx.sty
Package: graphicx 2021/09/16 v1.2d Enhanced LaTeX Graphics (DPC,SPQR)

(/usr/share/texlive/texmf-dist/tex/latex/graphics/keyval.sty
Package: keyval 2022/05/29 v1.15 key=value parser (DPC)
\KV@toks@=\toks20
)
(/usr/share/texlive/texmf-dist/tex/latex/graphics/graphics.sty
Package: graphics 2022/03/10 v1.4e Standard LaTeX Graphics (DPC,SPQR)

(/usr/share/texlive/texmf-dist/tex/latex/graphics/trig.sty
Package: trig 2021/08/11 v1.11 sin cos tan (DPC)
)
(/usr/share/texlive/texmf-dist/tex/latex/graphics-cfg/graphics.cfg
File: graphics.cfg 2016/06/04 v1.11 sample graphics configuration
)
Package graphics Info: Driver file: pdftex.def on input line 107.

(/usr/share/texlive/texmf-dist/tex/latex/graphics-def/pdftex.def
File: pdftex.def 2022/09/22 v1.2b Graphics/color driver for pdftex
))
\Gin@req@height=\dimen164
\Gin@req@width=\dimen165
)
(/usr/share/texlive/texmf-dist/tex/latex/booktabs/booktabs.sty
Package: booktabs 2020/01/12 v1.61803398 Publication quality tables
\heavyrulewidth=\dimen166
\lightrulewidth=\dimen167
\cmidrulewidth=\dimen168
\belowrulesep=\dimen169
\belowbottomsep=\dimen170
\aboverulesep=\dimen171
\abovetopsep=\dimen172
\cmidrulesep=\dimen173
\cmidrulekern=\dimen174
\defaultaddspace=\dimen175
\@cmidla=\count268
\@cmidlb=\count269
\@aboverulesep=\dimen176
\@belowrulesep=\dimen177
\@thisruleclass=\count270
\@lastruleclass=\count271
\@thisrulewidth=\dimen178
)
(/usr/share/texlive/texmf-dist/tex/latex/tools/tabularx.sty
Package: tabularx 2023/07/08 v2.11c `tabularx' package (DPC)

(/usr/share/texlive/texmf-dist/tex/latex/tools/array.sty
Package: array 2023/10/16 v2.5g Tabular extension package (FMi)
\col@sep=\dimen179
\ar@mcellbox=\box53
\extrarowheight=\dimen180
\NC@list=\toks21
\extratabsurround=\skip51
\backup@length=\skip52
\ar@cellbox=\box54
)
\TX@col@width=\dimen181
\TX@old@table=\dimen182
\TX@old@col=\dimen183
\TX@target=\dimen184
\TX@delta=\dimen185
\TX@cols=\count272
\TX@ftn=\toks22
)
(/usr/share/texlive/texmf-dist/tex/latex/multirow/multirow.sty
Package: multirow 2021/03/15 v2.8 Span multiple rows of a table
\multirow@colwidth=\skip53
\multirow@cntb=\count273
\multirow@dima=\skip54
\bigstrutjot=\dimen186
)
(/usr/share/texlive/texmf-dist/tex/latex/xcolor/xcolor.sty
Package: xcolor 2023/11/15 v3.01 LaTeX color extensions (UK)

(/usr/share/texlive/texmf-dist/tex/latex/graphics-cfg/color.cfg
File: color.cfg 2016/01/02 v1.6 sample color configuration
)
Package xcolor Info: Driver file: pdftex.def on input line 274.

(/usr/share/texlive/texmf-dist/tex/latex/graphics/mathcolor.ltx)
Package xcolor Info: Model `cmy' substituted by `cmy0' on input line 1350.
Package xcolor Info: Model `hsb' substituted by `rgb' on input line 1354.
Package xcolor Info: Model `RGB' extended on input line 1366.
Package xcolor Info: Model `HTML' substituted by `rgb' on input line 1368.
Package xcolor Info: Model `Hsb' substituted by `hsb' on input line 1369.
Package xcolor Info: Model `tHsb' substituted by `hsb' on input line 1370.
Package xcolor Info: Model `HSB' substituted by `hsb' on input line 1371.
Package xcolor Info: Model `Gray' substituted by `gray' on input line 1372.
Package xcolor Info: Model `wave' substituted by `hsb' on input line 1373.
)
(/usr/share/texlive/texmf-dist/tex/latex/graphics/dvipsnam.def
File: dvipsnam.def 2016/06/17 v3.0m Driver-dependent file (DPC,SPQR)
)
(/usr/share/texlive/texmf-dist/tex/latex/xcolor/svgnam.def
File: svgnam.def 2023/11/15 v3.01 Predefined colors according to SVG 1.1 (UK)
)
(/usr/share/texlive/texmf-dist/tex/latex/colortbl/colortbl.sty
Package: colortbl 2022/06/20 v1.0f Color table columns (DPC)
\everycr=\toks23
\minrowclearance=\skip55
\rownum=\count274
)
(/usr/share/texlive/texmf-dist/tex/latex/pgf/frontendlayer/tikz.sty
(/usr/share/texlive/texmf-dist/tex/latex/pgf/basiclayer/pgf.sty
(/usr/share/texlive/texmf-dist/tex/latex/pgf/utilities/pgfrcs.sty
(/usr/share/texlive/texmf-dist/tex/generic/pgf/utilities/pgfutil-common.tex
\pgfutil@everybye=\toks24
\pgfutil@tempdima=\dimen187
\pgfutil@tempdimb=\dimen188
)
(/usr/share/texlive/texmf-dist/tex/generic/pgf/utilities/pgfutil-latex.def
\pgfutil@abb=\box55
)
(/usr/share/texlive/texmf-dist/tex/generic/pgf/utilities/pgfrcs.code.tex
(/usr/share/texlive/texmf-dist/tex/generic/pgf/pgf.revision.tex)
Package: pgfrcs 2023-01-15 v3.1.10 (3.1.10)
))
Package: pgf 2023-01-15 v3.1.10 (3.1.10)

(/usr/share/texlive/texmf-dist/tex/latex/pgf/basiclayer/pgfcore.sty
(/usr/share/texlive/texmf-dist/tex/latex/pgf/systemlayer/pgfsys.sty
(/usr/share/texlive/texmf-dist/tex/generic/pgf/systemlayer/pgfsys.code.tex
Package: pgfsys 2023-01-15 v3.1.10 (3.1.10)

(/usr/share/texlive/texmf-dist/tex/generic/pgf/utilities/pgfkeys.code.tex
\pgfkeys@pathtoks=\toks25
\pgfkeys@temptoks=\toks26

(/usr/share/texlive/texmf-dist/tex/generic/pgf/utilities/pgfkeyslibraryfiltered
.code.tex
\pgfkeys@tmptoks=\toks27
))
\pgf@x=\dimen189
\pgf@y=\dimen190
\pgf@xa=\dimen191
\pgf@ya=\dimen192
\pgf@xb=\dimen193
\pgf@yb=\dimen194
\pgf@xc=\dimen195
\pgf@yc=\dimen196
\pgf@xd=\dimen197
\pgf@yd=\dimen198
\w@pgf@writea=\write3
\r@pgf@reada=\read2
\c@pgf@counta=\count275
\c@pgf@countb=\count276
\c@pgf@countc=\count277
\c@pgf@countd=\count278
\t@pgf@toka=\toks28
\t@pgf@tokb=\toks29
\t@pgf@tokc=\toks30
\pgf@sys@id@count=\count279
 (/usr/share/texlive/texmf-dist/tex/generic/pgf/systemlayer/pgf.cfg
File: pgf.cfg 2023-01-15 v3.1.10 (3.1.10)
)
Driver file for pgf: pgfsys-pdftex.def
(/usr/share/texlive/texmf-dist/tex/generic/pgf/systemlayer/pgfsys-pdftex.def
File: pgfsys-pdftex.def 2023-01-15 v3.1.10 (3.1.10)

(/usr/share/texlive/texmf-dist/tex/generic/pgf/systemlayer/pgfsys-common-pdf.de
f
File: pgfsys-common-pdf.def 2023-01-15 v3.1.10 (3.1.10)
)))
(/usr/share/texlive/texmf-dist/tex/generic/pgf/systemlayer/pgfsyssoftpath.code.
tex
File: pgfsyssoftpath.code.tex 2023-01-15 v3.1.10 (3.1.10)
\pgfsyssoftpath@smallbuffer@items=\count280
\pgfsyssoftpath@bigbuffer@items=\count281
)
(/usr/share/texlive/texmf-dist/tex/generic/pgf/systemlayer/pgfsysprotocol.code.
tex
File: pgfsysprotocol.code.tex 2023-01-15 v3.1.10 (3.1.10)
))
(/usr/share/texlive/texmf-dist/tex/generic/pgf/basiclayer/pgfcore.code.tex
Package: pgfcore 2023-01-15 v3.1.10 (3.1.10)

(/usr/share/texlive/texmf-dist/tex/generic/pgf/math/pgfmath.code.tex
(/usr/share/texlive/texmf-dist/tex/generic/pgf/math/pgfmathutil.code.tex)
(/usr/share/texlive/texmf-dist/tex/generic/pgf/math/pgfmathparser.code.tex
\pgfmath@dimen=\dimen199
\pgfmath@count=\count282
\pgfmath@box=\box56
\pgfmath@toks=\toks31
\pgfmath@stack@operand=\toks32
\pgfmath@stack@operation=\toks33
)
(/usr/share/texlive/texmf-dist/tex/generic/pgf/math/pgfmathfunctions.code.tex)
(/usr/share/texlive/texmf-dist/tex/generic/pgf/math/pgfmathfunctions.basic.code
.tex)
(/usr/share/texlive/texmf-dist/tex/generic/pgf/math/pgfmathfunctions.trigonomet
ric.code.tex)
(/usr/share/texlive/texmf-dist/tex/generic/pgf/math/pgfmathfunctions.random.cod
e.tex)
(/usr/share/texlive/texmf-dist/tex/generic/pgf/math/pgfmathfunctions.comparison
.code.tex)
(/usr/share/texlive/texmf-dist/tex/generic/pgf/math/pgfmathfunctions.base.code.
tex)
(/usr/share/texlive/texmf-dist/tex/generic/pgf/math/pgfmathfunctions.round.code
.tex)
(/usr/share/texlive/texmf-dist/tex/generic/pgf/math/pgfmathfunctions.misc.code.
tex)
(/usr/share/texlive/texmf-dist/tex/generic/pgf/math/pgfmathfunctions.integerari
thmetics.code.tex)
(/usr/share/texlive/texmf-dist/tex/generic/pgf/math/pgfmathcalc.code.tex)
(/usr/share/texlive/texmf-dist/tex/generic/pgf/math/pgfmathfloat.code.tex
\c@pgfmathroundto@lastzeros=\count283
))
(/usr/share/texlive/texmf-dist/tex/generic/pgf/math/pgfint.code.tex)
(/usr/share/texlive/texmf-dist/tex/generic/pgf/basiclayer/pgfcorepoints.code.te
x
File: pgfcorepoints.code.tex 2023-01-15 v3.1.10 (3.1.10)
\pgf@picminx=\dimen256
\pgf@picmaxx=\dimen257
\pgf@picminy=\dimen258
\pgf@picmaxy=\dimen259
\pgf@pathminx=\dimen260
\pgf@pathmaxx=\dimen261
\pgf@pathminy=\dimen262
\pgf@pathmaxy=\dimen263
\pgf@xx=\dimen264
\pgf@xy=\dimen265
\pgf@yx=\dimen266
\pgf@yy=\dimen267
\pgf@zx=\dimen268
\pgf@zy=\dimen269
)
(/usr/share/texlive/texmf-dist/tex/generic/pgf/basiclayer/pgfcorepathconstruct.
code.tex
File: pgfcorepathconstruct.code.tex 2023-01-15 v3.1.10 (3.1.10)
\pgf@path@lastx=\dimen270
\pgf@path@lasty=\dimen271
)
(/usr/share/texlive/texmf-dist/tex/generic/pgf/basiclayer/pgfcorepathusage.code
.tex
File: pgfcorepathusage.code.tex 2023-01-15 v3.1.10 (3.1.10)
\pgf@shorten@end@additional=\dimen272
\pgf@shorten@start@additional=\dimen273
)
(/usr/share/texlive/texmf-dist/tex/generic/pgf/basiclayer/pgfcorescopes.code.te
x
File: pgfcorescopes.code.tex 2023-01-15 v3.1.10 (3.1.10)
\pgfpic=\box57
\pgf@hbox=\box58
\pgf@layerbox@main=\box59
\pgf@picture@serial@count=\count284
)
(/usr/share/texlive/texmf-dist/tex/generic/pgf/basiclayer/pgfcoregraphicstate.c
ode.tex
File: pgfcoregraphicstate.code.tex 2023-01-15 v3.1.10 (3.1.10)
\pgflinewidth=\dimen274
)
(/usr/share/texlive/texmf-dist/tex/generic/pgf/basiclayer/pgfcoretransformation
s.code.tex
File: pgfcoretransformations.code.tex 2023-01-15 v3.1.10 (3.1.10)
\pgf@pt@x=\dimen275
\pgf@pt@y=\dimen276
\pgf@pt@temp=\dimen277
)
(/usr/share/texlive/texmf-dist/tex/generic/pgf/basiclayer/pgfcorequick.code.tex
File: pgfcorequick.code.tex 2023-01-15 v3.1.10 (3.1.10)
)
(/usr/share/texlive/texmf-dist/tex/generic/pgf/basiclayer/pgfcoreobjects.code.t
ex
File: pgfcoreobjects.code.tex 2023-01-15 v3.1.10 (3.1.10)
)
(/usr/share/texlive/texmf-dist/tex/generic/pgf/basiclayer/pgfcorepathprocessing
.code.tex
File: pgfcorepathprocessing.code.tex 2023-01-15 v3.1.10 (3.1.10)
)
(/usr/share/texlive/texmf-dist/tex/generic/pgf/basiclayer/pgfcorearrows.code.te
x
File: pgfcorearrows.code.tex 2023-01-15 v3.1.10 (3.1.10)
\pgfarrowsep=\dimen278
)
(/usr/share/texlive/texmf-dist/tex/generic/pgf/basiclayer/pgfcoreshade.code.tex
File: pgfcoreshade.code.tex 2023-01-15 v3.1.10 (3.1.10)
\pgf@max=\dimen279
\pgf@sys@shading@range@num=\count285
\pgf@shadingcount=\count286
)
(/usr/share/texlive/texmf-dist/tex/generic/pgf/basiclayer/pgfcoreimage.code.tex
File: pgfcoreimage.code.tex 2023-01-15 v3.1.10 (3.1.10)
)
(/usr/share/texlive/texmf-dist/tex/generic/pgf/basiclayer/pgfcoreexternal.code.
tex
File: pgfcoreexternal.code.tex 2023-01-15 v3.1.10 (3.1.10)
\pgfexternal@startupbox=\box60
)
(/usr/share/texlive/texmf-dist/tex/generic/pgf/basiclayer/pgfcorelayers.code.te
x
File: pgfcorelayers.code.tex 2023-01-15 v3.1.10 (3.1.10)
)
(/usr/share/texlive/texmf-dist/tex/generic/pgf/basiclayer/pgfcoretransparency.c
ode.tex
File: pgfcoretransparency.code.tex 2023-01-15 v3.1.10 (3.1.10)
)
(/usr/share/texlive/texmf-dist/tex/generic/pgf/basiclayer/pgfcorepatterns.code.
tex
File: pgfcorepatterns.code.tex 2023-01-15 v3.1.10 (3.1.10)
)
(/usr/share/texlive/texmf-dist/tex/generic/pgf/basiclayer/pgfcorerdf.code.tex
File: pgfcorerdf.code.tex 2023-01-15 v3.1.10 (3.1.10)
)))
(/usr/share/texlive/texmf-dist/tex/generic/pgf/modules/pgfmoduleshapes.code.tex
File: pgfmoduleshapes.code.tex 2023-01-15 v3.1.10 (3.1.10)
\pgfnodeparttextbox=\box61
) (/usr/share/texlive/texmf-dist/tex/generic/pgf/modules/pgfmoduleplot.code.tex
File: pgfmoduleplot.code.tex 2023-01-15 v3.1.10 (3.1.10)
)
(/usr/share/texlive/texmf-dist/tex/latex/pgf/compatibility/pgfcomp-version-0-65
.sty
Package: pgfcomp-version-0-65 2023-01-15 v3.1.10 (3.1.10)
\pgf@nodesepstart=\dimen280
\pgf@nodesepend=\dimen281
)
(/usr/share/texlive/texmf-dist/tex/latex/pgf/compatibility/pgfcomp-version-1-18
.sty
Package: pgfcomp-version-1-18 2023-01-15 v3.1.10 (3.1.10)
)) (/usr/share/texlive/texmf-dist/tex/latex/pgf/utilities/pgffor.sty
(/usr/share/texlive/texmf-dist/tex/latex/pgf/utilities/pgfkeys.sty
(/usr/share/texlive/texmf-dist/tex/generic/pgf/utilities/pgfkeys.code.tex))
(/usr/share/texlive/texmf-dist/tex/latex/pgf/math/pgfmath.sty
(/usr/share/texlive/texmf-dist/tex/generic/pgf/math/pgfmath.code.tex))
(/usr/share/texlive/texmf-dist/tex/generic/pgf/utilities/pgffor.code.tex
Package: pgffor 2023-01-15 v3.1.10 (3.1.10)
\pgffor@iter=\dimen282
\pgffor@skip=\dimen283
\pgffor@stack=\toks34
\pgffor@toks=\toks35
))
(/usr/share/texlive/texmf-dist/tex/generic/pgf/frontendlayer/tikz/tikz.code.tex
Package: tikz 2023-01-15 v3.1.10 (3.1.10)

(/usr/share/texlive/texmf-dist/tex/generic/pgf/libraries/pgflibraryplothandlers
.code.tex
File: pgflibraryplothandlers.code.tex 2023-01-15 v3.1.10 (3.1.10)
\pgf@plot@mark@count=\count287
\pgfplotmarksize=\dimen284
)
\tikz@lastx=\dimen285
\tikz@lasty=\dimen286
\tikz@lastxsaved=\dimen287
\tikz@lastysaved=\dimen288
\tikz@lastmovetox=\dimen289
\tikz@lastmovetoy=\dimen290
\tikzleveldistance=\dimen291
\tikzsiblingdistance=\dimen292
\tikz@figbox=\box62
\tikz@figbox@bg=\box63
\tikz@tempbox=\box64
\tikz@tempbox@bg=\box65
\tikztreelevel=\count288
\tikznumberofchildren=\count289
\tikznumberofcurrentchild=\count290
\tikz@fig@count=\count291

(/usr/share/texlive/texmf-dist/tex/generic/pgf/modules/pgfmodulematrix.code.tex
File: pgfmodulematrix.code.tex 2023-01-15 v3.1.10 (3.1.10)
\pgfmatrixcurrentrow=\count292
\pgfmatrixcurrentcolumn=\count293
\pgf@matrix@numberofcolumns=\count294
)
\tikz@expandcount=\count295

(/usr/share/texlive/texmf-dist/tex/generic/pgf/frontendlayer/tikz/libraries/tik
zlibrarytopaths.code.tex
File: tikzlibrarytopaths.code.tex 2023-01-15 v3.1.10 (3.1.10)
)))
(/usr/share/texlive/texmf-dist/tex/latex/pgfplots/pgfplots.sty
(/usr/share/texlive/texmf-dist/tex/generic/pgfplots/pgfplots.revision.tex)
Package: pgfplots 2021/05/15 v1.18.1 Data Visualization (1.18.1)

(/usr/share/texlive/texmf-dist/tex/generic/pgfplots/pgfplots.code.tex
(/usr/share/texlive/texmf-dist/tex/generic/pgfplots/pgfplotscore.code.tex
\t@pgfplots@toka=\toks36
\t@pgfplots@tokb=\toks37
\t@pgfplots@tokc=\toks38
\pgfplots@tmpa=\dimen293
\c@pgfplots@coordindex=\count296
\c@pgfplots@scanlineindex=\count297

(/usr/share/texlive/texmf-dist/tex/generic/pgfplots/sys/pgfplotssysgeneric.code
.tex))
(/usr/share/texlive/texmf-dist/tex/generic/pgfplots/libs/pgfplotslibrary.code.t
ex)
(/usr/share/texlive/texmf-dist/tex/generic/pgfplots/oldpgfcompatib/pgfplotsoldp
gfsupp_loader.code.tex
(/usr/share/texlive/texmf-dist/tex/generic/pgf/libraries/pgflibraryfpu.code.tex
)
Package pgfplots: loading complementary utilities for your pgf version...
\t@pgf@toka=\toks39
\t@pgf@tokb=\toks40
\t@pgf@tokc=\toks41

(/usr/share/texlive/texmf-dist/tex/generic/pgfplots/oldpgfcompatib/pgfplotsoldp
gfsupp_pgfutil-common-lists.tex))
(/usr/share/texlive/texmf-dist/tex/generic/pgfplots/util/pgfplotsutil.code.tex
(/usr/share/texlive/texmf-dist/tex/generic/pgfplots/liststructure/pgfplotslists
tructure.code.tex)
(/usr/share/texlive/texmf-dist/tex/generic/pgfplots/liststructure/pgfplotslists
tructureext.code.tex)
(/usr/share/texlive/texmf-dist/tex/generic/pgfplots/liststructure/pgfplotsarray
.code.tex
\c@pgfplotsarray@tmp=\count298
)
(/usr/share/texlive/texmf-dist/tex/generic/pgfplots/liststructure/pgfplotsmatri
x.code.tex)
(/usr/share/texlive/texmf-dist/tex/generic/pgfplots/numtable/pgfplotstableshare
d.code.tex
\c@pgfplotstable@counta=\count299
\t@pgfplotstable@a=\toks42
)
(/usr/share/texlive/texmf-dist/tex/generic/pgfplots/liststructure/pgfplotsdeque
.code.tex)
(/usr/share/texlive/texmf-dist/tex/generic/pgfplots/util/pgfplotsbinary.code.te
x
(/usr/share/texlive/texmf-dist/tex/generic/pgfplots/util/pgfplotsbinary.data.co
de.tex))
(/usr/share/texlive/texmf-dist/tex/generic/pgfplots/util/pgfplotsutil.verb.code
.tex)
(/usr/share/texlive/texmf-dist/tex/generic/pgfplots/libs/pgflibrarypgfplots.sur
fshading.code.tex
\c@pgfplotslibrarysurf@no=\count300

(/usr/share/texlive/texmf-dist/tex/generic/pgfplots/sys/pgflibrarypgfplots.surf
shading.pgfsys-pdftex.def)))
(/usr/share/texlive/texmf-dist/tex/generic/pgfplots/util/pgfplotscolormap.code.
tex
(/usr/share/texlive/texmf-dist/tex/generic/pgfplots/util/pgfplotscolor.code.tex
))
(/usr/share/texlive/texmf-dist/tex/generic/pgfplots/pgfplotsstackedplots.code.t
ex)
(/usr/share/texlive/texmf-dist/tex/generic/pgfplots/pgfplotsplothandlers.code.t
ex
(/usr/share/texlive/texmf-dist/tex/generic/pgfplots/pgfplotsmeshplothandler.cod
e.tex
(/usr/share/texlive/texmf-dist/tex/generic/pgfplots/pgfplotsmeshplotimage.code.
tex)))
(/usr/share/texlive/texmf-dist/tex/generic/pgfplots/pgfplots.scaling.code.tex)
(/usr/share/texlive/texmf-dist/tex/generic/pgfplots/pgfplotscoordprocessing.cod
e.tex)
(/usr/share/texlive/texmf-dist/tex/generic/pgfplots/pgfplots.errorbars.code.tex
) (/usr/share/texlive/texmf-dist/tex/generic/pgfplots/pgfplots.markers.code.tex
) (/usr/share/texlive/texmf-dist/tex/generic/pgfplots/pgfplotsticks.code.tex)
(/usr/share/texlive/texmf-dist/tex/generic/pgfplots/pgfplots.paths.code.tex)
(/usr/share/texlive/texmf-dist/tex/generic/pgf/frontendlayer/tikz/libraries/tik
zlibrarydecorations.code.tex
(/usr/share/texlive/texmf-dist/tex/generic/pgf/modules/pgfmoduledecorations.cod
e.tex
\pgfdecoratedcompleteddistance=\dimen294
\pgfdecoratedremainingdistance=\dimen295
\pgfdecoratedinputsegmentcompleteddistance=\dimen296
\pgfdecoratedinputsegmentremainingdistance=\dimen297
\pgf@decorate@distancetomove=\dimen298
\pgf@decorate@repeatstate=\count301
\pgfdecorationsegmentamplitude=\dimen299
\pgfdecorationsegmentlength=\dimen300
)
\tikz@lib@dec@box=\box66
)
(/usr/share/texlive/texmf-dist/tex/generic/pgf/frontendlayer/tikz/libraries/tik
zlibrarydecorations.pathmorphing.code.tex
(/usr/share/texlive/texmf-dist/tex/generic/pgf/libraries/decorations/pgflibrary
decorations.pathmorphing.code.tex))
(/usr/share/texlive/texmf-dist/tex/generic/pgf/frontendlayer/tikz/libraries/tik
zlibrarydecorations.pathreplacing.code.tex
(/usr/share/texlive/texmf-dist/tex/generic/pgf/libraries/decorations/pgflibrary
decorations.pathreplacing.code.tex))
(/usr/share/texlive/texmf-dist/tex/generic/pgfplots/libs/tikzlibrarypgfplots.co
ntourlua.code.tex)
\pgfplots@numplots=\count302
\pgfplots@xmin@reg=\dimen301
\pgfplots@xmax@reg=\dimen302
\pgfplots@ymin@reg=\dimen303
\pgfplots@ymax@reg=\dimen304
\pgfplots@zmin@reg=\dimen305
\pgfplots@zmax@reg=\dimen306
)
(/usr/share/texlive/texmf-dist/tex/generic/pgf/frontendlayer/tikz/libraries/tik
zlibraryplotmarks.code.tex
File: tikzlibraryplotmarks.code.tex 2023-01-15 v3.1.10 (3.1.10)

(/usr/share/texlive/texmf-dist/tex/generic/pgf/libraries/pgflibraryplotmarks.co
de.tex
File: pgflibraryplotmarks.code.tex 2023-01-15 v3.1.10 (3.1.10)
)))
(/usr/share/texlive/texmf-dist/tex/generic/pgfplots/libs/tikzlibrarypgfplots.st
atistics.code.tex)
(/usr/share/texlive/texmf-dist/tex/generic/pgf/frontendlayer/tikz/libraries/tik
zlibraryshapes.geometric.code.tex
File: tikzlibraryshapes.geometric.code.tex 2023-01-15 v3.1.10 (3.1.10)

(/usr/share/texlive/texmf-dist/tex/generic/pgf/libraries/shapes/pgflibraryshape
s.geometric.code.tex
File: pgflibraryshapes.geometric.code.tex 2023-01-15 v3.1.10 (3.1.10)
))
(/usr/share/texlive/texmf-dist/tex/generic/pgf/libraries/pgflibraryarrows.meta.
code.tex
File: pgflibraryarrows.meta.code.tex 2023-01-15 v3.1.10 (3.1.10)
\pgfarrowinset=\dimen307
\pgfarrowlength=\dimen308
\pgfarrowwidth=\dimen309
\pgfarrowlinewidth=\dimen310
)
(/usr/share/texlive/texmf-dist/tex/generic/pgf/frontendlayer/tikz/libraries/tik
zlibrarypositioning.code.tex
File: tikzlibrarypositioning.code.tex 2023-01-15 v3.1.10 (3.1.10)
)
(/usr/share/texlive/texmf-dist/tex/generic/pgf/frontendlayer/tikz/libraries/tik
zlibrarycalc.code.tex
File: tikzlibrarycalc.code.tex 2023-01-15 v3.1.10 (3.1.10)
)
(/usr/share/texlive/texmf-dist/tex/generic/pgf/frontendlayer/tikz/libraries/tik
zlibrarypatterns.code.tex
File: tikzlibrarypatterns.code.tex 2023-01-15 v3.1.10 (3.1.10)

(/usr/share/texlive/texmf-dist/tex/generic/pgf/libraries/pgflibrarypatterns.cod
e.tex
File: pgflibrarypatterns.code.tex 2023-01-15 v3.1.10 (3.1.10)
))
(/usr/share/texlive/texmf-dist/tex/generic/pgf/frontendlayer/tikz/libraries/tik
zlibraryfit.code.tex
File: tikzlibraryfit.code.tex 2023-01-15 v3.1.10 (3.1.10)
)
(/usr/share/texlive/texmf-dist/tex/generic/pgf/frontendlayer/tikz/libraries/tik
zlibrarybackgrounds.code.tex
File: tikzlibrarybackgrounds.code.tex 2023-01-15 v3.1.10 (3.1.10)
\pgf@layerbox@background=\box67
\pgf@layerboxsaved@background=\box68
)
(/usr/share/texlive/texmf-dist/tex/generic/pgf/frontendlayer/tikz/libraries/tik
zlibrarymatrix.code.tex
File: tikzlibrarymatrix.code.tex 2023-01-15 v3.1.10 (3.1.10)
)
(/usr/share/texlive/texmf-dist/tex/generic/pgf/frontendlayer/tikz/libraries/tik
zlibrarychains.code.tex
File: tikzlibrarychains.code.tex 2023-01-15 v3.1.10 (3.1.10)
)
(/usr/share/texlive/texmf-dist/tex/latex/amsmath/amsmath.sty
Package: amsmath 2023/05/13 v2.17o AMS math features
\@mathmargin=\skip56

For additional information on amsmath, use the `?' option.
(/usr/share/texlive/texmf-dist/tex/latex/amsmath/amstext.sty
Package: amstext 2021/08/26 v2.01 AMS text

(/usr/share/texlive/texmf-dist/tex/latex/amsmath/amsgen.sty
File: amsgen.sty 1999/11/30 v2.0 generic functions
\@emptytoks=\toks43
\ex@=\dimen311
))
(/usr/share/texlive/texmf-dist/tex/latex/amsmath/amsbsy.sty
Package: amsbsy 1999/11/29 v1.2d Bold Symbols
\pmbraise@=\dimen312
)
(/usr/share/texlive/texmf-dist/tex/latex/amsmath/amsopn.sty
Package: amsopn 2022/04/08 v2.04 operator names
)
\inf@bad=\count303
LaTeX Info: Redefining \frac on input line 234.
\uproot@=\count304
\leftroot@=\count305
LaTeX Info: Redefining \overline on input line 399.
LaTeX Info: Redefining \colon on input line 410.
\classnum@=\count306
\DOTSCASE@=\count307
LaTeX Info: Redefining \ldots on input line 496.
LaTeX Info: Redefining \dots on input line 499.
LaTeX Info: Redefining \cdots on input line 620.
\Mathstrutbox@=\box69
\strutbox@=\box70
LaTeX Info: Redefining \big on input line 722.
LaTeX Info: Redefining \Big on input line 723.
LaTeX Info: Redefining \bigg on input line 724.
LaTeX Info: Redefining \Bigg on input line 725.
\big@size=\dimen313
LaTeX Font Info:    Redeclaring font encoding OML on input line 743.
LaTeX Font Info:    Redeclaring font encoding OMS on input line 744.
\macc@depth=\count308
LaTeX Info: Redefining \bmod on input line 905.
LaTeX Info: Redefining \pmod on input line 910.
LaTeX Info: Redefining \smash on input line 940.
LaTeX Info: Redefining \relbar on input line 970.
LaTeX Info: Redefining \Relbar on input line 971.
\c@MaxMatrixCols=\count309
\dotsspace@=\muskip16
\c@parentequation=\count310
\dspbrk@lvl=\count311
\tag@help=\toks44
\row@=\count312
\column@=\count313
\maxfields@=\count314
\andhelp@=\toks45
\eqnshift@=\dimen314
\alignsep@=\dimen315
\tagshift@=\dimen316
\tagwidth@=\dimen317
\totwidth@=\dimen318
\lineht@=\dimen319
\@envbody=\toks46
\multlinegap=\skip57
\multlinetaggap=\skip58
\mathdisplay@stack=\toks47
LaTeX Info: Redefining \[ on input line 2953.
LaTeX Info: Redefining \] on input line 2954.
)
(/usr/share/texlive/texmf-dist/tex/latex/amsfonts/amssymb.sty
Package: amssymb 2013/01/14 v3.01 AMS font symbols

(/usr/share/texlive/texmf-dist/tex/latex/amsfonts/amsfonts.sty
Package: amsfonts 2013/01/14 v3.01 Basic AMSFonts support
\symAMSa=\mathgroup4
\symAMSb=\mathgroup5
LaTeX Font Info:    Redeclaring math symbol \hbar on input line 98.
LaTeX Font Info:    Overwriting math alphabet `\mathfrak' in version `bold'
(Font)                  U/euf/m/n --> U/euf/b/n on input line 106.
))
(/usr/share/texlive/texmf-dist/tex/latex/algorithms/algorithmic.sty
Package: algorithmic 2009/08/24 v0.1 Document Style `algorithmic'

(/usr/share/texlive/texmf-dist/tex/latex/base/ifthen.sty
Package: ifthen 2022/04/13 v1.1d Standard LaTeX ifthen package (DPC)
)
\c@ALC@unique=\count315
\c@ALC@line=\count316
\c@ALC@rem=\count317
\c@ALC@depth=\count318
\ALC@tlm=\skip59
\algorithmicindent=\skip60
)
(/usr/share/texlive/texmf-dist/tex/latex/algorithms/algorithm.sty
Package: algorithm 2009/08/24 v0.1 Document Style `algorithm' - floating enviro
nment

(/usr/share/texlive/texmf-dist/tex/latex/float/float.sty
Package: float 2001/11/08 v1.3d Float enhancements (AL)
\c@float@type=\count319
\float@exts=\toks48
\float@box=\box71
\@float@everytoks=\toks49
\@floatcapt=\box72
)
\@float@every@algorithm=\toks50
\c@algorithm=\count320
)
(/usr/share/texlive/texmf-dist/tex/latex/hyperref/hyperref.sty
Package: hyperref 2024-01-20 v7.01h Hypertext links for LaTeX

(/usr/share/texlive/texmf-dist/tex/generic/iftex/iftex.sty
Package: iftex 2022/02/03 v1.0f TeX engine tests
)
(/usr/share/texlive/texmf-dist/tex/latex/kvsetkeys/kvsetkeys.sty
Package: kvsetkeys 2022-10-05 v1.19 Key value parser (HO)
)
(/usr/share/texlive/texmf-dist/tex/generic/kvdefinekeys/kvdefinekeys.sty
Package: kvdefinekeys 2019-12-19 v1.6 Define keys (HO)
)
(/usr/share/texlive/texmf-dist/tex/generic/pdfescape/pdfescape.sty
Package: pdfescape 2019/12/09 v1.15 Implements pdfTeX's escape features (HO)

(/usr/share/texlive/texmf-dist/tex/generic/ltxcmds/ltxcmds.sty
Package: ltxcmds 2023-12-04 v1.26 LaTeX kernel commands for general use (HO)
)
(/usr/share/texlive/texmf-dist/tex/generic/pdftexcmds/pdftexcmds.sty
Package: pdftexcmds 2020-06-27 v0.33 Utility functions of pdfTeX for LuaTeX (HO
)

(/usr/share/texlive/texmf-dist/tex/generic/infwarerr/infwarerr.sty
Package: infwarerr 2019/12/03 v1.5 Providing info/warning/error messages (HO)
)
Package pdftexcmds Info: \pdf@primitive is available.
Package pdftexcmds Info: \pdf@ifprimitive is available.
Package pdftexcmds Info: \pdfdraftmode found.
))
(/usr/share/texlive/texmf-dist/tex/latex/hycolor/hycolor.sty
Package: hycolor 2020-01-27 v1.10 Color options for hyperref/bookmark (HO)
)
(/usr/share/texlive/texmf-dist/tex/latex/auxhook/auxhook.sty
Package: auxhook 2019-12-17 v1.6 Hooks for auxiliary files (HO)
)
(/usr/share/texlive/texmf-dist/tex/latex/hyperref/nameref.sty
Package: nameref 2023-11-26 v2.56 Cross-referencing by name of section

(/usr/share/texlive/texmf-dist/tex/latex/refcount/refcount.sty
Package: refcount 2019/12/15 v3.6 Data extraction from label references (HO)
)
(/usr/share/texlive/texmf-dist/tex/generic/gettitlestring/gettitlestring.sty
Package: gettitlestring 2019/12/15 v1.6 Cleanup title references (HO)

(/usr/share/texlive/texmf-dist/tex/latex/kvoptions/kvoptions.sty
Package: kvoptions 2022-06-15 v3.15 Key value format for package options (HO)
))
\c@section@level=\count321
)
(/usr/share/texlive/texmf-dist/tex/latex/etoolbox/etoolbox.sty
Package: etoolbox 2020/10/05 v2.5k e-TeX tools for LaTeX (JAW)
\etb@tempcnta=\count322
)
\@linkdim=\dimen320
\Hy@linkcounter=\count323
\Hy@pagecounter=\count324

(/usr/share/texlive/texmf-dist/tex/latex/hyperref/pd1enc.def
File: pd1enc.def 2024-01-20 v7.01h Hyperref: PDFDocEncoding definition (HO)
Now handling font encoding PD1 ...
... no UTF-8 mapping file for font encoding PD1
)
(/usr/share/texlive/texmf-dist/tex/generic/intcalc/intcalc.sty
Package: intcalc 2019/12/15 v1.3 Expandable calculations with integers (HO)
)
\Hy@SavedSpaceFactor=\count325

(/usr/share/texlive/texmf-dist/tex/latex/hyperref/puenc.def
File: puenc.def 2024-01-20 v7.01h Hyperref: PDF Unicode definition (HO)
Now handling font encoding PU ...
... no UTF-8 mapping file for font encoding PU
)
Package hyperref Info: Hyper figures OFF on input line 4179.
Package hyperref Info: Link nesting OFF on input line 4184.
Package hyperref Info: Hyper index ON on input line 4187.
Package hyperref Info: Plain pages OFF on input line 4194.
Package hyperref Info: Backreferencing OFF on input line 4199.
Package hyperref Info: Implicit mode ON; LaTeX internals redefined.
Package hyperref Info: Bookmarks ON on input line 4446.
\c@Hy@tempcnt=\count326

(/usr/share/texlive/texmf-dist/tex/latex/url/url.sty
\Urlmuskip=\muskip17
Package: url 2013/09/16  ver 3.4  Verb mode for urls, etc.
)
LaTeX Info: Redefining \url on input line 4784.
\XeTeXLinkMargin=\dimen321

(/usr/share/texlive/texmf-dist/tex/generic/bitset/bitset.sty
Package: bitset 2019/12/09 v1.3 Handle bit-vector datatype (HO)

(/usr/share/texlive/texmf-dist/tex/generic/bigintcalc/bigintcalc.sty
Package: bigintcalc 2019/12/15 v1.5 Expandable calculations on big integers (HO
)
))
\Fld@menulength=\count327
\Field@Width=\dimen322
\Fld@charsize=\dimen323
Package hyperref Info: Hyper figures OFF on input line 6063.
Package hyperref Info: Link nesting OFF on input line 6068.
Package hyperref Info: Hyper index ON on input line 6071.
Package hyperref Info: backreferencing OFF on input line 6078.
Package hyperref Info: Link coloring OFF on input line 6083.
Package hyperref Info: Link coloring with OCG OFF on input line 6088.
Package hyperref Info: PDF/A mode OFF on input line 6093.

(/usr/share/texlive/texmf-dist/tex/latex/base/atbegshi-ltx.sty
Package: atbegshi-ltx 2021/01/10 v1.0c Emulation of the original atbegshi
package with kernel methods
)
\Hy@abspage=\count328
\c@Item=\count329
\c@Hfootnote=\count330
)
Package hyperref Info: Driver (autodetected): hpdftex.

(/usr/share/texlive/texmf-dist/tex/latex/hyperref/hpdftex.def
File: hpdftex.def 2024-01-20 v7.01h Hyperref driver for pdfTeX

(/usr/share/texlive/texmf-dist/tex/latex/base/atveryend-ltx.sty
Package: atveryend-ltx 2020/08/19 v1.0a Emulation of the original atveryend pac
kage
with kernel methods
)
\Fld@listcount=\count331
\c@bookmark@seq@number=\count332

(/usr/share/texlive/texmf-dist/tex/latex/rerunfilecheck/rerunfilecheck.sty
Package: rerunfilecheck 2022-07-10 v1.10 Rerun checks for auxiliary files (HO)

(/usr/share/texlive/texmf-dist/tex/generic/uniquecounter/uniquecounter.sty
Package: uniquecounter 2019/12/15 v1.4 Provide unlimited unique counter (HO)
)
Package uniquecounter Info: New unique counter `rerunfilecheck' on input line 2
85.
)
\Hy@SectionHShift=\skip61
)
(/usr/share/texlive/texmf-dist/tex/latex/enumitem/enumitem.sty
Package: enumitem 2019/06/20 v3.9 Customized lists
\labelindent=\skip62
\enit@outerparindent=\dimen324
\enit@toks=\toks51
\enit@inbox=\box73
\enit@count@id=\count333
\enitdp@description=\count334
)
(/usr/share/texlive/texmf-dist/tex/latex/placeins/placeins.sty
Package: placeins 2005/04/18  v 2.2
)
(/usr/share/texlive/texmf-dist/tex/latex/caption/caption.sty
Package: caption 2023/08/05 v3.6o Customizing captions (AR)

(/usr/share/texlive/texmf-dist/tex/latex/caption/caption3.sty
Package: caption3 2023/07/31 v2.4d caption3 kernel (AR)
\caption@tempdima=\dimen325
\captionmargin=\dimen326
\caption@leftmargin=\dimen327
\caption@rightmargin=\dimen328
\caption@width=\dimen329
\caption@indent=\dimen330
\caption@parindent=\dimen331
\caption@hangindent=\dimen332
Package caption Info: Unknown document class (or package),
(caption)             standard defaults will be used.
Package caption Info: \@makecaption = \long macro:#1#2->\ifx \@captype \@IEEEta
blestring \footnotesize \bgroup \par \centering \@IEEEtabletopskipstrut {\norma
lfont \footnotesize #1}\\{\normalfont \footnotesize \scshape #2}\par \addvspace
 {0.5\baselineskip }\egroup \@IEEEtablecaptionsepspace \else \@IEEEfigurecaptio
nsepspace \setbox \@tempboxa \hbox {\normalfont \footnotesize {#1.}\nobreakspac
e \nobreakspace #2}\ifdim \wd \@tempboxa >\hsize \setbox \@tempboxa \hbox {\nor
malfont \footnotesize {#1.}\nobreakspace \nobreakspace }\parbox [t]{\hsize }{\n
ormalfont \footnotesize \noindent \unhbox \@tempboxa #2}\else \ifCLASSOPTIONcon
ference \hbox to\hsize {\normalfont \footnotesize \hfil \box \@tempboxa \hfil }
\else \hbox to\hsize {\normalfont \footnotesize \box \@tempboxa \hfil }\fi \fi 
\fi  on input line 1175.
)

Package caption Warning: Unknown document class (or package),
(caption)                standard defaults will be used.
See the caption package documentation for explanation.

\c@caption@flags=\count335
\c@continuedfloat=\count336
Package caption Info: float package is loaded.
Package caption Info: hyperref package is loaded.
) (/usr/share/texlive/texmf-dist/tex/latex/natbib/natbib.sty
Package: natbib 2010/09/13 8.31b (PWD, AO)
\bibhang=\skip63
\bibsep=\skip64
LaTeX Info: Redefining \cite on input line 694.
\c@NAT@ctr=\count337
)
(/usr/share/texlive/texmf-dist/tex/latex/tools/bm.sty
Package: bm 2023/07/08 v1.2f Bold Symbol Support (DPC/FMi)
\symboldoperators=\mathgroup6
\symboldletters=\mathgroup7
\symboldsymbols=\mathgroup8
Package bm Info: No bold for \OMX/cmex/m/n, using \pmb.
Package bm Info: No bold for \U/msa/m/n, using \pmb.
Package bm Info: No bold for \U/msb/m/n, using \pmb.
LaTeX Font Info:    Redeclaring math alphabet \mathbf on input line 149.
)
(/usr/share/texlive/texmf-dist/tex/latex/caption/subcaption.sty
Package: subcaption 2023/07/28 v1.6b Sub-captions (AR)
Package caption Info: New subtype `subfigure' on input line 238.
\c@subfigure=\count338
Package caption Info: New subtype `subtable' on input line 238.
\c@subtable=\count339
)
Package hyperref Info: Option `colorlinks' set `true' on input line 62.

(/usr/share/texlive/texmf-dist/tex/latex/l3backend/l3backend-pdftex.def
File: l3backend-pdftex.def 2024-01-04 L3 backend support: PDF output (pdfTeX)
\l__color_backend_stack_int=\count340
\l__pdf_internal_box=\box74
)
(./eeg-stress-rag-v2.aux)
\openout1 = `eeg-stress-rag-v2.aux'.

LaTeX Font Info:    Checking defaults for OML/cmm/m/it on input line 64.
LaTeX Font Info:    ... okay on input line 64.
LaTeX Font Info:    Checking defaults for OMS/cmsy/m/n on input line 64.
LaTeX Font Info:    ... okay on input line 64.
LaTeX Font Info:    Checking defaults for OT1/cmr/m/n on input line 64.
LaTeX Font Info:    ... okay on input line 64.
LaTeX Font Info:    Checking defaults for T1/cmr/m/n on input line 64.
LaTeX Font Info:    ... okay on input line 64.
LaTeX Font Info:    Checking defaults for TS1/cmr/m/n on input line 64.
LaTeX Font Info:    ... okay on input line 64.
LaTeX Font Info:    Checking defaults for OMX/cmex/m/n on input line 64.
LaTeX Font Info:    ... okay on input line 64.
LaTeX Font Info:    Checking defaults for U/cmr/m/n on input line 64.
LaTeX Font Info:    ... okay on input line 64.
LaTeX Font Info:    Checking defaults for PD1/pdf/m/n on input line 64.
LaTeX Font Info:    ... okay on input line 64.
LaTeX Font Info:    Checking defaults for PU/pdf/m/n on input line 64.
LaTeX Font Info:    ... okay on input line 64.

-- Lines per column: 58 (exact).
(/usr/share/texlive/texmf-dist/tex/context/base/mkii/supp-pdf.mkii
[Loading MPS to PDF converter (version 2006.09.02).]
\scratchcounter=\count341
\scratchdimen=\dimen333
\scratchbox=\box75
\nofMPsegments=\count342
\nofMParguments=\count343
\everyMPshowfont=\toks52
\MPscratchCnt=\count344
\MPscratchDim=\dimen334
\MPnumerator=\count345
\makeMPintoPDFobject=\count346
\everyMPtoPDFconversion=\toks53
) (/usr/share/texlive/texmf-dist/tex/latex/epstopdf-pkg/epstopdf-base.sty
Package: epstopdf-base 2020-01-24 v2.11 Base part for package epstopdf
Package epstopdf-base Info: Redefining graphics rule for `.eps' on input line 4
85.

(/usr/share/texlive/texmf-dist/tex/latex/latexconfig/epstopdf-sys.cfg
File: epstopdf-sys.cfg 2010/07/13 v1.3 Configuration of (r)epstopdf for TeX Liv
e
))
Package pgfplots notification 'compat/show suggested version=true': document ha
s been generated with the most recent feature set (\pgfplotsset{compat=1.18}).

Package hyperref Info: Link coloring ON on input line 64.
(./eeg-stress-rag-v2.out) (./eeg-stress-rag-v2.out)
\@outlinefile=\write4
\openout4 = `eeg-stress-rag-v2.out'.

Package caption Info: Begin \AtBeginDocument code.
Package caption Info: End \AtBeginDocument code.
LaTeX Font Info:    Calculating math sizes for size <11> on input line 87.
LaTeX Font Info:    Trying to load font information for U+msa on input line 87.


(/usr/share/texlive/texmf-dist/tex/latex/amsfonts/umsa.fd
File: umsa.fd 2013/01/14 v3.01 AMS symbols A
)
LaTeX Font Info:    Trying to load font information for U+msb on input line 87.


(/usr/share/texlive/texmf-dist/tex/latex/amsfonts/umsb.fd
File: umsb.fd 2013/01/14 v3.01 AMS symbols B
)
Underfull \hbox (badness 2582) in paragraph at lines 135--136
[]\T1/ptm/m/n/10 Despite im-pres-sive clas-si-fi-ca-tion per-for-mance, ex-ist-
ing
 []

[1{/var/lib/texmf/fonts/map/pdftex/updmap/pdftex.map}{/usr/share/texlive/texmf-
dist/fonts/enc/dvips/base/8r.enc}


]
Underfull \hbox (badness 2980) in paragraph at lines 150--151
[]\T1/ptm/m/n/10 Rigorous sta-tis-ti-cal val-i-da-tion in-clud-ing Leave-One-
 []


Underfull \hbox (badness 2538) in paragraph at lines 213--214
 \T1/ptm/m/it/10 1) DEAP Dataset (Bench-mark -- Stress Proxy): [][][] \T1/ptm/m
/n/10 The
 []

[2]

Package natbib Warning: Citation `eegmat2024' on page 3 undefined on input line
 255.


Underfull \hbox (badness 2173) in paragraph at lines 255--256
 \T1/ptm/m/it/10 3) EEG-MAT Dataset (Sup-ple-men-tary): [][][] \T1/ptm/m/n/10 T
he EEG-MAT
 []


Underfull \hbox (badness 2922) in paragraph at lines 277--278
 \T1/ptm/m/it/10 4) Stress La-bel Def-i-ni-tion and Val-i-da-tion: [][][] \T1/p
tm/m/n/10 Ta-ble [][]VI[][]
 []

[3]
<figures_extracted/fig05_eeg_data_segments.png, id=626, 454.8192pt x 221.628pt>

File: figures_extracted/fig05_eeg_data_segments.png Graphic file (type png)
<use figures_extracted/fig05_eeg_data_segments.png>
Package pdftex.def Info: figures_extracted/fig05_eeg_data_segments.png  used on
 input line 475.
(pdftex.def)             Requested size: 464.39685pt x 226.29767pt.
<figures_extracted/fig06_system_block_diagram.png, id=629, 762.4485pt x 160.680
3pt>
File: figures_extracted/fig06_system_block_diagram.png Graphic file (type png)
<use figures_extracted/fig06_system_block_diagram.png>
Package pdftex.def Info: figures_extracted/fig06_system_block_diagram.png  used
 on input line 557.
(pdftex.def)             Requested size: 464.39685pt x 97.86772pt.
<figures_extracted/fig07_processing_flowchart.png, id=631, 479.391pt x 352.4367
pt>
File: figures_extracted/fig07_processing_flowchart.png Graphic file (type png)
<use figures_extracted/fig07_processing_flowchart.png>
Package pdftex.def Info: figures_extracted/fig07_processing_flowchart.png  used
 on input line 567.
(pdftex.def)             Requested size: 387.0pt x 284.52031pt.
 [4

] [5 <./figures_extracted/fig05_eeg_data_segments.png (PNG copy)>]
[6 <./figures_extracted/fig06_system_block_diagram.png (PNG copy)>] [7 <./figur
es_extracted/fig07_processing_flowchart.png (PNG copy)>]
Underfull \hbox (badness 10000) in paragraph at lines 583--584
[]\T1/ptm/b/n/10 Classification Head\T1/ptm/m/n/10 : Three fully-connected lay-
ers
 []


Underfull \hbox (badness 2042) in paragraph at lines 583--584
\T1/ptm/m/n/10 (128$\OMS/cmsy/m/n/10 !$\T1/ptm/m/n/10 64$\OMS/cmsy/m/n/10 !$\T1
/ptm/m/n/10 32$\OMS/cmsy/m/n/10 !$\T1/ptm/m/n/10 2) with ReLU and dropout. Pa-r
am-e-ters:
 []

<figures_extracted/fig08_layerwise_architecture.png, id=657, 285.2256pt x 566.8
377pt>
File: figures_extracted/fig08_layerwise_architecture.png Graphic file (type png
)
<use figures_extracted/fig08_layerwise_architecture.png>
Package pdftex.def Info: figures_extracted/fig08_layerwise_architecture.png  us
ed on input line 587.
(pdftex.def)             Requested size: 309.60315pt x 615.28934pt.

Underfull \hbox (badness 2343) in paragraph at lines 594--595
 \T1/ptm/m/it/10 3) RAG Pipeline: [][][] \T1/ptm/b/n/10 RAG-Specific Re-search 
Ques-tion\T1/ptm/m/n/10 :
 []


Underfull \hbox (badness 10000) in paragraph at lines 602--603
[]\T1/ptm/b/n/10 Output\T1/ptm/m/n/10 : Struc-tured nat-u-ral lan-guage ex-pla-
na-tion
 []

<figures_extracted/fig09_sequence_diagram.png, id=659, 522.2712pt x 420.1296pt>

File: figures_extracted/fig09_sequence_diagram.png Graphic file (type png)
<use figures_extracted/fig09_sequence_diagram.png>
Package pdftex.def Info: figures_extracted/fig09_sequence_diagram.png  used on 
input line 692.
(pdftex.def)             Requested size: 464.39685pt x 373.58722pt.
[8


] [9 <./figures_extracted/fig08_layerwise_architecture.png (PNG copy)>]
Overfull \hbox (2.25433pt too wide) in paragraph at lines 767--779
 [][] 
 []


Underfull \vbox (badness 10000) has occurred while \output is active []

 [10 <./figures_extracted/fig09_sequence_diagram.png (PNG copy)>]
<figures_extracted/fig01_learning_rate_sensitivity_analysis_across_three_da.png
, id=697, 366.4089pt x 162.6075pt>
File: figures_extracted/fig01_learning_rate_sensitivity_analysis_across_three_d
a.png Graphic file (type png)
<use figures_extracted/fig01_learning_rate_sensitivity_analysis_across_three_da
.png>
Package pdftex.def Info: figures_extracted/fig01_learning_rate_sensitivity_anal
ysis_across_three_da.png  used on input line 848.
(pdftex.def)             Requested size: 226.79846pt x 100.64937pt.
<figures_extracted/fig02_batch_size_impact_on_model_performance_optimal_bat.png
, id=698, 350.9913pt x 144.54pt>
File: figures_extracted/fig02_batch_size_impact_on_model_performance_optimal_ba
t.png Graphic file (type png)
<use figures_extracted/fig02_batch_size_impact_on_model_performance_optimal_bat
.png>
Package pdftex.def Info: figures_extracted/fig02_batch_size_impact_on_model_per
formance_optimal_bat.png  used on input line 855.
(pdftex.def)             Requested size: 226.79846pt x 93.39629pt.
<figures_extracted/fig03_dropout_rate_sensitivity_lower_dropout_leads_to_ov.png
, id=699, 352.9185pt x 152.7306pt>
File: figures_extracted/fig03_dropout_rate_sensitivity_lower_dropout_leads_to_o
v.png Graphic file (type png)
<use figures_extracted/fig03_dropout_rate_sensitivity_lower_dropout_leads_to_ov
.png>
Package pdftex.def Info: figures_extracted/fig03_dropout_rate_sensitivity_lower
_dropout_leads_to_ov.png  used on input line 862.
(pdftex.def)             Requested size: 226.79846pt x 98.15274pt.
<figures_extracted/fig04_hyperparameter_interaction_heatmap_showing_accurac.png
, id=700, 424.9476pt x 170.0754pt>
File: figures_extracted/fig04_hyperparameter_interaction_heatmap_showing_accura
c.png Graphic file (type png)
<use figures_extracted/fig04_hyperparameter_interaction_heatmap_showing_accurac
.png>
Package pdftex.def Info: figures_extracted/fig04_hyperparameter_interaction_hea
tmap_showing_accurac.png  used on input line 869.
(pdftex.def)             Requested size: 189.0pt x 75.64308pt.
 [11 <./figures_extracted/fig01_learning_rate_sensitivity_analysis_across_three
_da.png (PNG copy)> <./figures_extracted/fig02_batch_size_impact_on_model_perfo
rmance_optimal_bat.png (PNG copy)> <./figures_extracted/fig03_dropout_rate_sens
itivity_lower_dropout_leads_to_ov.png (PNG copy)> <./figures_extracted/fig04_hy
perparameter_interaction_heatmap_showing_accurac.png (PNG copy)>]
Underfull \vbox (badness 1902) has occurred while \output is active []


Underfull \hbox (badness 1968) in paragraph at lines 966--967
 \T1/ptm/m/it/10 4) Cross-Dataset Per-for-mance Sum-mary: [][][] \T1/ptm/m/n/10
 Ta-ble [][]XXVI[][]
 []


LaTeX Warning: Reference `tab:classification' on page 12 undefined on input lin
e 1139.


LaTeX Warning: Reference `tab:classification' on page 12 undefined on input lin
e 1139.

[12]
<figures_extracted/fig_precision_recall.png, id=731, 567.0786pt x 422.0568pt>
File: figures_extracted/fig_precision_recall.png Graphic file (type png)
<use figures_extracted/fig_precision_recall.png>
Package pdftex.def Info: figures_extracted/fig_precision_recall.png  used on in
put line 1196.
(pdftex.def)             Requested size: 226.79846pt x 168.8004pt.
<figures_extracted/fig_calibration.png, id=734, 903.1341pt x 295.5843pt>
File: figures_extracted/fig_calibration.png Graphic file (type png)
<use figures_extracted/fig_calibration.png>
Package pdftex.def Info: figures_extracted/fig_calibration.png  used on input l
ine 1207.
(pdftex.def)             Requested size: 226.79846pt x 74.22513pt.
 [13

] [14 <./figures_extracted/fig_precision_recall.png> <./figures_extracted/fig_c
alibration.png>]
Overfull \hbox (8.76555pt too wide) in paragraph at lines 1336--1345
 [][] 
 []


Overfull \hbox (8.76555pt too wide) in paragraph at lines 1351--1360
 [][] 
 []


Overfull \hbox (8.76555pt too wide) in paragraph at lines 1366--1375
 [][] 
 []


Overfull \hbox (7.97485pt too wide) in paragraph at lines 1385--1394
 [][] 
 []

[15


]
<figures_extracted/fig_topographical_maps.png, id=765, 999.0123pt x 598.3956pt>

File: figures_extracted/fig_topographical_maps.png Graphic file (type png)
<use figures_extracted/fig_topographical_maps.png>
Package pdftex.def Info: figures_extracted/fig_topographical_maps.png  used on 
input line 1459.
(pdftex.def)             Requested size: 239.39923pt x 143.3896pt.
<figures_extracted/fig_spectrograms.png, id=767, 1000.6986pt x 568.2831pt>
File: figures_extracted/fig_spectrograms.png Graphic file (type png)
<use figures_extracted/fig_spectrograms.png>
Package pdftex.def Info: figures_extracted/fig_spectrograms.png  used on input 
line 1470.
(pdftex.def)             Requested size: 239.39923pt x 135.94849pt.
 [16

 <./figures_extracted/fig_topographical_maps.png> <./figures_extracted/fig_spec
trograms.png>]

Package hyperref Warning: Token not allowed in a PDF string (Unicode):
(hyperref)                removing `math shift' on input line 1570.


Package hyperref Warning: Token not allowed in a PDF string (Unicode):
(hyperref)                removing `\times' on input line 1570.


Package hyperref Warning: Token not allowed in a PDF string (Unicode):
(hyperref)                removing `math shift' on input line 1570.


Underfull \hbox (badness 2150) in paragraph at lines 1570--1571
 \T1/ptm/m/it/10 3) Chan-nel $\OMS/cmsy/m/n/10 ^^B$ \T1/ptm/m/it/10 Band Im-por
-tance Ma-trix: [][][] \T1/ptm/m/n/10 Ta-ble [][]XLV[][]
 []

<figures_extracted/fig_shap_importance.png, id=780, 704.1507pt x 566.3559pt>
File: figures_extracted/fig_shap_importance.png Graphic file (type png)
<use figures_extracted/fig_shap_importance.png>
Package pdftex.def Info: figures_extracted/fig_shap_importance.png  used on inp
ut line 1605.
(pdftex.def)             Requested size: 239.39923pt x 192.5498pt.
<figures_extracted/fig_feature_correlation.png, id=782, 832.3095pt x 711.1368pt
>
File: figures_extracted/fig_feature_correlation.png Graphic file (type png)
<use figures_extracted/fig_feature_correlation.png>
Package pdftex.def Info: figures_extracted/fig_feature_correlation.png  used on
 input line 1616.
(pdftex.def)             Requested size: 239.39923pt x 204.54247pt.

Overfull \hbox (4.81331pt too wide) in paragraph at lines 1631--1640
 [][] 
 []

[17

 <./figures_extracted/fig_shap_importance.png>]
<figures_extracted/fig_component_importance.png, id=808, 711.3777pt x 422.0568p
t>
File: figures_extracted/fig_component_importance.png Graphic file (type png)
<use figures_extracted/fig_component_importance.png>
Package pdftex.def Info: figures_extracted/fig_component_importance.png  used o
n input line 1763.
(pdftex.def)             Requested size: 239.39923pt x 142.02907pt.
<figures_extracted/fig_cumulative_ablation.png, id=810, 703.6689pt x 423.2613pt
>
File: figures_extracted/fig_cumulative_ablation.png Graphic file (type png)
<use figures_extracted/fig_cumulative_ablation.png>
Package pdftex.def Info: figures_extracted/fig_cumulative_ablation.png  used on
 input line 1774.
(pdftex.def)             Requested size: 239.39923pt x 143.99734pt.
<figures_extracted/fig_component_interaction.png, id=812, 631.3989pt x 494.5677
pt>
File: figures_extracted/fig_component_interaction.png Graphic file (type png)
<use figures_extracted/fig_component_interaction.png>
Package pdftex.def Info: figures_extracted/fig_component_interaction.png  used 
on input line 1785.
(pdftex.def)             Requested size: 239.39923pt x 187.51506pt.
 [18 <./figures_extracted/fig_feature_correlation.png>]
Underfull \vbox (badness 10000) has occurred while \output is active []


Underfull \hbox (badness 1728) in paragraph at lines 1821--1822
 \T1/ptm/m/it/10 2) SAM-40 Dataset Sta-tis-ti-cal Ro-bust-ness: [][][] \T1/ptm/
m/n/10 Ta-ble [][]LIII[][]
 []


Underfull \hbox (badness 1596) in paragraph at lines 1825--1825
[]\T1/ptm/m/n/10 TABLE LIII: |Sta-tis-ti-cal Ro-bust-ness Anal-y-sis - SAM-40
 []


Underfull \vbox (badness 10000) has occurred while \output is active []

 [19 <./figures_extracted/fig_component_importance.png> <./figures_extracted/fi
g_cumulative_ablation.png> <./figures_extracted/fig_component_interaction.png>]

Underfull \hbox (badness 2027) in paragraph at lines 1846--1847
\T1/ptm/m/n/10 presents sta-tis-ti-cal ro-bust-ness met-rics for the EEG-MAT
 []


Underfull \hbox (badness 4316) in paragraph at lines 1875--1876
 \T1/ptm/m/it/10 1) DEAP Dataset Sta-tis-ti-cal Sig-nif-i-cance: [][][] \T1/ptm
/m/n/10 Ta-ble [][]LV[][]
 []


Underfull \hbox (badness 1377) in paragraph at lines 1895--1896
\T1/ptm/m/n/10 presents sta-tis-ti-cal sig-nif-i-cance anal-y-sis for the SAM-4
0
 []

<figures_extracted/fig_power_analysis.png, id=849, 999.735pt x 295.5843pt>
File: figures_extracted/fig_power_analysis.png Graphic file (type png)
<use figures_extracted/fig_power_analysis.png>
Package pdftex.def Info: figures_extracted/fig_power_analysis.png  used on inpu
t line 1968.
(pdftex.def)             Requested size: 239.39923pt x 70.77931pt.
<figures_extracted/fig_forest_plot.png, id=851, 711.1368pt x 568.7649pt>
File: figures_extracted/fig_forest_plot.png Graphic file (type png)
<use figures_extracted/fig_forest_plot.png>
Package pdftex.def Info: figures_extracted/fig_forest_plot.png  used on input l
ine 1979.
(pdftex.def)             Requested size: 239.39923pt x 191.4682pt.
<figures_extracted/fig_bland_altman.png, id=853, 999.735pt x 295.3434pt>
File: figures_extracted/fig_bland_altman.png Graphic file (type png)
<use figures_extracted/fig_bland_altman.png>
Package pdftex.def Info: figures_extracted/fig_bland_altman.png  used on input 
line 1990.
(pdftex.def)             Requested size: 239.39923pt x 70.72162pt.

Underfull \vbox (badness 1960) has occurred while \output is active []

 [20 <./figures_extracted/fig_power_analysis.png>]
Underfull \hbox (badness 1824) in paragraph at lines 2042--2043
[]\T1/ptm/b/n/10 Noise Ro-bust-ness\T1/ptm/m/n/10 : Clas-si-fi-ca-tion ac-cu-ra
cy re-mained
 []


Underfull \hbox (badness 1521) in paragraph at lines 2045--2046
[]\T1/ptm/b/n/10 Explainability Ac-cep-tance\T1/ptm/m/n/10 : Clin-i-cal re-view
-ers rated
 []


Underfull \hbox (badness 10000) in paragraph at lines 2052--2053
 \T1/ptm/m/it/10 1) Com-pre-hen-sive Eval-u-a-tion Sum-mary: [][][] \T1/ptm/m/n
/10 Fig-ure [][]27[][]
 []

<figures_extracted/fig_comprehensive_evaluation.png, id=871, 1045.7469pt x 678.
1335pt>
File: figures_extracted/fig_comprehensive_evaluation.png Graphic file (type png
)
<use figures_extracted/fig_comprehensive_evaluation.png>
Package pdftex.def Info: figures_extracted/fig_comprehensive_evaluation.png  us
ed on input line 2056.
(pdftex.def)             Requested size: 239.39923pt x 155.2431pt.
[21 <./figures_extracted/fig_forest_plot.png> <./figures_extracted/fig_bland_al
tman.png> <./figures_extracted/fig_comprehensive_evaluation.png>]
Overfull \hbox (73.07796pt too wide) in paragraph at lines 2252--2263
 [][] 
 []


Underfull \vbox (badness 10000) has occurred while \output is active []

 [22]
Underfull \hbox (badness 10000) in paragraph at lines 2351--2351
 \T1/ptm/m/it/10 T. Subject-Wise Per-for-mance Anal-y-sis (LOSO Cross-
 []


Underfull \hbox (badness 1939) in paragraph at lines 2361--2361
[]\T1/ptm/m/n/10 TABLE LXXVI: |LOSO Per-for-mance Anal-y-sis - DEAP
 []

[23]
Overfull \hbox (10.6659pt too wide) in paragraph at lines 2476--2487
 [][] 
 []


Underfull \hbox (badness 6526) in paragraph at lines 2501--2502
 \T1/ptm/m/it/10 5) Cross-Subject Gen-er-al-iza-tion Anal-y-sis: [][][] \T1/ptm
/m/n/10 Fig-ure [][]28[][]
 []

<figures_extracted/fig_cross_subject.png, id=916, 855.195pt x 369.2997pt>
File: figures_extracted/fig_cross_subject.png Graphic file (type png)
<use figures_extracted/fig_cross_subject.png>
Package pdftex.def Info: figures_extracted/fig_cross_subject.png  used on input
 line 2505.
(pdftex.def)             Requested size: 239.39923pt x 103.37503pt.
<figures_extracted/fig_learning_curves.png, id=918, 992.0262pt x 295.5843pt>
File: figures_extracted/fig_learning_curves.png Graphic file (type png)
<use figures_extracted/fig_learning_curves.png>
Package pdftex.def Info: figures_extracted/fig_learning_curves.png  used on inp
ut line 2516.
(pdftex.def)             Requested size: 239.39923pt x 71.32956pt.
<figures_extracted/fig_performance_distribution.png, id=920, 1000.6986pt x 369.
5406pt>
File: figures_extracted/fig_performance_distribution.png Graphic file (type png
)
<use figures_extracted/fig_performance_distribution.png>
Package pdftex.def Info: figures_extracted/fig_performance_distribution.png  us
ed on input line 2527.
(pdftex.def)             Requested size: 239.39923pt x 88.40398pt.
[24

 <./figures_extracted/fig_cross_subject.png> <./figures_extracted/fig_learning_
curves.png> <./figures_extracted/fig_performance_distribution.png>]
Underfull \hbox (badness 1917) in paragraph at lines 2626--2627
[]\T1/ptm/b/n/10 Text En-coder\T1/ptm/m/n/10 : 53,824 train-able pa-ram-e-ters 
(1.28M
 []

[25

]
Underfull \hbox (badness 1742) in paragraph at lines 2643--2643
[]\T1/ptm/m/n/10 TABLE LXXXVI: |RAG Ex-pla-na-tion Eval-u-a-tion Met-rics
 []


Underfull \hbox (badness 1371) in paragraph at lines 2663--2664
[]\T1/ptm/b/n/10 Hallucination Rate\T1/ptm/m/n/10 : Ex-pla-na-tions con-tain-in
g un-sup-
 []


Underfull \hbox (badness 2932) in paragraph at lines 2665--2666
[]\T1/ptm/b/n/10 Biomarker Cor-rect-ness\T1/ptm/m/n/10 : Named biomark-ers matc
h
 []


Overfull \hbox (7.57738pt too wide) in paragraph at lines 2676--2687
 [][] 
 []


Overfull \hbox (21.59859pt too wide) in paragraph at lines 2712--2722
 [][] 
 []


Overfull \hbox (11.31pt too wide) in paragraph at lines 2732--2743
 [][] 
 []


Overfull \hbox (42.38231pt too wide) in paragraph at lines 2751--2762
 [][] 
 []


Underfull \hbox (badness 3138) in paragraph at lines 2764--2765
 \T1/ptm/m/it/10 5) Knowl-edge Base Ab-la-tion: [][][] \T1/ptm/b/n/10 Find-ing\
T1/ptm/m/n/10 : EEG-specific,
 []


Overfull \hbox (50.83365pt too wide) in paragraph at lines 2796--2807
 [][] 
 []


Overfull \hbox (49.30185pt too wide) in paragraph at lines 2815--2826
 [][] 
 []

[26

]
Underfull \hbox (badness 10000) in paragraph at lines 2836--2836
[]\T1/ptm/m/n/10 TABLE XCV: |Sta-tis-ti-cal Com-par-i-son: EEG-Only vs.
 []


Underfull \hbox (badness 3058) in paragraph at lines 2856--2856
[]\T1/ptm/m/n/10 TABLE XCVI: |Subject-Wise RAG Ex-pla-na-tion Qual-ity
 []


Overfull \hbox (76.67018pt too wide) in paragraph at lines 2920--2930
 [][] 
 []

[27]
Underfull \hbox (badness 10000) in paragraph at lines 2989--2990
[]\T1/ptm/b/n/10 Phase 12 - Scal-a-bil-ity\T1/ptm/m/n/10 : La-tency per-centile
s
 []


Underfull \hbox (badness 6412) in paragraph at lines 3031--3032
[]\T1/ptm/m/n/10 The pro-posed GenAI-RAG-EEG ar-chi-tec-ture demon-
 []

[28] [29

]
Overfull \hbox (6.12117pt too wide) in paragraph at lines 3108--3117
 [][] 
 []


Underfull \hbox (badness 10000) in paragraph at lines 3119--3120
[]\T1/ptm/b/n/10 Transparent Ac-knowl-edg-ment\T1/ptm/m/n/10 : DEAP per-for-man
ce
 []


Overfull \hbox (9.7025pt too wide) in paragraph at lines 3129--3138
 [][] 
 []


Underfull \hbox (badness 2368) in paragraph at lines 3151--3152
[]\T1/ptm/b/n/10 Dataset Scope\T1/ptm/m/n/10 : Eval-u-a-tion lim-ited to three 
pub-lic
 []


Underfull \hbox (badness 1817) in paragraph at lines 3156--3157
[]\T1/ptm/b/n/10 Hardware De-pen-dency\T1/ptm/m/n/10 : Per-for-mance op-ti-mize
d for
 []

[30

]
Overfull \hbox (65.46996pt too wide) in paragraph at lines 3168--3180
 [][] 
 []


Overfull \hbox (30.0542pt too wide) in paragraph at lines 3196--3207
 [][] 
 []

LaTeX Font Info:    Trying to load font information for T1+pcr on input line 32
22.
(/usr/share/texlive/texmf-dist/tex/latex/psnfss/t1pcr.fd
File: t1pcr.fd 2001/06/04 font definitions for T1/pcr.
)
Underfull \hbox (badness 10000) in paragraph at lines 3227--3228
[]|\T1/pcr/m/n/8 Output JSON: {biomarker, regions, bands,
 []


Underfull \hbox (badness 10000) in paragraph at lines 3229--3230
[]|\T1/pcr/m/n/8 CONSTRAINTS: cite evidence only, use 10-20
 []


Underfull \vbox (badness 10000) has occurred while \output is active []


Underfull \hbox (badness 2564) in paragraph at lines 3276--3277
[]\T1/ptm/b/n/10 Secondary Con-tri-bu-tion\T1/ptm/m/n/10 : Com-pre-hen-sive eva
l-u-a-tion
 []

[31

]
Overfull \hbox (33.206pt too wide) in paragraph at lines 3326--3338
 [][] 
 []


Underfull \hbox (badness 2951) in paragraph at lines 3350--3351
[]\T1/ptm/b/n/10 Adaptive Per-son-al-iza-tion\T1/ptm/m/n/10 : Few-shot subject-
specific
 []

[32]

Package natbib Warning: There were undefined citations.

[33

] (./eeg-stress-rag-v2.aux)
 ***********
LaTeX2e <2023-11-01> patch level 1
L3 programming layer <2024-01-22>
 ***********


LaTeX Warning: There were undefined references.


LaTeX Warning: Label(s) may have changed. Rerun to get cross-references right.


Package rerunfilecheck Warning: File `eeg-stress-rag-v2.out' has changed.
(rerunfilecheck)                Rerun to get outlines right
(rerunfilecheck)                or use package `bookmark'.

Package rerunfilecheck Info: Checksums for `eeg-stress-rag-v2.out':
(rerunfilecheck)             Before: 9AE8D62BDAF6AA670A26EF2C1BD4C245;28318
(rerunfilecheck)             After:  07ED712BB4E17C06E87D0D7621E77420;29826.
 ) 
Here is how much of TeX's memory you used:
 37325 strings out of 474222
 866152 string characters out of 5748733
 1976975 words of memory out of 5000000
 58606 multiletter control sequences out of 15000+600000
 689386 words of font info for 197 fonts, out of 8000000 for 9000
 1141 hyphenation exceptions out of 8191
 84i,19n,87p,1778b,2372s stack positions out of 10000i,1000n,20000p,200000b,200000s

pdfTeX warning (dest): name{subsubsection.5.2.3} has been referenced but does n
ot exist, replaced by a fixed one


pdfTeX warning (dest): name{subsubsection.5.2.2} has been referenced but does n
ot exist, replaced by a fixed one


pdfTeX warning (dest): name{subsubsection.5.2.1} has been referenced but does n
ot exist, replaced by a fixed one


pdfTeX warning (dest): name{subsection.4.9} has been referenced but does not ex
ist, replaced by a fixed one


pdfTeX warning (dest): name{subsection.4.8} has been referenced but does not ex
ist, replaced by a fixed one


pdfTeX warning (dest): name{subsubsection.4.7.3} has been referenced but does n
ot exist, replaced by a fixed one


pdfTeX warning (dest): name{subsubsection.4.7.1} has been referenced but does n
ot exist, replaced by a fixed one


pdfTeX warning (dest): name{subsection.4.7} has been referenced but does not ex
ist, replaced by a fixed one


pdfTeX warning (dest): name{subsection.4.6} has been referenced but does not ex
ist, replaced by a fixed one


pdfTeX warning (dest): name{subsubsection.4.5.4} has been referenced but does n
ot exist, replaced by a fixed one


pdfTeX warning (dest): name{subsubsection.4.5.3} has been referenced but does n
ot exist, replaced by a fixed one


pdfTeX warning (dest): name{subsubsection.4.5.2} has been referenced but does n
ot exist, replaced by a fixed one


pdfTeX warning (dest): name{subsubsection.4.5.1} has been referenced but does n
ot exist, replaced by a fixed one

</usr/share/texlive/texmf-dist/fonts/type1/public/amsfonts/cm/cmbx10.pfb></usr/
share/texlive/texmf-dist/fonts/type1/public/amsfonts/cm/cmmi10.pfb></usr/share/
texlive/texmf-dist/fonts/type1/public/amsfonts/cm/cmmi6.pfb></usr/share/texlive
/texmf-dist/fonts/type1/public/amsfonts/cm/cmmi7.pfb></usr/share/texlive/texmf-
dist/fonts/type1/public/amsfonts/cm/cmmi8.pfb></usr/share/texlive/texmf-dist/fo
nts/type1/public/amsfonts/cm/cmmi9.pfb></usr/share/texlive/texmf-dist/fonts/typ
e1/public/amsfonts/cm/cmr10.pfb></usr/share/texlive/texmf-dist/fonts/type1/publ
ic/amsfonts/cm/cmr6.pfb></usr/share/texlive/texmf-dist/fonts/type1/public/amsfo
nts/cm/cmr7.pfb></usr/share/texlive/texmf-dist/fonts/type1/public/amsfonts/cm/c
mr8.pfb></usr/share/texlive/texmf-dist/fonts/type1/public/amsfonts/cm/cmr9.pfb>
</usr/share/texlive/texmf-dist/fonts/type1/public/amsfonts/cm/cmsy10.pfb></usr/
share/texlive/texmf-dist/fonts/type1/public/amsfonts/cm/cmsy6.pfb></usr/share/t
exlive/texmf-dist/fonts/type1/public/amsfonts/cm/cmsy7.pfb></usr/share/texlive/
texmf-dist/fonts/type1/public/amsfonts/cm/cmsy8.pfb></usr/share/texlive/texmf-d
ist/fonts/type1/public/amsfonts/symbols/msam10.pfb></usr/share/texlive/texmf-di
st/fonts/type1/public/amsfonts/symbols/msbm10.pfb></usr/share/texlive/texmf-dis
t/fonts/type1/urw/courier/ucrr8a.pfb></usr/share/texlive/texmf-dist/fonts/type1
/urw/times/utmb8a.pfb></usr/share/texlive/texmf-dist/fonts/type1/urw/times/utmb
i8a.pfb></usr/share/texlive/texmf-dist/fonts/type1/urw/times/utmr8a.pfb></usr/s
hare/texlive/texmf-dist/fonts/type1/urw/times/utmri8a.pfb>
Output written on eeg-stress-rag-v2.pdf (33 pages, 6978788 bytes).
PDF statistics:
 1204 PDF objects out of 1440 (max. 8388607)
 1073 compressed objects within 11 object streams
 362 named destinations out of 1000 (max. 500000)
 1210 words of extra memory for PDF output out of 10000 (max. 10000000)

