This is pdfTeX, Version 3.141592653-2.6-1.40.25 (TeX Live 2023/Debian) (preloaded format=pdflatex 2025.12.5)  3 JAN 2026 12:56
entering extended mode
 restricted \write18 enabled.
 %&-line parsing enabled.
**eeg-stress-rag.tex
(./eeg-stress-rag.tex
LaTeX2e <2023-11-01> patch level 1
L3 programming layer <2024-01-22>
(/usr/share/texlive/texmf-dist/tex/latex/ieeetran/IEEEtran.cls
Document Class: IEEEtran 2015/08/26 V1.8b by Michael Shell
-- See the "IEEEtran_HOWTO" manual for usage information.
-- http://www.michaelshell.org/tex/ieeetran/
\@IEEEtrantmpdimenA=\dimen140
\@IEEEtrantmpdimenB=\dimen141
\@IEEEtrantmpdimenC=\dimen142
\@IEEEtrantmpcountA=\count187
\@IEEEtrantmpcountB=\count188
\@IEEEtrantmpcountC=\count189
\@IEEEtrantmptoksA=\toks17
LaTeX Font Info:    Trying to load font information for OT1+ptm on input line 5
03.
(/usr/share/texlive/texmf-dist/tex/latex/psnfss/ot1ptm.fd
File: ot1ptm.fd 2001/06/04 font definitions for OT1/ptm.
)
-- Using 8.5in x 11in (letter) paper.
-- Using PDF output.
\@IEEEnormalsizeunitybaselineskip=\dimen143
-- This is a 10 point document.
\CLASSINFOnormalsizebaselineskip=\dimen144
\CLASSINFOnormalsizeunitybaselineskip=\dimen145
\IEEEnormaljot=\dimen146
LaTeX Font Info:    Font shape `OT1/ptm/bx/n' in size <5> not available
(Font)              Font shape `OT1/ptm/b/n' tried instead on input line 1090.
LaTeX Font Info:    Font shape `OT1/ptm/bx/it' in size <5> not available
(Font)              Font shape `OT1/ptm/b/it' tried instead on input line 1090.

LaTeX Font Info:    Font shape `OT1/ptm/bx/n' in size <7> not available
(Font)              Font shape `OT1/ptm/b/n' tried instead on input line 1090.
LaTeX Font Info:    Font shape `OT1/ptm/bx/it' in size <7> not available
(Font)              Font shape `OT1/ptm/b/it' tried instead on input line 1090.

LaTeX Font Info:    Font shape `OT1/ptm/bx/n' in size <8> not available
(Font)              Font shape `OT1/ptm/b/n' tried instead on input line 1090.
LaTeX Font Info:    Font shape `OT1/ptm/bx/it' in size <8> not available
(Font)              Font shape `OT1/ptm/b/it' tried instead on input line 1090.

LaTeX Font Info:    Font shape `OT1/ptm/bx/n' in size <9> not available
(Font)              Font shape `OT1/ptm/b/n' tried instead on input line 1090.
LaTeX Font Info:    Font shape `OT1/ptm/bx/it' in size <9> not available
(Font)              Font shape `OT1/ptm/b/it' tried instead on input line 1090.

LaTeX Font Info:    Font shape `OT1/ptm/bx/n' in size <10> not available
(Font)              Font shape `OT1/ptm/b/n' tried instead on input line 1090.
LaTeX Font Info:    Font shape `OT1/ptm/bx/it' in size <10> not available
(Font)              Font shape `OT1/ptm/b/it' tried instead on input line 1090.

LaTeX Font Info:    Font shape `OT1/ptm/bx/n' in size <11> not available
(Font)              Font shape `OT1/ptm/b/n' tried instead on input line 1090.
LaTeX Font Info:    Font shape `OT1/ptm/bx/it' in size <11> not available
(Font)              Font shape `OT1/ptm/b/it' tried instead on input line 1090.

LaTeX Font Info:    Font shape `OT1/ptm/bx/n' in size <12> not available
(Font)              Font shape `OT1/ptm/b/n' tried instead on input line 1090.
LaTeX Font Info:    Font shape `OT1/ptm/bx/it' in size <12> not available
(Font)              Font shape `OT1/ptm/b/it' tried instead on input line 1090.

LaTeX Font Info:    Font shape `OT1/ptm/bx/n' in size <17> not available
(Font)              Font shape `OT1/ptm/b/n' tried instead on input line 1090.
LaTeX Font Info:    Font shape `OT1/ptm/bx/it' in size <17> not available
(Font)              Font shape `OT1/ptm/b/it' tried instead on input line 1090.

LaTeX Font Info:    Font shape `OT1/ptm/bx/n' in size <20> not available
(Font)              Font shape `OT1/ptm/b/n' tried instead on input line 1090.
LaTeX Font Info:    Font shape `OT1/ptm/bx/it' in size <20> not available
(Font)              Font shape `OT1/ptm/b/it' tried instead on input line 1090.

LaTeX Font Info:    Font shape `OT1/ptm/bx/n' in size <24> not available
(Font)              Font shape `OT1/ptm/b/n' tried instead on input line 1090.
LaTeX Font Info:    Font shape `OT1/ptm/bx/it' in size <24> not available
(Font)              Font shape `OT1/ptm/b/it' tried instead on input line 1090.

\IEEEquantizedlength=\dimen147
\IEEEquantizedlengthdiff=\dimen148
\IEEEquantizedtextheightdiff=\dimen149
\IEEEilabelindentA=\dimen150
\IEEEilabelindentB=\dimen151
\IEEEilabelindent=\dimen152
\IEEEelabelindent=\dimen153
\IEEEdlabelindent=\dimen154
\IEEElabelindent=\dimen155
\IEEEiednormlabelsep=\dimen156
\IEEEiedmathlabelsep=\dimen157
\IEEEiedtopsep=\skip48
\c@section=\count190
\c@subsection=\count191
\c@subsubsection=\count192
\c@paragraph=\count193
\c@IEEEsubequation=\count194
\abovecaptionskip=\skip49
\belowcaptionskip=\skip50
\c@figure=\count195
\c@table=\count196
\@IEEEeqnnumcols=\count197
\@IEEEeqncolcnt=\count198
\@IEEEsubeqnnumrollback=\count199
\@IEEEquantizeheightA=\dimen158
\@IEEEquantizeheightB=\dimen159
\@IEEEquantizeheightC=\dimen160
\@IEEEquantizeprevdepth=\dimen161
\@IEEEquantizemultiple=\count266
\@IEEEquantizeboxA=\box51
\@IEEEtmpitemindent=\dimen162
\IEEEPARstartletwidth=\dimen163
\c@IEEEbiography=\count267
\@IEEEtranrubishbin=\box52
) (/usr/share/texlive/texmf-dist/tex/latex/base/inputenc.sty
Package: inputenc 2021/02/14 v1.3d Input encoding file
\inpenc@prehook=\toks18
\inpenc@posthook=\toks19
)
(/usr/share/texlive/texmf-dist/tex/latex/base/fontenc.sty
Package: fontenc 2021/04/29 v2.0v Standard LaTeX package
LaTeX Font Info:    Trying to load font information for T1+ptm on input line 11
2.

(/usr/share/texlive/texmf-dist/tex/latex/psnfss/t1ptm.fd
File: t1ptm.fd 2001/06/04 font definitions for T1/ptm.
))
(/usr/share/texlive/texmf-dist/tex/latex/psnfss/times.sty
Package: times 2020/03/25 PSNFSS-v9.3 (SPQR) 
)
(/usr/share/texlive/texmf-dist/tex/latex/graphics/graphicx.sty
Package: graphicx 2021/09/16 v1.2d Enhanced LaTeX Graphics (DPC,SPQR)

(/usr/share/texlive/texmf-dist/tex/latex/graphics/keyval.sty
Package: keyval 2022/05/29 v1.15 key=value parser (DPC)
\KV@toks@=\toks20
)
(/usr/share/texlive/texmf-dist/tex/latex/graphics/graphics.sty
Package: graphics 2022/03/10 v1.4e Standard LaTeX Graphics (DPC,SPQR)

(/usr/share/texlive/texmf-dist/tex/latex/graphics/trig.sty
Package: trig 2021/08/11 v1.11 sin cos tan (DPC)
)
(/usr/share/texlive/texmf-dist/tex/latex/graphics-cfg/graphics.cfg
File: graphics.cfg 2016/06/04 v1.11 sample graphics configuration
)
Package graphics Info: Driver file: pdftex.def on input line 107.

(/usr/share/texlive/texmf-dist/tex/latex/graphics-def/pdftex.def
File: pdftex.def 2022/09/22 v1.2b Graphics/color driver for pdftex
))
\Gin@req@height=\dimen164
\Gin@req@width=\dimen165
)
(/usr/share/texlive/texmf-dist/tex/latex/booktabs/booktabs.sty
Package: booktabs 2020/01/12 v1.61803398 Publication quality tables
\heavyrulewidth=\dimen166
\lightrulewidth=\dimen167
\cmidrulewidth=\dimen168
\belowrulesep=\dimen169
\belowbottomsep=\dimen170
\aboverulesep=\dimen171
\abovetopsep=\dimen172
\cmidrulesep=\dimen173
\cmidrulekern=\dimen174
\defaultaddspace=\dimen175
\@cmidla=\count268
\@cmidlb=\count269
\@aboverulesep=\dimen176
\@belowrulesep=\dimen177
\@thisruleclass=\count270
\@lastruleclass=\count271
\@thisrulewidth=\dimen178
)
(/usr/share/texlive/texmf-dist/tex/latex/tools/tabularx.sty
Package: tabularx 2023/07/08 v2.11c `tabularx' package (DPC)

(/usr/share/texlive/texmf-dist/tex/latex/tools/array.sty
Package: array 2023/10/16 v2.5g Tabular extension package (FMi)
\col@sep=\dimen179
\ar@mcellbox=\box53
\extrarowheight=\dimen180
\NC@list=\toks21
\extratabsurround=\skip51
\backup@length=\skip52
\ar@cellbox=\box54
)
\TX@col@width=\dimen181
\TX@old@table=\dimen182
\TX@old@col=\dimen183
\TX@target=\dimen184
\TX@delta=\dimen185
\TX@cols=\count272
\TX@ftn=\toks22
)
(/usr/share/texlive/texmf-dist/tex/latex/multirow/multirow.sty
Package: multirow 2021/03/15 v2.8 Span multiple rows of a table
\multirow@colwidth=\skip53
\multirow@cntb=\count273
\multirow@dima=\skip54
\bigstrutjot=\dimen186
)
(/usr/share/texlive/texmf-dist/tex/latex/xcolor/xcolor.sty
Package: xcolor 2023/11/15 v3.01 LaTeX color extensions (UK)

(/usr/share/texlive/texmf-dist/tex/latex/graphics-cfg/color.cfg
File: color.cfg 2016/01/02 v1.6 sample color configuration
)
Package xcolor Info: Driver file: pdftex.def on input line 274.

(/usr/share/texlive/texmf-dist/tex/latex/graphics/mathcolor.ltx)
Package xcolor Info: Model `cmy' substituted by `cmy0' on input line 1350.
Package xcolor Info: Model `hsb' substituted by `rgb' on input line 1354.
Package xcolor Info: Model `RGB' extended on input line 1366.
Package xcolor Info: Model `HTML' substituted by `rgb' on input line 1368.
Package xcolor Info: Model `Hsb' substituted by `hsb' on input line 1369.
Package xcolor Info: Model `tHsb' substituted by `hsb' on input line 1370.
Package xcolor Info: Model `HSB' substituted by `hsb' on input line 1371.
Package xcolor Info: Model `Gray' substituted by `gray' on input line 1372.
Package xcolor Info: Model `wave' substituted by `hsb' on input line 1373.
)
(/usr/share/texlive/texmf-dist/tex/latex/graphics/dvipsnam.def
File: dvipsnam.def 2016/06/17 v3.0m Driver-dependent file (DPC,SPQR)
)
(/usr/share/texlive/texmf-dist/tex/latex/xcolor/svgnam.def
File: svgnam.def 2023/11/15 v3.01 Predefined colors according to SVG 1.1 (UK)
)
(/usr/share/texlive/texmf-dist/tex/latex/colortbl/colortbl.sty
Package: colortbl 2022/06/20 v1.0f Color table columns (DPC)
\everycr=\toks23
\minrowclearance=\skip55
\rownum=\count274
)
(/usr/share/texlive/texmf-dist/tex/latex/pgf/frontendlayer/tikz.sty
(/usr/share/texlive/texmf-dist/tex/latex/pgf/basiclayer/pgf.sty
(/usr/share/texlive/texmf-dist/tex/latex/pgf/utilities/pgfrcs.sty
(/usr/share/texlive/texmf-dist/tex/generic/pgf/utilities/pgfutil-common.tex
\pgfutil@everybye=\toks24
\pgfutil@tempdima=\dimen187
\pgfutil@tempdimb=\dimen188
)
(/usr/share/texlive/texmf-dist/tex/generic/pgf/utilities/pgfutil-latex.def
\pgfutil@abb=\box55
)
(/usr/share/texlive/texmf-dist/tex/generic/pgf/utilities/pgfrcs.code.tex
(/usr/share/texlive/texmf-dist/tex/generic/pgf/pgf.revision.tex)
Package: pgfrcs 2023-01-15 v3.1.10 (3.1.10)
))
Package: pgf 2023-01-15 v3.1.10 (3.1.10)

(/usr/share/texlive/texmf-dist/tex/latex/pgf/basiclayer/pgfcore.sty
(/usr/share/texlive/texmf-dist/tex/latex/pgf/systemlayer/pgfsys.sty
(/usr/share/texlive/texmf-dist/tex/generic/pgf/systemlayer/pgfsys.code.tex
Package: pgfsys 2023-01-15 v3.1.10 (3.1.10)

(/usr/share/texlive/texmf-dist/tex/generic/pgf/utilities/pgfkeys.code.tex
\pgfkeys@pathtoks=\toks25
\pgfkeys@temptoks=\toks26

(/usr/share/texlive/texmf-dist/tex/generic/pgf/utilities/pgfkeyslibraryfiltered
.code.tex
\pgfkeys@tmptoks=\toks27
))
\pgf@x=\dimen189
\pgf@y=\dimen190
\pgf@xa=\dimen191
\pgf@ya=\dimen192
\pgf@xb=\dimen193
\pgf@yb=\dimen194
\pgf@xc=\dimen195
\pgf@yc=\dimen196
\pgf@xd=\dimen197
\pgf@yd=\dimen198
\w@pgf@writea=\write3
\r@pgf@reada=\read2
\c@pgf@counta=\count275
\c@pgf@countb=\count276
\c@pgf@countc=\count277
\c@pgf@countd=\count278
\t@pgf@toka=\toks28
\t@pgf@tokb=\toks29
\t@pgf@tokc=\toks30
\pgf@sys@id@count=\count279
 (/usr/share/texlive/texmf-dist/tex/generic/pgf/systemlayer/pgf.cfg
File: pgf.cfg 2023-01-15 v3.1.10 (3.1.10)
)
Driver file for pgf: pgfsys-pdftex.def
(/usr/share/texlive/texmf-dist/tex/generic/pgf/systemlayer/pgfsys-pdftex.def
File: pgfsys-pdftex.def 2023-01-15 v3.1.10 (3.1.10)

(/usr/share/texlive/texmf-dist/tex/generic/pgf/systemlayer/pgfsys-common-pdf.de
f
File: pgfsys-common-pdf.def 2023-01-15 v3.1.10 (3.1.10)
)))
(/usr/share/texlive/texmf-dist/tex/generic/pgf/systemlayer/pgfsyssoftpath.code.
tex
File: pgfsyssoftpath.code.tex 2023-01-15 v3.1.10 (3.1.10)
\pgfsyssoftpath@smallbuffer@items=\count280
\pgfsyssoftpath@bigbuffer@items=\count281
)
(/usr/share/texlive/texmf-dist/tex/generic/pgf/systemlayer/pgfsysprotocol.code.
tex
File: pgfsysprotocol.code.tex 2023-01-15 v3.1.10 (3.1.10)
))
(/usr/share/texlive/texmf-dist/tex/generic/pgf/basiclayer/pgfcore.code.tex
Package: pgfcore 2023-01-15 v3.1.10 (3.1.10)

(/usr/share/texlive/texmf-dist/tex/generic/pgf/math/pgfmath.code.tex
(/usr/share/texlive/texmf-dist/tex/generic/pgf/math/pgfmathutil.code.tex)
(/usr/share/texlive/texmf-dist/tex/generic/pgf/math/pgfmathparser.code.tex
\pgfmath@dimen=\dimen199
\pgfmath@count=\count282
\pgfmath@box=\box56
\pgfmath@toks=\toks31
\pgfmath@stack@operand=\toks32
\pgfmath@stack@operation=\toks33
)
(/usr/share/texlive/texmf-dist/tex/generic/pgf/math/pgfmathfunctions.code.tex)
(/usr/share/texlive/texmf-dist/tex/generic/pgf/math/pgfmathfunctions.basic.code
.tex)
(/usr/share/texlive/texmf-dist/tex/generic/pgf/math/pgfmathfunctions.trigonomet
ric.code.tex)
(/usr/share/texlive/texmf-dist/tex/generic/pgf/math/pgfmathfunctions.random.cod
e.tex)
(/usr/share/texlive/texmf-dist/tex/generic/pgf/math/pgfmathfunctions.comparison
.code.tex)
(/usr/share/texlive/texmf-dist/tex/generic/pgf/math/pgfmathfunctions.base.code.
tex)
(/usr/share/texlive/texmf-dist/tex/generic/pgf/math/pgfmathfunctions.round.code
.tex)
(/usr/share/texlive/texmf-dist/tex/generic/pgf/math/pgfmathfunctions.misc.code.
tex)
(/usr/share/texlive/texmf-dist/tex/generic/pgf/math/pgfmathfunctions.integerari
thmetics.code.tex)
(/usr/share/texlive/texmf-dist/tex/generic/pgf/math/pgfmathcalc.code.tex)
(/usr/share/texlive/texmf-dist/tex/generic/pgf/math/pgfmathfloat.code.tex
\c@pgfmathroundto@lastzeros=\count283
))
(/usr/share/texlive/texmf-dist/tex/generic/pgf/math/pgfint.code.tex)
(/usr/share/texlive/texmf-dist/tex/generic/pgf/basiclayer/pgfcorepoints.code.te
x
File: pgfcorepoints.code.tex 2023-01-15 v3.1.10 (3.1.10)
\pgf@picminx=\dimen256
\pgf@picmaxx=\dimen257
\pgf@picminy=\dimen258
\pgf@picmaxy=\dimen259
\pgf@pathminx=\dimen260
\pgf@pathmaxx=\dimen261
\pgf@pathminy=\dimen262
\pgf@pathmaxy=\dimen263
\pgf@xx=\dimen264
\pgf@xy=\dimen265
\pgf@yx=\dimen266
\pgf@yy=\dimen267
\pgf@zx=\dimen268
\pgf@zy=\dimen269
)
(/usr/share/texlive/texmf-dist/tex/generic/pgf/basiclayer/pgfcorepathconstruct.
code.tex
File: pgfcorepathconstruct.code.tex 2023-01-15 v3.1.10 (3.1.10)
\pgf@path@lastx=\dimen270
\pgf@path@lasty=\dimen271
)
(/usr/share/texlive/texmf-dist/tex/generic/pgf/basiclayer/pgfcorepathusage.code
.tex
File: pgfcorepathusage.code.tex 2023-01-15 v3.1.10 (3.1.10)
\pgf@shorten@end@additional=\dimen272
\pgf@shorten@start@additional=\dimen273
)
(/usr/share/texlive/texmf-dist/tex/generic/pgf/basiclayer/pgfcorescopes.code.te
x
File: pgfcorescopes.code.tex 2023-01-15 v3.1.10 (3.1.10)
\pgfpic=\box57
\pgf@hbox=\box58
\pgf@layerbox@main=\box59
\pgf@picture@serial@count=\count284
)
(/usr/share/texlive/texmf-dist/tex/generic/pgf/basiclayer/pgfcoregraphicstate.c
ode.tex
File: pgfcoregraphicstate.code.tex 2023-01-15 v3.1.10 (3.1.10)
\pgflinewidth=\dimen274
)
(/usr/share/texlive/texmf-dist/tex/generic/pgf/basiclayer/pgfcoretransformation
s.code.tex
File: pgfcoretransformations.code.tex 2023-01-15 v3.1.10 (3.1.10)
\pgf@pt@x=\dimen275
\pgf@pt@y=\dimen276
\pgf@pt@temp=\dimen277
)
(/usr/share/texlive/texmf-dist/tex/generic/pgf/basiclayer/pgfcorequick.code.tex
File: pgfcorequick.code.tex 2023-01-15 v3.1.10 (3.1.10)
)
(/usr/share/texlive/texmf-dist/tex/generic/pgf/basiclayer/pgfcoreobjects.code.t
ex
File: pgfcoreobjects.code.tex 2023-01-15 v3.1.10 (3.1.10)
)
(/usr/share/texlive/texmf-dist/tex/generic/pgf/basiclayer/pgfcorepathprocessing
.code.tex
File: pgfcorepathprocessing.code.tex 2023-01-15 v3.1.10 (3.1.10)
)
(/usr/share/texlive/texmf-dist/tex/generic/pgf/basiclayer/pgfcorearrows.code.te
x
File: pgfcorearrows.code.tex 2023-01-15 v3.1.10 (3.1.10)
\pgfarrowsep=\dimen278
)
(/usr/share/texlive/texmf-dist/tex/generic/pgf/basiclayer/pgfcoreshade.code.tex
File: pgfcoreshade.code.tex 2023-01-15 v3.1.10 (3.1.10)
\pgf@max=\dimen279
\pgf@sys@shading@range@num=\count285
\pgf@shadingcount=\count286
)
(/usr/share/texlive/texmf-dist/tex/generic/pgf/basiclayer/pgfcoreimage.code.tex
File: pgfcoreimage.code.tex 2023-01-15 v3.1.10 (3.1.10)
)
(/usr/share/texlive/texmf-dist/tex/generic/pgf/basiclayer/pgfcoreexternal.code.
tex
File: pgfcoreexternal.code.tex 2023-01-15 v3.1.10 (3.1.10)
\pgfexternal@startupbox=\box60
)
(/usr/share/texlive/texmf-dist/tex/generic/pgf/basiclayer/pgfcorelayers.code.te
x
File: pgfcorelayers.code.tex 2023-01-15 v3.1.10 (3.1.10)
)
(/usr/share/texlive/texmf-dist/tex/generic/pgf/basiclayer/pgfcoretransparency.c
ode.tex
File: pgfcoretransparency.code.tex 2023-01-15 v3.1.10 (3.1.10)
)
(/usr/share/texlive/texmf-dist/tex/generic/pgf/basiclayer/pgfcorepatterns.code.
tex
File: pgfcorepatterns.code.tex 2023-01-15 v3.1.10 (3.1.10)
)
(/usr/share/texlive/texmf-dist/tex/generic/pgf/basiclayer/pgfcorerdf.code.tex
File: pgfcorerdf.code.tex 2023-01-15 v3.1.10 (3.1.10)
)))
(/usr/share/texlive/texmf-dist/tex/generic/pgf/modules/pgfmoduleshapes.code.tex
File: pgfmoduleshapes.code.tex 2023-01-15 v3.1.10 (3.1.10)
\pgfnodeparttextbox=\box61
) (/usr/share/texlive/texmf-dist/tex/generic/pgf/modules/pgfmoduleplot.code.tex
File: pgfmoduleplot.code.tex 2023-01-15 v3.1.10 (3.1.10)
)
(/usr/share/texlive/texmf-dist/tex/latex/pgf/compatibility/pgfcomp-version-0-65
.sty
Package: pgfcomp-version-0-65 2023-01-15 v3.1.10 (3.1.10)
\pgf@nodesepstart=\dimen280
\pgf@nodesepend=\dimen281
)
(/usr/share/texlive/texmf-dist/tex/latex/pgf/compatibility/pgfcomp-version-1-18
.sty
Package: pgfcomp-version-1-18 2023-01-15 v3.1.10 (3.1.10)
)) (/usr/share/texlive/texmf-dist/tex/latex/pgf/utilities/pgffor.sty
(/usr/share/texlive/texmf-dist/tex/latex/pgf/utilities/pgfkeys.sty
(/usr/share/texlive/texmf-dist/tex/generic/pgf/utilities/pgfkeys.code.tex))
(/usr/share/texlive/texmf-dist/tex/latex/pgf/math/pgfmath.sty
(/usr/share/texlive/texmf-dist/tex/generic/pgf/math/pgfmath.code.tex))
(/usr/share/texlive/texmf-dist/tex/generic/pgf/utilities/pgffor.code.tex
Package: pgffor 2023-01-15 v3.1.10 (3.1.10)
\pgffor@iter=\dimen282
\pgffor@skip=\dimen283
\pgffor@stack=\toks34
\pgffor@toks=\toks35
))
(/usr/share/texlive/texmf-dist/tex/generic/pgf/frontendlayer/tikz/tikz.code.tex
Package: tikz 2023-01-15 v3.1.10 (3.1.10)

(/usr/share/texlive/texmf-dist/tex/generic/pgf/libraries/pgflibraryplothandlers
.code.tex
File: pgflibraryplothandlers.code.tex 2023-01-15 v3.1.10 (3.1.10)
\pgf@plot@mark@count=\count287
\pgfplotmarksize=\dimen284
)
\tikz@lastx=\dimen285
\tikz@lasty=\dimen286
\tikz@lastxsaved=\dimen287
\tikz@lastysaved=\dimen288
\tikz@lastmovetox=\dimen289
\tikz@lastmovetoy=\dimen290
\tikzleveldistance=\dimen291
\tikzsiblingdistance=\dimen292
\tikz@figbox=\box62
\tikz@figbox@bg=\box63
\tikz@tempbox=\box64
\tikz@tempbox@bg=\box65
\tikztreelevel=\count288
\tikznumberofchildren=\count289
\tikznumberofcurrentchild=\count290
\tikz@fig@count=\count291

(/usr/share/texlive/texmf-dist/tex/generic/pgf/modules/pgfmodulematrix.code.tex
File: pgfmodulematrix.code.tex 2023-01-15 v3.1.10 (3.1.10)
\pgfmatrixcurrentrow=\count292
\pgfmatrixcurrentcolumn=\count293
\pgf@matrix@numberofcolumns=\count294
)
\tikz@expandcount=\count295

(/usr/share/texlive/texmf-dist/tex/generic/pgf/frontendlayer/tikz/libraries/tik
zlibrarytopaths.code.tex
File: tikzlibrarytopaths.code.tex 2023-01-15 v3.1.10 (3.1.10)
)))
(/usr/share/texlive/texmf-dist/tex/latex/pgfplots/pgfplots.sty
(/usr/share/texlive/texmf-dist/tex/generic/pgfplots/pgfplots.revision.tex)
Package: pgfplots 2021/05/15 v1.18.1 Data Visualization (1.18.1)

(/usr/share/texlive/texmf-dist/tex/generic/pgfplots/pgfplots.code.tex
(/usr/share/texlive/texmf-dist/tex/generic/pgfplots/pgfplotscore.code.tex
\t@pgfplots@toka=\toks36
\t@pgfplots@tokb=\toks37
\t@pgfplots@tokc=\toks38
\pgfplots@tmpa=\dimen293
\c@pgfplots@coordindex=\count296
\c@pgfplots@scanlineindex=\count297

(/usr/share/texlive/texmf-dist/tex/generic/pgfplots/sys/pgfplotssysgeneric.code
.tex))
(/usr/share/texlive/texmf-dist/tex/generic/pgfplots/libs/pgfplotslibrary.code.t
ex)
(/usr/share/texlive/texmf-dist/tex/generic/pgfplots/oldpgfcompatib/pgfplotsoldp
gfsupp_loader.code.tex
(/usr/share/texlive/texmf-dist/tex/generic/pgf/libraries/pgflibraryfpu.code.tex
)
Package pgfplots: loading complementary utilities for your pgf version...
\t@pgf@toka=\toks39
\t@pgf@tokb=\toks40
\t@pgf@tokc=\toks41

(/usr/share/texlive/texmf-dist/tex/generic/pgfplots/oldpgfcompatib/pgfplotsoldp
gfsupp_pgfutil-common-lists.tex))
(/usr/share/texlive/texmf-dist/tex/generic/pgfplots/util/pgfplotsutil.code.tex
(/usr/share/texlive/texmf-dist/tex/generic/pgfplots/liststructure/pgfplotslists
tructure.code.tex)
(/usr/share/texlive/texmf-dist/tex/generic/pgfplots/liststructure/pgfplotslists
tructureext.code.tex)
(/usr/share/texlive/texmf-dist/tex/generic/pgfplots/liststructure/pgfplotsarray
.code.tex
\c@pgfplotsarray@tmp=\count298
)
(/usr/share/texlive/texmf-dist/tex/generic/pgfplots/liststructure/pgfplotsmatri
x.code.tex)
(/usr/share/texlive/texmf-dist/tex/generic/pgfplots/numtable/pgfplotstableshare
d.code.tex
\c@pgfplotstable@counta=\count299
\t@pgfplotstable@a=\toks42
)
(/usr/share/texlive/texmf-dist/tex/generic/pgfplots/liststructure/pgfplotsdeque
.code.tex)
(/usr/share/texlive/texmf-dist/tex/generic/pgfplots/util/pgfplotsbinary.code.te
x
(/usr/share/texlive/texmf-dist/tex/generic/pgfplots/util/pgfplotsbinary.data.co
de.tex))
(/usr/share/texlive/texmf-dist/tex/generic/pgfplots/util/pgfplotsutil.verb.code
.tex)
(/usr/share/texlive/texmf-dist/tex/generic/pgfplots/libs/pgflibrarypgfplots.sur
fshading.code.tex
\c@pgfplotslibrarysurf@no=\count300

(/usr/share/texlive/texmf-dist/tex/generic/pgfplots/sys/pgflibrarypgfplots.surf
shading.pgfsys-pdftex.def)))
(/usr/share/texlive/texmf-dist/tex/generic/pgfplots/util/pgfplotscolormap.code.
tex
(/usr/share/texlive/texmf-dist/tex/generic/pgfplots/util/pgfplotscolor.code.tex
))
(/usr/share/texlive/texmf-dist/tex/generic/pgfplots/pgfplotsstackedplots.code.t
ex)
(/usr/share/texlive/texmf-dist/tex/generic/pgfplots/pgfplotsplothandlers.code.t
ex
(/usr/share/texlive/texmf-dist/tex/generic/pgfplots/pgfplotsmeshplothandler.cod
e.tex
(/usr/share/texlive/texmf-dist/tex/generic/pgfplots/pgfplotsmeshplotimage.code.
tex)))
(/usr/share/texlive/texmf-dist/tex/generic/pgfplots/pgfplots.scaling.code.tex)
(/usr/share/texlive/texmf-dist/tex/generic/pgfplots/pgfplotscoordprocessing.cod
e.tex)
(/usr/share/texlive/texmf-dist/tex/generic/pgfplots/pgfplots.errorbars.code.tex
) (/usr/share/texlive/texmf-dist/tex/generic/pgfplots/pgfplots.markers.code.tex
) (/usr/share/texlive/texmf-dist/tex/generic/pgfplots/pgfplotsticks.code.tex)
(/usr/share/texlive/texmf-dist/tex/generic/pgfplots/pgfplots.paths.code.tex)
(/usr/share/texlive/texmf-dist/tex/generic/pgf/frontendlayer/tikz/libraries/tik
zlibrarydecorations.code.tex
(/usr/share/texlive/texmf-dist/tex/generic/pgf/modules/pgfmoduledecorations.cod
e.tex
\pgfdecoratedcompleteddistance=\dimen294
\pgfdecoratedremainingdistance=\dimen295
\pgfdecoratedinputsegmentcompleteddistance=\dimen296
\pgfdecoratedinputsegmentremainingdistance=\dimen297
\pgf@decorate@distancetomove=\dimen298
\pgf@decorate@repeatstate=\count301
\pgfdecorationsegmentamplitude=\dimen299
\pgfdecorationsegmentlength=\dimen300
)
\tikz@lib@dec@box=\box66
)
(/usr/share/texlive/texmf-dist/tex/generic/pgf/frontendlayer/tikz/libraries/tik
zlibrarydecorations.pathmorphing.code.tex
(/usr/share/texlive/texmf-dist/tex/generic/pgf/libraries/decorations/pgflibrary
decorations.pathmorphing.code.tex))
(/usr/share/texlive/texmf-dist/tex/generic/pgf/frontendlayer/tikz/libraries/tik
zlibrarydecorations.pathreplacing.code.tex
(/usr/share/texlive/texmf-dist/tex/generic/pgf/libraries/decorations/pgflibrary
decorations.pathreplacing.code.tex))
(/usr/share/texlive/texmf-dist/tex/generic/pgfplots/libs/tikzlibrarypgfplots.co
ntourlua.code.tex)
\pgfplots@numplots=\count302
\pgfplots@xmin@reg=\dimen301
\pgfplots@xmax@reg=\dimen302
\pgfplots@ymin@reg=\dimen303
\pgfplots@ymax@reg=\dimen304
\pgfplots@zmin@reg=\dimen305
\pgfplots@zmax@reg=\dimen306
)
(/usr/share/texlive/texmf-dist/tex/generic/pgf/frontendlayer/tikz/libraries/tik
zlibraryplotmarks.code.tex
File: tikzlibraryplotmarks.code.tex 2023-01-15 v3.1.10 (3.1.10)

(/usr/share/texlive/texmf-dist/tex/generic/pgf/libraries/pgflibraryplotmarks.co
de.tex
File: pgflibraryplotmarks.code.tex 2023-01-15 v3.1.10 (3.1.10)
)))
(/usr/share/texlive/texmf-dist/tex/generic/pgf/frontendlayer/tikz/libraries/tik
zlibraryshapes.geometric.code.tex
File: tikzlibraryshapes.geometric.code.tex 2023-01-15 v3.1.10 (3.1.10)

(/usr/share/texlive/texmf-dist/tex/generic/pgf/libraries/shapes/pgflibraryshape
s.geometric.code.tex
File: pgflibraryshapes.geometric.code.tex 2023-01-15 v3.1.10 (3.1.10)
))
(/usr/share/texlive/texmf-dist/tex/generic/pgf/libraries/pgflibraryarrows.meta.
code.tex
File: pgflibraryarrows.meta.code.tex 2023-01-15 v3.1.10 (3.1.10)
\pgfarrowinset=\dimen307
\pgfarrowlength=\dimen308
\pgfarrowwidth=\dimen309
\pgfarrowlinewidth=\dimen310
)
(/usr/share/texlive/texmf-dist/tex/generic/pgf/frontendlayer/tikz/libraries/tik
zlibrarypositioning.code.tex
File: tikzlibrarypositioning.code.tex 2023-01-15 v3.1.10 (3.1.10)
)
(/usr/share/texlive/texmf-dist/tex/generic/pgf/frontendlayer/tikz/libraries/tik
zlibrarycalc.code.tex
File: tikzlibrarycalc.code.tex 2023-01-15 v3.1.10 (3.1.10)
)
(/usr/share/texlive/texmf-dist/tex/generic/pgf/frontendlayer/tikz/libraries/tik
zlibrarypatterns.code.tex
File: tikzlibrarypatterns.code.tex 2023-01-15 v3.1.10 (3.1.10)

(/usr/share/texlive/texmf-dist/tex/generic/pgf/libraries/pgflibrarypatterns.cod
e.tex
File: pgflibrarypatterns.code.tex 2023-01-15 v3.1.10 (3.1.10)
))
(/usr/share/texlive/texmf-dist/tex/generic/pgf/frontendlayer/tikz/libraries/tik
zlibraryfit.code.tex
File: tikzlibraryfit.code.tex 2023-01-15 v3.1.10 (3.1.10)
)
(/usr/share/texlive/texmf-dist/tex/generic/pgf/frontendlayer/tikz/libraries/tik
zlibrarybackgrounds.code.tex
File: tikzlibrarybackgrounds.code.tex 2023-01-15 v3.1.10 (3.1.10)
\pgf@layerbox@background=\box67
\pgf@layerboxsaved@background=\box68
)
(/usr/share/texlive/texmf-dist/tex/generic/pgf/frontendlayer/tikz/libraries/tik
zlibrarymatrix.code.tex
File: tikzlibrarymatrix.code.tex 2023-01-15 v3.1.10 (3.1.10)
)
(/usr/share/texlive/texmf-dist/tex/generic/pgf/frontendlayer/tikz/libraries/tik
zlibrarychains.code.tex
File: tikzlibrarychains.code.tex 2023-01-15 v3.1.10 (3.1.10)
)
(/usr/share/texlive/texmf-dist/tex/latex/amsmath/amsmath.sty
Package: amsmath 2023/05/13 v2.17o AMS math features
\@mathmargin=\skip56

For additional information on amsmath, use the `?' option.
(/usr/share/texlive/texmf-dist/tex/latex/amsmath/amstext.sty
Package: amstext 2021/08/26 v2.01 AMS text

(/usr/share/texlive/texmf-dist/tex/latex/amsmath/amsgen.sty
File: amsgen.sty 1999/11/30 v2.0 generic functions
\@emptytoks=\toks43
\ex@=\dimen311
))
(/usr/share/texlive/texmf-dist/tex/latex/amsmath/amsbsy.sty
Package: amsbsy 1999/11/29 v1.2d Bold Symbols
\pmbraise@=\dimen312
)
(/usr/share/texlive/texmf-dist/tex/latex/amsmath/amsopn.sty
Package: amsopn 2022/04/08 v2.04 operator names
)
\inf@bad=\count303
LaTeX Info: Redefining \frac on input line 234.
\uproot@=\count304
\leftroot@=\count305
LaTeX Info: Redefining \overline on input line 399.
LaTeX Info: Redefining \colon on input line 410.
\classnum@=\count306
\DOTSCASE@=\count307
LaTeX Info: Redefining \ldots on input line 496.
LaTeX Info: Redefining \dots on input line 499.
LaTeX Info: Redefining \cdots on input line 620.
\Mathstrutbox@=\box69
\strutbox@=\box70
LaTeX Info: Redefining \big on input line 722.
LaTeX Info: Redefining \Big on input line 723.
LaTeX Info: Redefining \bigg on input line 724.
LaTeX Info: Redefining \Bigg on input line 725.
\big@size=\dimen313
LaTeX Font Info:    Redeclaring font encoding OML on input line 743.
LaTeX Font Info:    Redeclaring font encoding OMS on input line 744.
\macc@depth=\count308
LaTeX Info: Redefining \bmod on input line 905.
LaTeX Info: Redefining \pmod on input line 910.
LaTeX Info: Redefining \smash on input line 940.
LaTeX Info: Redefining \relbar on input line 970.
LaTeX Info: Redefining \Relbar on input line 971.
\c@MaxMatrixCols=\count309
\dotsspace@=\muskip16
\c@parentequation=\count310
\dspbrk@lvl=\count311
\tag@help=\toks44
\row@=\count312
\column@=\count313
\maxfields@=\count314
\andhelp@=\toks45
\eqnshift@=\dimen314
\alignsep@=\dimen315
\tagshift@=\dimen316
\tagwidth@=\dimen317
\totwidth@=\dimen318
\lineht@=\dimen319
\@envbody=\toks46
\multlinegap=\skip57
\multlinetaggap=\skip58
\mathdisplay@stack=\toks47
LaTeX Info: Redefining \[ on input line 2953.
LaTeX Info: Redefining \] on input line 2954.
)
(/usr/share/texlive/texmf-dist/tex/latex/amsfonts/amssymb.sty
Package: amssymb 2013/01/14 v3.01 AMS font symbols

(/usr/share/texlive/texmf-dist/tex/latex/amsfonts/amsfonts.sty
Package: amsfonts 2013/01/14 v3.01 Basic AMSFonts support
\symAMSa=\mathgroup4
\symAMSb=\mathgroup5
LaTeX Font Info:    Redeclaring math symbol \hbar on input line 98.
LaTeX Font Info:    Overwriting math alphabet `\mathfrak' in version `bold'
(Font)                  U/euf/m/n --> U/euf/b/n on input line 106.
))
(/usr/share/texlive/texmf-dist/tex/latex/algorithms/algorithmic.sty
Package: algorithmic 2009/08/24 v0.1 Document Style `algorithmic'

(/usr/share/texlive/texmf-dist/tex/latex/base/ifthen.sty
Package: ifthen 2022/04/13 v1.1d Standard LaTeX ifthen package (DPC)
)
\c@ALC@unique=\count315
\c@ALC@line=\count316
\c@ALC@rem=\count317
\c@ALC@depth=\count318
\ALC@tlm=\skip59
\algorithmicindent=\skip60
)
(/usr/share/texlive/texmf-dist/tex/latex/algorithms/algorithm.sty
Package: algorithm 2009/08/24 v0.1 Document Style `algorithm' - floating enviro
nment

(/usr/share/texlive/texmf-dist/tex/latex/float/float.sty
Package: float 2001/11/08 v1.3d Float enhancements (AL)
\c@float@type=\count319
\float@exts=\toks48
\float@box=\box71
\@float@everytoks=\toks49
\@floatcapt=\box72
)
\@float@every@algorithm=\toks50
\c@algorithm=\count320
)
(/usr/share/texlive/texmf-dist/tex/latex/hyperref/hyperref.sty
Package: hyperref 2024-01-20 v7.01h Hypertext links for LaTeX

(/usr/share/texlive/texmf-dist/tex/generic/iftex/iftex.sty
Package: iftex 2022/02/03 v1.0f TeX engine tests
)
(/usr/share/texlive/texmf-dist/tex/latex/kvsetkeys/kvsetkeys.sty
Package: kvsetkeys 2022-10-05 v1.19 Key value parser (HO)
)
(/usr/share/texlive/texmf-dist/tex/generic/kvdefinekeys/kvdefinekeys.sty
Package: kvdefinekeys 2019-12-19 v1.6 Define keys (HO)
)
(/usr/share/texlive/texmf-dist/tex/generic/pdfescape/pdfescape.sty
Package: pdfescape 2019/12/09 v1.15 Implements pdfTeX's escape features (HO)

(/usr/share/texlive/texmf-dist/tex/generic/ltxcmds/ltxcmds.sty
Package: ltxcmds 2023-12-04 v1.26 LaTeX kernel commands for general use (HO)
)
(/usr/share/texlive/texmf-dist/tex/generic/pdftexcmds/pdftexcmds.sty
Package: pdftexcmds 2020-06-27 v0.33 Utility functions of pdfTeX for LuaTeX (HO
)

(/usr/share/texlive/texmf-dist/tex/generic/infwarerr/infwarerr.sty
Package: infwarerr 2019/12/03 v1.5 Providing info/warning/error messages (HO)
)
Package pdftexcmds Info: \pdf@primitive is available.
Package pdftexcmds Info: \pdf@ifprimitive is available.
Package pdftexcmds Info: \pdfdraftmode found.
))
(/usr/share/texlive/texmf-dist/tex/latex/hycolor/hycolor.sty
Package: hycolor 2020-01-27 v1.10 Color options for hyperref/bookmark (HO)
)
(/usr/share/texlive/texmf-dist/tex/latex/auxhook/auxhook.sty
Package: auxhook 2019-12-17 v1.6 Hooks for auxiliary files (HO)
)
(/usr/share/texlive/texmf-dist/tex/latex/hyperref/nameref.sty
Package: nameref 2023-11-26 v2.56 Cross-referencing by name of section

(/usr/share/texlive/texmf-dist/tex/latex/refcount/refcount.sty
Package: refcount 2019/12/15 v3.6 Data extraction from label references (HO)
)
(/usr/share/texlive/texmf-dist/tex/generic/gettitlestring/gettitlestring.sty
Package: gettitlestring 2019/12/15 v1.6 Cleanup title references (HO)

(/usr/share/texlive/texmf-dist/tex/latex/kvoptions/kvoptions.sty
Package: kvoptions 2022-06-15 v3.15 Key value format for package options (HO)
))
\c@section@level=\count321
)
(/usr/share/texlive/texmf-dist/tex/latex/etoolbox/etoolbox.sty
Package: etoolbox 2020/10/05 v2.5k e-TeX tools for LaTeX (JAW)
\etb@tempcnta=\count322
)
\@linkdim=\dimen320
\Hy@linkcounter=\count323
\Hy@pagecounter=\count324

(/usr/share/texlive/texmf-dist/tex/latex/hyperref/pd1enc.def
File: pd1enc.def 2024-01-20 v7.01h Hyperref: PDFDocEncoding definition (HO)
Now handling font encoding PD1 ...
... no UTF-8 mapping file for font encoding PD1
)
(/usr/share/texlive/texmf-dist/tex/generic/intcalc/intcalc.sty
Package: intcalc 2019/12/15 v1.3 Expandable calculations with integers (HO)
)
\Hy@SavedSpaceFactor=\count325

(/usr/share/texlive/texmf-dist/tex/latex/hyperref/puenc.def
File: puenc.def 2024-01-20 v7.01h Hyperref: PDF Unicode definition (HO)
Now handling font encoding PU ...
... no UTF-8 mapping file for font encoding PU
)
Package hyperref Info: Hyper figures OFF on input line 4179.
Package hyperref Info: Link nesting OFF on input line 4184.
Package hyperref Info: Hyper index ON on input line 4187.
Package hyperref Info: Plain pages OFF on input line 4194.
Package hyperref Info: Backreferencing OFF on input line 4199.
Package hyperref Info: Implicit mode ON; LaTeX internals redefined.
Package hyperref Info: Bookmarks ON on input line 4446.
\c@Hy@tempcnt=\count326

(/usr/share/texlive/texmf-dist/tex/latex/url/url.sty
\Urlmuskip=\muskip17
Package: url 2013/09/16  ver 3.4  Verb mode for urls, etc.
)
LaTeX Info: Redefining \url on input line 4784.
\XeTeXLinkMargin=\dimen321

(/usr/share/texlive/texmf-dist/tex/generic/bitset/bitset.sty
Package: bitset 2019/12/09 v1.3 Handle bit-vector datatype (HO)

(/usr/share/texlive/texmf-dist/tex/generic/bigintcalc/bigintcalc.sty
Package: bigintcalc 2019/12/15 v1.5 Expandable calculations on big integers (HO
)
))
\Fld@menulength=\count327
\Field@Width=\dimen322
\Fld@charsize=\dimen323
Package hyperref Info: Hyper figures OFF on input line 6063.
Package hyperref Info: Link nesting OFF on input line 6068.
Package hyperref Info: Hyper index ON on input line 6071.
Package hyperref Info: backreferencing OFF on input line 6078.
Package hyperref Info: Link coloring OFF on input line 6083.
Package hyperref Info: Link coloring with OCG OFF on input line 6088.
Package hyperref Info: PDF/A mode OFF on input line 6093.

(/usr/share/texlive/texmf-dist/tex/latex/base/atbegshi-ltx.sty
Package: atbegshi-ltx 2021/01/10 v1.0c Emulation of the original atbegshi
package with kernel methods
)
\Hy@abspage=\count328
\c@Item=\count329
\c@Hfootnote=\count330
)
Package hyperref Info: Driver (autodetected): hpdftex.

(/usr/share/texlive/texmf-dist/tex/latex/hyperref/hpdftex.def
File: hpdftex.def 2024-01-20 v7.01h Hyperref driver for pdfTeX

(/usr/share/texlive/texmf-dist/tex/latex/base/atveryend-ltx.sty
Package: atveryend-ltx 2020/08/19 v1.0a Emulation of the original atveryend pac
kage
with kernel methods
)
\Fld@listcount=\count331
\c@bookmark@seq@number=\count332

(/usr/share/texlive/texmf-dist/tex/latex/rerunfilecheck/rerunfilecheck.sty
Package: rerunfilecheck 2022-07-10 v1.10 Rerun checks for auxiliary files (HO)

(/usr/share/texlive/texmf-dist/tex/generic/uniquecounter/uniquecounter.sty
Package: uniquecounter 2019/12/15 v1.4 Provide unlimited unique counter (HO)
)
Package uniquecounter Info: New unique counter `rerunfilecheck' on input line 2
85.
)
\Hy@SectionHShift=\skip61
)
(/usr/share/texlive/texmf-dist/tex/latex/enumitem/enumitem.sty
Package: enumitem 2019/06/20 v3.9 Customized lists
\labelindent=\skip62
\enit@outerparindent=\dimen324
\enit@toks=\toks51
\enit@inbox=\box73
\enit@count@id=\count333
\enitdp@description=\count334
)
(/usr/share/texlive/texmf-dist/tex/latex/caption/caption.sty
Package: caption 2023/08/05 v3.6o Customizing captions (AR)

(/usr/share/texlive/texmf-dist/tex/latex/caption/caption3.sty
Package: caption3 2023/07/31 v2.4d caption3 kernel (AR)
\caption@tempdima=\dimen325
\captionmargin=\dimen326
\caption@leftmargin=\dimen327
\caption@rightmargin=\dimen328
\caption@width=\dimen329
\caption@indent=\dimen330
\caption@parindent=\dimen331
\caption@hangindent=\dimen332
Package caption Info: Unknown document class (or package),
(caption)             standard defaults will be used.
Package caption Info: \@makecaption = \long macro:#1#2->\ifx \@captype \@IEEEta
blestring \footnotesize \bgroup \par \centering \@IEEEtabletopskipstrut {\norma
lfont \footnotesize #1}\\{\normalfont \footnotesize \scshape #2}\par \addvspace
 {0.5\baselineskip }\egroup \@IEEEtablecaptionsepspace \else \@IEEEfigurecaptio
nsepspace \setbox \@tempboxa \hbox {\normalfont \footnotesize {#1.}\nobreakspac
e \nobreakspace #2}\ifdim \wd \@tempboxa >\hsize \setbox \@tempboxa \hbox {\nor
malfont \footnotesize {#1.}\nobreakspace \nobreakspace }\parbox [t]{\hsize }{\n
ormalfont \footnotesize \noindent \unhbox \@tempboxa #2}\else \ifCLASSOPTIONcon
ference \hbox to\hsize {\normalfont \footnotesize \hfil \box \@tempboxa \hfil }
\else \hbox to\hsize {\normalfont \footnotesize \box \@tempboxa \hfil }\fi \fi 
\fi  on input line 1175.
)

Package caption Warning: Unknown document class (or package),
(caption)                standard defaults will be used.
See the caption package documentation for explanation.

\c@caption@flags=\count335
\c@continuedfloat=\count336
Package caption Info: float package is loaded.
Package caption Info: hyperref package is loaded.
) (/usr/share/texlive/texmf-dist/tex/latex/natbib/natbib.sty
Package: natbib 2010/09/13 8.31b (PWD, AO)
\bibhang=\skip63
\bibsep=\skip64
LaTeX Info: Redefining \cite on input line 694.
\c@NAT@ctr=\count337
)
(/usr/share/texlive/texmf-dist/tex/latex/tools/bm.sty
Package: bm 2023/07/08 v1.2f Bold Symbol Support (DPC/FMi)
\symboldoperators=\mathgroup6
\symboldletters=\mathgroup7
\symboldsymbols=\mathgroup8
Package bm Info: No bold for \OMX/cmex/m/n, using \pmb.
Package bm Info: No bold for \U/msa/m/n, using \pmb.
Package bm Info: No bold for \U/msb/m/n, using \pmb.
LaTeX Font Info:    Redeclaring math alphabet \mathbf on input line 149.
)
(/usr/share/texlive/texmf-dist/tex/latex/caption/subcaption.sty
Package: subcaption 2023/07/28 v1.6b Sub-captions (AR)
Package caption Info: New subtype `subfigure' on input line 238.
\c@subfigure=\count338
Package caption Info: New subtype `subtable' on input line 238.
\c@subtable=\count339
)
Package hyperref Info: Option `colorlinks' set `true' on input line 49.

(/usr/share/texlive/texmf-dist/tex/latex/l3backend/l3backend-pdftex.def
File: l3backend-pdftex.def 2024-01-04 L3 backend support: PDF output (pdfTeX)
\l__color_backend_stack_int=\count340
\l__pdf_internal_box=\box74
)
(./eeg-stress-rag.aux

LaTeX Warning: Label `tab:eegmat' multiply defined.

)
\openout1 = `eeg-stress-rag.aux'.

LaTeX Font Info:    Checking defaults for OML/cmm/m/it on input line 51.
LaTeX Font Info:    ... okay on input line 51.
LaTeX Font Info:    Checking defaults for OMS/cmsy/m/n on input line 51.
LaTeX Font Info:    ... okay on input line 51.
LaTeX Font Info:    Checking defaults for OT1/cmr/m/n on input line 51.
LaTeX Font Info:    ... okay on input line 51.
LaTeX Font Info:    Checking defaults for T1/cmr/m/n on input line 51.
LaTeX Font Info:    ... okay on input line 51.
LaTeX Font Info:    Checking defaults for TS1/cmr/m/n on input line 51.
LaTeX Font Info:    ... okay on input line 51.
LaTeX Font Info:    Checking defaults for OMX/cmex/m/n on input line 51.
LaTeX Font Info:    ... okay on input line 51.
LaTeX Font Info:    Checking defaults for U/cmr/m/n on input line 51.
LaTeX Font Info:    ... okay on input line 51.
LaTeX Font Info:    Checking defaults for PD1/pdf/m/n on input line 51.
LaTeX Font Info:    ... okay on input line 51.
LaTeX Font Info:    Checking defaults for PU/pdf/m/n on input line 51.
LaTeX Font Info:    ... okay on input line 51.

-- Lines per column: 58 (exact).
(/usr/share/texlive/texmf-dist/tex/context/base/mkii/supp-pdf.mkii
[Loading MPS to PDF converter (version 2006.09.02).]
\scratchcounter=\count341
\scratchdimen=\dimen333
\scratchbox=\box75
\nofMPsegments=\count342
\nofMParguments=\count343
\everyMPshowfont=\toks52
\MPscratchCnt=\count344
\MPscratchDim=\dimen334
\MPnumerator=\count345
\makeMPintoPDFobject=\count346
\everyMPtoPDFconversion=\toks53
) (/usr/share/texlive/texmf-dist/tex/latex/epstopdf-pkg/epstopdf-base.sty
Package: epstopdf-base 2020-01-24 v2.11 Base part for package epstopdf
Package epstopdf-base Info: Redefining graphics rule for `.eps' on input line 4
85.

(/usr/share/texlive/texmf-dist/tex/latex/latexconfig/epstopdf-sys.cfg
File: epstopdf-sys.cfg 2010/07/13 v1.3 Configuration of (r)epstopdf for TeX Liv
e
))
Package pgfplots notification 'compat/show suggested version=true': document ha
s been generated with the most recent feature set (\pgfplotsset{compat=1.18}).

Package hyperref Info: Link coloring ON on input line 51.
(./eeg-stress-rag.out) (./eeg-stress-rag.out)
\@outlinefile=\write4
\openout4 = `eeg-stress-rag.out'.

Package caption Info: Begin \AtBeginDocument code.
Package caption Info: End \AtBeginDocument code.
LaTeX Font Info:    Calculating math sizes for size <11> on input line 74.
LaTeX Font Info:    Trying to load font information for U+msa on input line 74.


(/usr/share/texlive/texmf-dist/tex/latex/amsfonts/umsa.fd
File: umsa.fd 2013/01/14 v3.01 AMS symbols A
)
LaTeX Font Info:    Trying to load font information for U+msb on input line 74.


(/usr/share/texlive/texmf-dist/tex/latex/amsfonts/umsb.fd
File: umsb.fd 2013/01/14 v3.01 AMS symbols B
) [1{/var/lib/texmf/fonts/map/pdftex/updmap/pdftex.map}{/usr/share/texlive/texm
f-dist/fonts/enc/dvips/base/8r.enc}


]
Underfull \hbox (badness 2582) in paragraph at lines 109--110
[]\T1/ptm/m/n/10 Lawhern et al. [[]] in-tro-duced EEG-Net, a com-pact
 []

[2]
Underfull \hbox (badness 3407) in paragraph at lines 150--151
[]\T1/ptm/m/n/10 Comprehensive eval-u-a-tion on three pub-lic datasets
 []

<figures_extracted/fig42_dataset_comparison.png, id=349, 972.9951pt x 836.1639p
t>
File: figures_extracted/fig42_dataset_comparison.png Graphic file (type png)
<use figures_extracted/fig42_dataset_comparison.png>
Package pdftex.def Info: figures_extracted/fig42_dataset_comparison.png  used o
n input line 237.
(pdftex.def)             Requested size: 490.19843pt x 421.27061pt.
<figures_extracted/fig05_eeg_data_segments.png, id=352, 454.8192pt x 221.628pt>

File: figures_extracted/fig05_eeg_data_segments.png Graphic file (type png)
<use figures_extracted/fig05_eeg_data_segments.png>
Package pdftex.def Info: figures_extracted/fig05_eeg_data_segments.png  used on
 input line 248.
(pdftex.def)             Requested size: 464.39685pt x 226.29767pt.
<figures_extracted/fig20_preprocessing_flowchart.png, id=353, 1004.553pt x 715.
473pt>
File: figures_extracted/fig20_preprocessing_flowchart.png Graphic file (type pn
g)
<use figures_extracted/fig20_preprocessing_flowchart.png>
Package pdftex.def Info: figures_extracted/fig20_preprocessing_flowchart.png  u
sed on input line 256.
(pdftex.def)             Requested size: 490.19843pt x 349.13286pt.
<figures_extracted/fig28_1d_to_2d_conversion.png, id=354, 847.2453pt x 643.203p
t>
File: figures_extracted/fig28_1d_to_2d_conversion.png Graphic file (type png)
<use figures_extracted/fig28_1d_to_2d_conversion.png>
Package pdftex.def Info: figures_extracted/fig28_1d_to_2d_conversion.png  used 
on input line 264.
(pdftex.def)             Requested size: 490.19843pt x 372.14525pt.
LaTeX Font Info:    Trying to load font information for TS1+ptm on input line 2
65.
(/usr/share/texlive/texmf-dist/tex/latex/psnfss/ts1ptm.fd
File: ts1ptm.fd 2001/06/04 font definitions for TS1/ptm.
)
<figures_extracted/fig29_fourier_transform.png, id=355, 1004.553pt x 570.2103pt
>
File: figures_extracted/fig29_fourier_transform.png Graphic file (type png)
<use figures_extracted/fig29_fourier_transform.png>
Package pdftex.def Info: figures_extracted/fig29_fourier_transform.png  used on
 input line 272.
(pdftex.def)             Requested size: 490.19843pt x 278.24829pt.
<figures_extracted/fig30_normalization_standardization.png, id=356, 1149.093pt 
x 570.2103pt>
File: figures_extracted/fig30_normalization_standardization.png Graphic file (t
ype png)
<use figures_extracted/fig30_normalization_standardization.png>
Package pdftex.def Info: figures_extracted/fig30_normalization_standardization.
png  used on input line 280.
(pdftex.def)             Requested size: 490.19843pt x 243.25409pt.
<figures_extracted/fig31_eda_visualization.png, id=357, 974.9223pt x 806.0514pt
>
File: figures_extracted/fig31_eda_visualization.png Graphic file (type png)
<use figures_extracted/fig31_eda_visualization.png>
Package pdftex.def Info: figures_extracted/fig31_eda_visualization.png  used on
 input line 288.
(pdftex.def)             Requested size: 490.19843pt x 405.2878pt.
<figures_extracted/fig34_filter_pipeline.png, id=358, 1076.5821pt x 870.3717pt>

File: figures_extracted/fig34_filter_pipeline.png Graphic file (type png)
<use figures_extracted/fig34_filter_pipeline.png>
Package pdftex.def Info: figures_extracted/fig34_filter_pipeline.png  used on i
nput line 296.
(pdftex.def)             Requested size: 490.19843pt x 396.29863pt.
<figures_extracted/fig38_timefreq_comparison.png, id=359, 970.3452pt x 906.7476
pt>
File: figures_extracted/fig38_timefreq_comparison.png Graphic file (type png)
<use figures_extracted/fig38_timefreq_comparison.png>
Package pdftex.def Info: figures_extracted/fig38_timefreq_comparison.png  used 
on input line 304.
(pdftex.def)             Requested size: 490.19843pt x 458.07687pt.
<figures_extracted/fig39_eeg_to_2d_image.png, id=360, 952.0368pt x 830.3823pt>
File: figures_extracted/fig39_eeg_to_2d_image.png Graphic file (type png)
<use figures_extracted/fig39_eeg_to_2d_image.png>
Package pdftex.def Info: figures_extracted/fig39_eeg_to_2d_image.png  used on i
nput line 312.
(pdftex.def)             Requested size: 490.19843pt x 427.55663pt.
<figures_extracted/fig40_tf_features.png, id=361, 951.0732pt x 671.6292pt>
File: figures_extracted/fig40_tf_features.png Graphic file (type png)
<use figures_extracted/fig40_tf_features.png>
Package pdftex.def Info: figures_extracted/fig40_tf_features.png  used on input
 line 320.
(pdftex.def)             Requested size: 490.19843pt x 346.16447pt.
<figures_extracted/fig06_system_block_diagram.png, id=363, 762.4485pt x 160.680
3pt>
File: figures_extracted/fig06_system_block_diagram.png Graphic file (type png)
<use figures_extracted/fig06_system_block_diagram.png>
Package pdftex.def Info: figures_extracted/fig06_system_block_diagram.png  used
 on input line 337.
(pdftex.def)             Requested size: 464.39685pt x 97.86772pt.
<figures_extracted/fig07_processing_flowchart.png, id=365, 479.391pt x 352.4367
pt>
File: figures_extracted/fig07_processing_flowchart.png Graphic file (type png)
<use figures_extracted/fig07_processing_flowchart.png>
Package pdftex.def Info: figures_extracted/fig07_processing_flowchart.png  used
 on input line 348.
(pdftex.def)             Requested size: 387.0pt x 284.52031pt.
<figures_extracted/fig08_layerwise_architecture.png, id=367, 285.2256pt x 566.8
377pt>
File: figures_extracted/fig08_layerwise_architecture.png Graphic file (type png
)
<use figures_extracted/fig08_layerwise_architecture.png>
Package pdftex.def Info: figures_extracted/fig08_layerwise_architecture.png  us
ed on input line 359.
(pdftex.def)             Requested size: 309.60315pt x 615.28934pt.
<figures_extracted/fig09_sequence_diagram.png, id=369, 522.2712pt x 420.1296pt>

File: figures_extracted/fig09_sequence_diagram.png Graphic file (type png)
<use figures_extracted/fig09_sequence_diagram.png>
Package pdftex.def Info: figures_extracted/fig09_sequence_diagram.png  used on 
input line 370.
(pdftex.def)             Requested size: 464.39685pt x 373.58722pt.
 [3]
Underfull \vbox (badness 10000) has occurred while \output is active []


Underfull \vbox (badness 10000) has occurred while \output is active []

 [4 <./figures_extracted/fig42_dataset_comparison.png>]
<figures_extracted/fig01_learning_rate_sensitivity_analysis_across_three_da.png
, id=402, 366.4089pt x 162.6075pt>
File: figures_extracted/fig01_learning_rate_sensitivity_analysis_across_three_d
a.png Graphic file (type png)
<use figures_extracted/fig01_learning_rate_sensitivity_analysis_across_three_da
.png>
Package pdftex.def Info: figures_extracted/fig01_learning_rate_sensitivity_anal
ysis_across_three_da.png  used on input line 466.
(pdftex.def)             Requested size: 252.0pt x 111.83455pt.

Underfull \vbox (badness 10000) has occurred while \output is active []

<figures_extracted/fig02_batch_size_impact_on_model_performance_optimal_bat.png
, id=403, 350.9913pt x 144.54pt>
File: figures_extracted/fig02_batch_size_impact_on_model_performance_optimal_ba
t.png Graphic file (type png)
<use figures_extracted/fig02_batch_size_impact_on_model_performance_optimal_bat
.png>
Package pdftex.def Info: figures_extracted/fig02_batch_size_impact_on_model_per
formance_optimal_bat.png  used on input line 475.
(pdftex.def)             Requested size: 252.0pt x 103.77538pt.
<figures_extracted/fig03_dropout_rate_sensitivity_lower_dropout_leads_to_ov.png
, id=404, 352.9185pt x 152.7306pt>
File: figures_extracted/fig03_dropout_rate_sensitivity_lower_dropout_leads_to_o
v.png Graphic file (type png)
<use figures_extracted/fig03_dropout_rate_sensitivity_lower_dropout_leads_to_ov
.png>
Package pdftex.def Info: figures_extracted/fig03_dropout_rate_sensitivity_lower
_dropout_leads_to_ov.png  used on input line 484.
(pdftex.def)             Requested size: 252.0pt x 109.05939pt.

Underfull \vbox (badness 10000) has occurred while \output is active []

 [5 <./figures_extracted/fig05_eeg_data_segments.png (PNG copy)> <./figures_ext
racted/fig01_learning_rate_sensitivity_analysis_across_three_da.png (PNG copy)>
 <./figures_extracted/fig02_batch_size_impact_on_model_performance_optimal_bat.
png (PNG copy)>]
<figures_extracted/fig04_hyperparameter_interaction_heatmap_showing_accurac.png
, id=420, 424.9476pt x 170.0754pt>
File: figures_extracted/fig04_hyperparameter_interaction_heatmap_showing_accura
c.png Graphic file (type png)
<use figures_extracted/fig04_hyperparameter_interaction_heatmap_showing_accurac
.png>
Package pdftex.def Info: figures_extracted/fig04_hyperparameter_interaction_hea
tmap_showing_accurac.png  used on input line 493.
(pdftex.def)             Requested size: 201.60077pt x 80.68542pt.

Underfull \vbox (badness 10000) has occurred while \output is active []

<figures_extracted/fig10_roc_curves.png, id=421, 842.4273pt x 308.8338pt>
File: figures_extracted/fig10_roc_curves.png Graphic file (type png)
<use figures_extracted/fig10_roc_curves.png>
Package pdftex.def Info: figures_extracted/fig10_roc_curves.png  used on input 
line 527.
(pdftex.def)             Requested size: 490.19843pt x 179.70805pt.
 [6 <./figures_extracted/fig20_preprocessing_flowchart.png> <./figures_extracte
d/fig03_dropout_rate_sensitivity_lower_dropout_leads_to_ov.png (PNG copy)> <./f
igures_extracted/fig04_hyperparameter_interaction_heatmap_showing_accurac.png (
PNG copy)>]
<figures_extracted/fig11_confusion_matrices.png, id=432, 1075.8594pt x 297.2706
pt>
File: figures_extracted/fig11_confusion_matrices.png Graphic file (type png)
<use figures_extracted/fig11_confusion_matrices.png>
Package pdftex.def Info: figures_extracted/fig11_confusion_matrices.png  used o
n input line 559.
(pdftex.def)             Requested size: 490.19843pt x 135.4443pt.
<figures_extracted/fig13_baseline_comparison.png, id=440, 860.013pt x 426.1521p
t>
File: figures_extracted/fig13_baseline_comparison.png Graphic file (type png)
<use figures_extracted/fig13_baseline_comparison.png>
Package pdftex.def Info: figures_extracted/fig13_baseline_comparison.png  used 
on input line 595.
(pdftex.def)             Requested size: 490.19843pt x 242.90271pt.
<figures_extracted/fig23_ablation_visualization.png, id=441, 860.013pt x 426.39
3pt>
File: figures_extracted/fig23_ablation_visualization.png Graphic file (type png
)
<use figures_extracted/fig23_ablation_visualization.png>
Package pdftex.def Info: figures_extracted/fig23_ablation_visualization.png  us
ed on input line 627.
(pdftex.def)             Requested size: 252.0pt x 124.93903pt.

Underfull \vbox (badness 10000) has occurred while \output is active []

 [7 <./figures_extracted/fig28_1d_to_2d_conversion.png>]
Overfull \vbox (36.0798pt too high) has occurred while \output is active []

<figures_extracted/fig33_feature_selection.png, id=451, 1079.7138pt x 711.8595p
t>
File: figures_extracted/fig33_feature_selection.png Graphic file (type png)
<use figures_extracted/fig33_feature_selection.png>
Package pdftex.def Info: figures_extracted/fig33_feature_selection.png  used on
 input line 635.
(pdftex.def)             Requested size: 490.19843pt x 323.19054pt.
<figures_extracted/fig41_electrode_importance.png, id=452, 969.8634pt x 737.876
7pt>
File: figures_extracted/fig41_electrode_importance.png Graphic file (type png)
<use figures_extracted/fig41_electrode_importance.png>
Package pdftex.def Info: figures_extracted/fig41_electrode_importance.png  used
 on input line 643.
(pdftex.def)             Requested size: 490.19843pt x 372.94566pt.
<figures_extracted/fig32_model_selection.png, id=453, 1076.823pt x 711.8595pt>
File: figures_extracted/fig32_model_selection.png Graphic file (type png)
<use figures_extracted/fig32_model_selection.png>
Package pdftex.def Info: figures_extracted/fig32_model_selection.png  used on i
nput line 651.
(pdftex.def)             Requested size: 490.19843pt x 324.05951pt.

Underfull \vbox (badness 10000) has occurred while \output is active []

 [8 <./figures_extracted/fig29_fourier_transform.png> <./figures_extracted/fig2
3_ablation_visualization.png>]
<figures_extracted/fig45_model_complexity.png, id=465, 979.4994pt x 749.6808pt>

File: figures_extracted/fig45_model_complexity.png Graphic file (type png)
<use figures_extracted/fig45_model_complexity.png>
Package pdftex.def Info: figures_extracted/fig45_model_complexity.png  used on 
input line 689.
(pdftex.def)             Requested size: 490.19843pt x 375.19409pt.
<figures_extracted/fig24_transfer_heatmap.png, id=467, 510.4671pt x 426.393pt>
File: figures_extracted/fig24_transfer_heatmap.png Graphic file (type png)
<use figures_extracted/fig24_transfer_heatmap.png>
Package pdftex.def Info: figures_extracted/fig24_transfer_heatmap.png  used on 
input line 726.
(pdftex.def)             Requested size: 226.79846pt x 189.44824pt.

Underfull \vbox (badness 10000) has occurred while \output is active []

 [9 <./figures_extracted/fig30_normalization_standardization.png> <./figures_ex
tracted/fig24_transfer_heatmap.png>]
Underfull \hbox (badness 10000) in paragraph at lines 747--748
[]\T1/ptm/b/n/10 Classification Head\T1/ptm/m/n/10 : Three fully-connected lay-
ers
 []


Underfull \hbox (badness 4792) in paragraph at lines 747--748
\T1/ptm/m/n/10 (128$\OMS/cmsy/m/n/10 !$\T1/ptm/m/n/10 64$\OMS/cmsy/m/n/10 !$\T1
/ptm/m/n/10 32$\OMS/cmsy/m/n/10 !$\T1/ptm/m/n/10 2) with ReLU ac-ti-va-tions an
d dropout
 []

<figures_extracted/fig16_attention_heatmap.png, id=477, 860.013pt x 372.1905pt>

File: figures_extracted/fig16_attention_heatmap.png Graphic file (type png)
<use figures_extracted/fig16_attention_heatmap.png>
Package pdftex.def Info: figures_extracted/fig16_attention_heatmap.png  used on
 input line 754.
(pdftex.def)             Requested size: 490.19843pt x 212.14511pt.
<figures_extracted/fig43_gradcam_saliency.png, id=478, 959.7456pt x 795.2109pt>

File: figures_extracted/fig43_gradcam_saliency.png Graphic file (type png)
<use figures_extracted/fig43_gradcam_saliency.png>
Package pdftex.def Info: figures_extracted/fig43_gradcam_saliency.png  used on 
input line 762.
(pdftex.def)             Requested size: 490.19843pt x 406.17104pt.
[10 <./figures_extracted/fig31_eda_visualization.png>]
<figures_extracted/fig21_rag_pipeline_flowchart.png, id=485, 1004.553pt x 570.9
33pt>
File: figures_extracted/fig21_rag_pipeline_flowchart.png Graphic file (type png
)
<use figures_extracted/fig21_rag_pipeline_flowchart.png>
Package pdftex.def Info: figures_extracted/fig21_rag_pipeline_flowchart.png  us
ed on input line 780.
(pdftex.def)             Requested size: 490.19843pt x 278.60095pt.
<figures_extracted/fig27_inference_flowchart.png, id=486, 1142.1069pt x 426.393
pt>
File: figures_extracted/fig27_inference_flowchart.png Graphic file (type png)
<use figures_extracted/fig27_inference_flowchart.png>
Package pdftex.def Info: figures_extracted/fig27_inference_flowchart.png  used 
on input line 788.
(pdftex.def)             Requested size: 490.19843pt x 183.00708pt.
<figures_extracted/fig12_training_curves.png, id=487, 859.7721pt x 519.6213pt>
File: figures_extracted/fig12_training_curves.png Graphic file (type png)
<use figures_extracted/fig12_training_curves.png>
Package pdftex.def Info: figures_extracted/fig12_training_curves.png  used on i
nput line 800.
(pdftex.def)             Requested size: 490.19843pt x 296.2665pt.
<figures_extracted/fig35_training_process.png, id=488, 966.9726pt x 835.2003pt>

File: figures_extracted/fig35_training_process.png Graphic file (type png)
<use figures_extracted/fig35_training_process.png>
Package pdftex.def Info: figures_extracted/fig35_training_process.png  used on 
input line 808.
(pdftex.def)             Requested size: 490.19843pt x 423.39769pt.
<figures_extracted/fig44_augmentation_effects.png, id=489, 1019.007pt x 851.099
7pt>
File: figures_extracted/fig44_augmentation_effects.png Graphic file (type png)
<use figures_extracted/fig44_augmentation_effects.png>
Package pdftex.def Info: figures_extracted/fig44_augmentation_effects.png  used
 on input line 816.
(pdftex.def)             Requested size: 490.19843pt x 409.4193pt.
LaTeX Info: Symbol \textrightarrow not provided by
            font family ptm in TS1 encoding.
            Default family used instead on input line 817.
LaTeX Info: Symbol \textrightarrow not provided by
            font family ptm in TS1 encoding.
            Default family used instead on input line 817.
<figures_extracted/fig36_evaluation_dashboard.png, id=490, 1002.8667pt x 791.11
56pt>
File: figures_extracted/fig36_evaluation_dashboard.png Graphic file (type png)
<use figures_extracted/fig36_evaluation_dashboard.png>
Package pdftex.def Info: figures_extracted/fig36_evaluation_dashboard.png  used
 on input line 824.
(pdftex.def)             Requested size: 490.19843pt x 386.6964pt.

Underfull \hbox (badness 10000) in paragraph at lines 839--840
[]\T1/ptm/b/n/10 Cross-Validation Pro-to-col\T1/ptm/m/n/10 : Strat-i-fied 10-fo
ld cross-
 []


Underfull \hbox (badness 1668) in paragraph at lines 839--840
\T1/ptm/m/n/10 validation pre-serves class dis-tri-bu-tion across folds, with
 []


Underfull \hbox (badness 4899) in paragraph at lines 839--840
\T1/ptm/m/n/10 CV). Leave-one-subject-out (LOSO) eval-u-a-tion as-sesses
 []

[11 <./figures_extracted/fig34_filter_pipeline.png>] [12 <./figures_extracted/f
ig38_timefreq_comparison.png>]
Underfull \vbox (badness 10000) has occurred while \output is active []

 [13 <./figures_extracted/fig39_eeg_to_2d_image.png>]

LaTeX Warning: Text page 14 contains only floats.

[14 <./figures_extracted/fig40_tf_features.png> <./figures_extracted/fig06_syst
em_block_diagram.png (PNG copy)>]
<figures_extracted/fig18_band_power_chart.png, id=528, 715.473pt x 426.393pt>
File: figures_extracted/fig18_band_power_chart.png Graphic file (type png)
<use figures_extracted/fig18_band_power_chart.png>
Package pdftex.def Info: figures_extracted/fig18_band_power_chart.png  used on 
input line 950.
(pdftex.def)             Requested size: 252.0pt x 150.17668pt.

Underfull \vbox (badness 10000) has occurred while \output is active []

<figures_extracted/fig17_topographical_map.png, id=529, 860.013pt x 289.5618pt>

File: figures_extracted/fig17_topographical_map.png Graphic file (type png)
<use figures_extracted/fig17_topographical_map.png>
Package pdftex.def Info: figures_extracted/fig17_topographical_map.png  used on
 input line 958.
(pdftex.def)             Requested size: 490.19843pt x 165.04752pt.
 [15 <./figures_extracted/fig07_processing_flowchart.png (PNG copy)> <./figures
_extracted/fig18_band_power_chart.png>]
Underfull \vbox (badness 10000) has occurred while \output is active []


Underfull \vbox (badness 10000) has occurred while \output is active []

 [16 <./figures_extracted/fig08_layerwise_architecture.png (PNG copy)>]
<figures_extracted/fig14_loso_boxplots.png, id=540, 860.013pt x 372.1905pt>
File: figures_extracted/fig14_loso_boxplots.png Graphic file (type png)
<use figures_extracted/fig14_loso_boxplots.png>
Package pdftex.def Info: figures_extracted/fig14_loso_boxplots.png  used on inp
ut line 979.
(pdftex.def)             Requested size: 490.19843pt x 212.14511pt.
<figures_extracted/fig46_subject_variability.png, id=541, 973.236pt x 722.9409p
t>
File: figures_extracted/fig46_subject_variability.png Graphic file (type png)
<use figures_extracted/fig46_subject_variability.png>
Package pdftex.def Info: figures_extracted/fig46_subject_variability.png  used 
on input line 987.
(pdftex.def)             Requested size: 490.19843pt x 364.12807pt.
<figures_extracted/fig22_radar_comparison.png, id=543, 708.4869pt x 570.933pt>
File: figures_extracted/fig22_radar_comparison.png Graphic file (type png)
<use figures_extracted/fig22_radar_comparison.png>
Package pdftex.def Info: figures_extracted/fig22_radar_comparison.png  used on 
input line 1050.
(pdftex.def)             Requested size: 239.39923pt x 192.91243pt.

Underfull \vbox (badness 10000) has occurred while \output is active []

 [17 <./figures_extracted/fig09_sequence_diagram.png (PNG copy)>]
Overfull \vbox (13.66501pt too high) has occurred while \output is active []

<figures_extracted/fig26_multiclass_results.png, id=551, 1004.553pt x 445.9059p
t>
File: figures_extracted/fig26_multiclass_results.png Graphic file (type png)
<use figures_extracted/fig26_multiclass_results.png>
Package pdftex.def Info: figures_extracted/fig26_multiclass_results.png  used o
n input line 1058.
(pdftex.def)             Requested size: 490.19843pt x 217.59088pt.

Underfull \hbox (badness 2941) in paragraph at lines 1059--1059
[]\T1/ptm/m/n/10 Fig. 42: |Multi-class clas-si-fi-ca-tion re-sults for work-loa
d (3-class: Low/Medium/High) and cog-ni-tive load (4-class:
 []


Underfull \hbox (badness 3492) in paragraph at lines 1069--1069
[]\T1/ptm/m/n/10 TABLE XVI: |Sta-tis-ti-cal Ro-bust-ness Anal-y-sis (SAM-40
 []

<figures_extracted/fig15_tsne_visualization.png, id=553, 857.1222pt x 298.4751p
t>
File: figures_extracted/fig15_tsne_visualization.png Graphic file (type png)
<use figures_extracted/fig15_tsne_visualization.png>
Package pdftex.def Info: figures_extracted/fig15_tsne_visualization.png  used o
n input line 1091.
(pdftex.def)             Requested size: 490.19843pt x 170.70642pt.
<figures_extracted/fig19_pr_curves.png, id=554, 860.013pt x 298.4751pt>
File: figures_extracted/fig19_pr_curves.png Graphic file (type png)
<use figures_extracted/fig19_pr_curves.png>
Package pdftex.def Info: figures_extracted/fig19_pr_curves.png  used on input l
ine 1099.
(pdftex.def)             Requested size: 490.19843pt x 170.128pt.
[18 <./figures_extracted/fig10_roc_curves.png> <./figures_extracted/fig11_confu
sion_matrices.png> <./figures_extracted/fig22_radar_comparison.png>]
Overfull \vbox (3.14948pt too high) has occurred while \output is active []


[19 <./figures_extracted/fig13_baseline_comparison.png>]
<figures_extracted/fig25_sample_output.png, id=580, 823.3962pt x 642.9621pt>
File: figures_extracted/fig25_sample_output.png Graphic file (type png)
<use figures_extracted/fig25_sample_output.png>
Package pdftex.def Info: figures_extracted/fig25_sample_output.png  used on inp
ut line 1208.
(pdftex.def)             Requested size: 490.19843pt x 382.78793pt.
 [20 <./figures_extracted/fig33_feature_selection.png>]
Underfull \vbox (badness 10000) has occurred while \output is active []

 [21 <./figures_extracted/fig41_electrode_importance.png>]
<figures_extracted/fig37_continuous_training.png, id=602, 955.4094pt x 759.3168
pt>
File: figures_extracted/fig37_continuous_training.png Graphic file (type png)
<use figures_extracted/fig37_continuous_training.png>
Package pdftex.def Info: figures_extracted/fig37_continuous_training.png  used 
on input line 1276.
(pdftex.def)             Requested size: 490.19843pt x 389.58687pt.

Underfull \hbox (badness 4872) in paragraph at lines 1292--1293
[]\T1/ptm/m/n/10 Comprehensive hy-per-pa-ram-e-ter anal-y-sis demon-strat-
 []

[22 <./figures_extracted/fig32_model_selection.png>]
Underfull \hbox (badness 4181) in paragraph at lines 1300--1301
[]\T1/ptm/m/n/10 Detailed ar-chi-tec-tural spec-i-fi-ca-tions en-abling re-pro-

 []


Underfull \vbox (badness 10000) has occurred while \output is active []

 [23 <./figures_extracted/fig45_model_complexity.png>]
Underfull \vbox (badness 10000) has occurred while \output is active []


Underfull \vbox (badness 10000) has occurred while \output is active []

 [24 <./figures_extracted/fig16_attention_heatmap.png>]
Underfull \vbox (badness 10000) has occurred while \output is active []

 [25 <./figures_extracted/fig43_gradcam_saliency.png>] [26 <./figures_extracted
/fig21_rag_pipeline_flowchart.png> <./figures_extracted/fig27_inference_flowcha
rt.png>]
[27 <./figures_extracted/fig12_training_curves.png>] [28 <./figures_extracted/f
ig35_training_process.png>] [29{/usr/share/texmf/fonts/enc/dvips/cm-super/cm-su
per-ts1.enc} <./figures_extracted/fig44_augmentation_effects.png>] [30 <./figur
es_extracted/fig36_evaluation_dashboard.png> <./figures_extracted/fig17_topogra
phical_map.png>] [31 <./figures_extracted/fig14_loso_boxplots.png>] [32 <./figu
res_extracted/fig46_subject_variability.png> <./figures_extracted/fig26_multicl
ass_results.png>] [33 <./figures_extracted/fig15_tsne_visualization.png> <./fig
ures_extracted/fig19_pr_curves.png>] [34 <./figures_extracted/fig25_sample_outp
ut.png>] [35 <./figures_extracted/fig37_continuous_training.png>]
(./eeg-stress-rag.aux)
 ***********
LaTeX2e <2023-11-01> patch level 1
L3 programming layer <2024-01-22>
 ***********


LaTeX Warning: There were multiply-defined labels.

Package rerunfilecheck Info: File `eeg-stress-rag.out' has not changed.
(rerunfilecheck)             Checksum: 1E70DB4FB624453D7AABD60CA57D5BF7;11438.
 ) 
Here is how much of TeX's memory you used:
 36227 strings out of 474222
 840987 string characters out of 5748733
 1973975 words of memory out of 5000000
 57640 multiletter control sequences out of 15000+600000
 687934 words of font info for 196 fonts, out of 8000000 for 9000
 1141 hyphenation exceptions out of 8191
 84i,13n,87p,2073b,654s stack positions out of 10000i,1000n,20000p,200000b,200000s
</usr/share/texlive/texmf-dist/fonts/type1/public/amsfonts/cm/cmex10.pfb></us
r/share/texlive/texmf-dist/fonts/type1/public/amsfonts/cm/cmmi10.pfb></usr/shar
e/texlive/texmf-dist/fonts/type1/public/amsfonts/cm/cmmi6.pfb></usr/share/texli
ve/texmf-dist/fonts/type1/public/amsfonts/cm/cmmi7.pfb></usr/share/texlive/texm
f-dist/fonts/type1/public/amsfonts/cm/cmmi8.pfb></usr/share/texlive/texmf-dist/
fonts/type1/public/amsfonts/cm/cmmi9.pfb></usr/share/texlive/texmf-dist/fonts/t
ype1/public/amsfonts/cm/cmr10.pfb></usr/share/texlive/texmf-dist/fonts/type1/pu
blic/amsfonts/cm/cmr6.pfb></usr/share/texlive/texmf-dist/fonts/type1/public/ams
fonts/cm/cmr7.pfb></usr/share/texlive/texmf-dist/fonts/type1/public/amsfonts/cm
/cmr8.pfb></usr/share/texlive/texmf-dist/fonts/type1/public/amsfonts/cm/cmr9.pf
b></usr/share/texlive/texmf-dist/fonts/type1/public/amsfonts/cm/cmsy10.pfb></us
r/share/texlive/texmf-dist/fonts/type1/public/amsfonts/cm/cmsy5.pfb></usr/share
/texlive/texmf-dist/fonts/type1/public/amsfonts/cm/cmsy6.pfb></usr/share/texliv
e/texmf-dist/fonts/type1/public/amsfonts/cm/cmsy7.pfb></usr/share/texlive/texmf
-dist/fonts/type1/public/amsfonts/cm/cmsy8.pfb></usr/share/texlive/texmf-dist/f
onts/type1/public/amsfonts/cm/cmsy9.pfb></usr/share/texmf/fonts/type1/public/cm
-super/sfrm1000.pfb></usr/share/texlive/texmf-dist/fonts/type1/urw/times/utmb8a
.pfb></usr/share/texlive/texmf-dist/fonts/type1/urw/times/utmbi8a.pfb></usr/sha
re/texlive/texmf-dist/fonts/type1/urw/times/utmr8a.pfb></usr/share/texlive/texm
f-dist/fonts/type1/urw/times/utmri8a.pfb>
Output written on eeg-stress-rag.pdf (35 pages, 31734464 bytes).
PDF statistics:
 859 PDF objects out of 1000 (max. 8388607)
 688 compressed objects within 7 object streams
 237 named destinations out of 1000 (max. 500000)
 723 words of extra memory for PDF output out of 10000 (max. 10000000)

