GenAI-RAG-EEG Production Monitoring Log
Timestamp: 2025-12-29T22:04:58.339950

=== Health Check ===
  Model Status: HEALTHY
  API Status: HEALTHY
  Vector DB Status: HEALTHY
  
=== Performance Metrics ===
  Latency P50: 12ms
  Latency P95: 45ms
  Latency P99: 78ms
  Throughput: 156 req/s
  
=== Drift Detection ===
  Data Drift: None detected
  Concept Drift: None detected
  Performance Drift: None detected
  
=== Resource Usage ===
  GPU Memory: 3.2 GB / 8 GB
  CPU Usage: 45%
  RAM Usage: 6.2 GB / 16 GB
  
=== Alerts ===
  Active Alerts: 0
  Resolved (24h): 0
  
=== SLA Status ===
  Uptime: 99.99%
  Error Rate: 0.01%
  SLA Compliance: PASSED
