This is pdfTeX, Version 3.141592653-2.6-1.40.25 (TeX Live 2023/Debian) (preloaded format=pdflatex 2025.12.5)  4 JAN 2026 17:07
entering extended mode
 restricted \write18 enabled.
 %&-line parsing enabled.
**genai_rag_eeg_v2.tex
(./genai_rag_eeg_v2.tex
LaTeX2e <2023-11-01> patch level 1
L3 programming layer <2024-01-22>
(/usr/share/texlive/texmf-dist/tex/latex/ieeetran/IEEEtran.cls
Document Class: IEEEtran 2015/08/26 V1.8b by Michael Shell
-- See the "IEEEtran_HOWTO" manual for usage information.
-- http://www.michaelshell.org/tex/ieeetran/
\@IEEEtrantmpdimenA=\dimen140
\@IEEEtrantmpdimenB=\dimen141
\@IEEEtrantmpdimenC=\dimen142
\@IEEEtrantmpcountA=\count187
\@IEEEtrantmpcountB=\count188
\@IEEEtrantmpcountC=\count189
\@IEEEtrantmptoksA=\toks17
LaTeX Font Info:    Trying to load font information for OT1+ptm on input line 5
03.
(/usr/share/texlive/texmf-dist/tex/latex/psnfss/ot1ptm.fd
File: ot1ptm.fd 2001/06/04 font definitions for OT1/ptm.
)
-- Using 8.5in x 11in (letter) paper.
-- Using PDF output.
\@IEEEnormalsizeunitybaselineskip=\dimen143
-- This is a 10 point document.
\CLASSINFOnormalsizebaselineskip=\dimen144
\CLASSINFOnormalsizeunitybaselineskip=\dimen145
\IEEEnormaljot=\dimen146
LaTeX Font Info:    Font shape `OT1/ptm/bx/n' in size <5> not available
(Font)              Font shape `OT1/ptm/b/n' tried instead on input line 1090.
LaTeX Font Info:    Font shape `OT1/ptm/bx/it' in size <5> not available
(Font)              Font shape `OT1/ptm/b/it' tried instead on input line 1090.

LaTeX Font Info:    Font shape `OT1/ptm/bx/n' in size <7> not available
(Font)              Font shape `OT1/ptm/b/n' tried instead on input line 1090.
LaTeX Font Info:    Font shape `OT1/ptm/bx/it' in size <7> not available
(Font)              Font shape `OT1/ptm/b/it' tried instead on input line 1090.

LaTeX Font Info:    Font shape `OT1/ptm/bx/n' in size <8> not available
(Font)              Font shape `OT1/ptm/b/n' tried instead on input line 1090.
LaTeX Font Info:    Font shape `OT1/ptm/bx/it' in size <8> not available
(Font)              Font shape `OT1/ptm/b/it' tried instead on input line 1090.

LaTeX Font Info:    Font shape `OT1/ptm/bx/n' in size <9> not available
(Font)              Font shape `OT1/ptm/b/n' tried instead on input line 1090.
LaTeX Font Info:    Font shape `OT1/ptm/bx/it' in size <9> not available
(Font)              Font shape `OT1/ptm/b/it' tried instead on input line 1090.

LaTeX Font Info:    Font shape `OT1/ptm/bx/n' in size <10> not available
(Font)              Font shape `OT1/ptm/b/n' tried instead on input line 1090.
LaTeX Font Info:    Font shape `OT1/ptm/bx/it' in size <10> not available
(Font)              Font shape `OT1/ptm/b/it' tried instead on input line 1090.

LaTeX Font Info:    Font shape `OT1/ptm/bx/n' in size <11> not available
(Font)              Font shape `OT1/ptm/b/n' tried instead on input line 1090.
LaTeX Font Info:    Font shape `OT1/ptm/bx/it' in size <11> not available
(Font)              Font shape `OT1/ptm/b/it' tried instead on input line 1090.

LaTeX Font Info:    Font shape `OT1/ptm/bx/n' in size <12> not available
(Font)              Font shape `OT1/ptm/b/n' tried instead on input line 1090.
LaTeX Font Info:    Font shape `OT1/ptm/bx/it' in size <12> not available
(Font)              Font shape `OT1/ptm/b/it' tried instead on input line 1090.

LaTeX Font Info:    Font shape `OT1/ptm/bx/n' in size <17> not available
(Font)              Font shape `OT1/ptm/b/n' tried instead on input line 1090.
LaTeX Font Info:    Font shape `OT1/ptm/bx/it' in size <17> not available
(Font)              Font shape `OT1/ptm/b/it' tried instead on input line 1090.

LaTeX Font Info:    Font shape `OT1/ptm/bx/n' in size <20> not available
(Font)              Font shape `OT1/ptm/b/n' tried instead on input line 1090.
LaTeX Font Info:    Font shape `OT1/ptm/bx/it' in size <20> not available
(Font)              Font shape `OT1/ptm/b/it' tried instead on input line 1090.

LaTeX Font Info:    Font shape `OT1/ptm/bx/n' in size <24> not available
(Font)              Font shape `OT1/ptm/b/n' tried instead on input line 1090.
LaTeX Font Info:    Font shape `OT1/ptm/bx/it' in size <24> not available
(Font)              Font shape `OT1/ptm/b/it' tried instead on input line 1090.

\IEEEquantizedlength=\dimen147
\IEEEquantizedlengthdiff=\dimen148
\IEEEquantizedtextheightdiff=\dimen149
\IEEEilabelindentA=\dimen150
\IEEEilabelindentB=\dimen151
\IEEEilabelindent=\dimen152
\IEEEelabelindent=\dimen153
\IEEEdlabelindent=\dimen154
\IEEElabelindent=\dimen155
\IEEEiednormlabelsep=\dimen156
\IEEEiedmathlabelsep=\dimen157
\IEEEiedtopsep=\skip48
\c@section=\count190
\c@subsection=\count191
\c@subsubsection=\count192
\c@paragraph=\count193
\c@IEEEsubequation=\count194
\abovecaptionskip=\skip49
\belowcaptionskip=\skip50
\c@figure=\count195
\c@table=\count196
\@IEEEeqnnumcols=\count197
\@IEEEeqncolcnt=\count198
\@IEEEsubeqnnumrollback=\count199
\@IEEEquantizeheightA=\dimen158
\@IEEEquantizeheightB=\dimen159
\@IEEEquantizeheightC=\dimen160
\@IEEEquantizeprevdepth=\dimen161
\@IEEEquantizemultiple=\count266
\@IEEEquantizeboxA=\box51
\@IEEEtmpitemindent=\dimen162
\IEEEPARstartletwidth=\dimen163
\c@IEEEbiography=\count267
\@IEEEtranrubishbin=\box52
) (/usr/share/texlive/texmf-dist/tex/latex/base/inputenc.sty
Package: inputenc 2021/02/14 v1.3d Input encoding file
\inpenc@prehook=\toks18
\inpenc@posthook=\toks19
)
(/usr/share/texlive/texmf-dist/tex/latex/base/fontenc.sty
Package: fontenc 2021/04/29 v2.0v Standard LaTeX package
LaTeX Font Info:    Trying to load font information for T1+ptm on input line 11
2.

(/usr/share/texlive/texmf-dist/tex/latex/psnfss/t1ptm.fd
File: t1ptm.fd 2001/06/04 font definitions for T1/ptm.
))
(/usr/share/texlive/texmf-dist/tex/latex/psnfss/times.sty
Package: times 2020/03/25 PSNFSS-v9.3 (SPQR) 
)
(/usr/share/texlive/texmf-dist/tex/latex/graphics/graphicx.sty
Package: graphicx 2021/09/16 v1.2d Enhanced LaTeX Graphics (DPC,SPQR)

(/usr/share/texlive/texmf-dist/tex/latex/graphics/keyval.sty
Package: keyval 2022/05/29 v1.15 key=value parser (DPC)
\KV@toks@=\toks20
)
(/usr/share/texlive/texmf-dist/tex/latex/graphics/graphics.sty
Package: graphics 2022/03/10 v1.4e Standard LaTeX Graphics (DPC,SPQR)

(/usr/share/texlive/texmf-dist/tex/latex/graphics/trig.sty
Package: trig 2021/08/11 v1.11 sin cos tan (DPC)
)
(/usr/share/texlive/texmf-dist/tex/latex/graphics-cfg/graphics.cfg
File: graphics.cfg 2016/06/04 v1.11 sample graphics configuration
)
Package graphics Info: Driver file: pdftex.def on input line 107.

(/usr/share/texlive/texmf-dist/tex/latex/graphics-def/pdftex.def
File: pdftex.def 2022/09/22 v1.2b Graphics/color driver for pdftex
))
\Gin@req@height=\dimen164
\Gin@req@width=\dimen165
)
(/usr/share/texlive/texmf-dist/tex/latex/booktabs/booktabs.sty
Package: booktabs 2020/01/12 v1.61803398 Publication quality tables
\heavyrulewidth=\dimen166
\lightrulewidth=\dimen167
\cmidrulewidth=\dimen168
\belowrulesep=\dimen169
\belowbottomsep=\dimen170
\aboverulesep=\dimen171
\abovetopsep=\dimen172
\cmidrulesep=\dimen173
\cmidrulekern=\dimen174
\defaultaddspace=\dimen175
\@cmidla=\count268
\@cmidlb=\count269
\@aboverulesep=\dimen176
\@belowrulesep=\dimen177
\@thisruleclass=\count270
\@lastruleclass=\count271
\@thisrulewidth=\dimen178
)
(/usr/share/texlive/texmf-dist/tex/latex/tools/tabularx.sty
Package: tabularx 2023/07/08 v2.11c `tabularx' package (DPC)

(/usr/share/texlive/texmf-dist/tex/latex/tools/array.sty
Package: array 2023/10/16 v2.5g Tabular extension package (FMi)
\col@sep=\dimen179
\ar@mcellbox=\box53
\extrarowheight=\dimen180
\NC@list=\toks21
\extratabsurround=\skip51
\backup@length=\skip52
\ar@cellbox=\box54
)
\TX@col@width=\dimen181
\TX@old@table=\dimen182
\TX@old@col=\dimen183
\TX@target=\dimen184
\TX@delta=\dimen185
\TX@cols=\count272
\TX@ftn=\toks22
)
(/usr/share/texlive/texmf-dist/tex/latex/multirow/multirow.sty
Package: multirow 2021/03/15 v2.8 Span multiple rows of a table
\multirow@colwidth=\skip53
\multirow@cntb=\count273
\multirow@dima=\skip54
\bigstrutjot=\dimen186
)
(/usr/share/texlive/texmf-dist/tex/latex/xcolor/xcolor.sty
Package: xcolor 2023/11/15 v3.01 LaTeX color extensions (UK)

(/usr/share/texlive/texmf-dist/tex/latex/graphics-cfg/color.cfg
File: color.cfg 2016/01/02 v1.6 sample color configuration
)
Package xcolor Info: Driver file: pdftex.def on input line 274.

(/usr/share/texlive/texmf-dist/tex/latex/graphics/mathcolor.ltx)
Package xcolor Info: Model `cmy' substituted by `cmy0' on input line 1350.
Package xcolor Info: Model `hsb' substituted by `rgb' on input line 1354.
Package xcolor Info: Model `RGB' extended on input line 1366.
Package xcolor Info: Model `HTML' substituted by `rgb' on input line 1368.
Package xcolor Info: Model `Hsb' substituted by `hsb' on input line 1369.
Package xcolor Info: Model `tHsb' substituted by `hsb' on input line 1370.
Package xcolor Info: Model `HSB' substituted by `hsb' on input line 1371.
Package xcolor Info: Model `Gray' substituted by `gray' on input line 1372.
Package xcolor Info: Model `wave' substituted by `hsb' on input line 1373.
)
(/usr/share/texlive/texmf-dist/tex/latex/graphics/dvipsnam.def
File: dvipsnam.def 2016/06/17 v3.0m Driver-dependent file (DPC,SPQR)
)
(/usr/share/texlive/texmf-dist/tex/latex/amsmath/amsmath.sty
Package: amsmath 2023/05/13 v2.17o AMS math features
\@mathmargin=\skip55

For additional information on amsmath, use the `?' option.
(/usr/share/texlive/texmf-dist/tex/latex/amsmath/amstext.sty
Package: amstext 2021/08/26 v2.01 AMS text

(/usr/share/texlive/texmf-dist/tex/latex/amsmath/amsgen.sty
File: amsgen.sty 1999/11/30 v2.0 generic functions
\@emptytoks=\toks23
\ex@=\dimen187
))
(/usr/share/texlive/texmf-dist/tex/latex/amsmath/amsbsy.sty
Package: amsbsy 1999/11/29 v1.2d Bold Symbols
\pmbraise@=\dimen188
)
(/usr/share/texlive/texmf-dist/tex/latex/amsmath/amsopn.sty
Package: amsopn 2022/04/08 v2.04 operator names
)
\inf@bad=\count274
LaTeX Info: Redefining \frac on input line 234.
\uproot@=\count275
\leftroot@=\count276
LaTeX Info: Redefining \overline on input line 399.
LaTeX Info: Redefining \colon on input line 410.
\classnum@=\count277
\DOTSCASE@=\count278
LaTeX Info: Redefining \ldots on input line 496.
LaTeX Info: Redefining \dots on input line 499.
LaTeX Info: Redefining \cdots on input line 620.
\Mathstrutbox@=\box55
\strutbox@=\box56
LaTeX Info: Redefining \big on input line 722.
LaTeX Info: Redefining \Big on input line 723.
LaTeX Info: Redefining \bigg on input line 724.
LaTeX Info: Redefining \Bigg on input line 725.
\big@size=\dimen189
LaTeX Font Info:    Redeclaring font encoding OML on input line 743.
LaTeX Font Info:    Redeclaring font encoding OMS on input line 744.
\macc@depth=\count279
LaTeX Info: Redefining \bmod on input line 905.
LaTeX Info: Redefining \pmod on input line 910.
LaTeX Info: Redefining \smash on input line 940.
LaTeX Info: Redefining \relbar on input line 970.
LaTeX Info: Redefining \Relbar on input line 971.
\c@MaxMatrixCols=\count280
\dotsspace@=\muskip16
\c@parentequation=\count281
\dspbrk@lvl=\count282
\tag@help=\toks24
\row@=\count283
\column@=\count284
\maxfields@=\count285
\andhelp@=\toks25
\eqnshift@=\dimen190
\alignsep@=\dimen191
\tagshift@=\dimen192
\tagwidth@=\dimen193
\totwidth@=\dimen194
\lineht@=\dimen195
\@envbody=\toks26
\multlinegap=\skip56
\multlinetaggap=\skip57
\mathdisplay@stack=\toks27
LaTeX Info: Redefining \[ on input line 2953.
LaTeX Info: Redefining \] on input line 2954.
)
(/usr/share/texlive/texmf-dist/tex/latex/amsfonts/amssymb.sty
Package: amssymb 2013/01/14 v3.01 AMS font symbols

(/usr/share/texlive/texmf-dist/tex/latex/amsfonts/amsfonts.sty
Package: amsfonts 2013/01/14 v3.01 Basic AMSFonts support
\symAMSa=\mathgroup4
\symAMSb=\mathgroup5
LaTeX Font Info:    Redeclaring math symbol \hbar on input line 98.
LaTeX Font Info:    Overwriting math alphabet `\mathfrak' in version `bold'
(Font)                  U/euf/m/n --> U/euf/b/n on input line 106.
))
(/usr/share/texlive/texmf-dist/tex/latex/algorithms/algorithmic.sty
Package: algorithmic 2009/08/24 v0.1 Document Style `algorithmic'

(/usr/share/texlive/texmf-dist/tex/latex/base/ifthen.sty
Package: ifthen 2022/04/13 v1.1d Standard LaTeX ifthen package (DPC)
)
\c@ALC@unique=\count286
\c@ALC@line=\count287
\c@ALC@rem=\count288
\c@ALC@depth=\count289
\ALC@tlm=\skip58
\algorithmicindent=\skip59
)
(/usr/share/texlive/texmf-dist/tex/latex/algorithms/algorithm.sty
Package: algorithm 2009/08/24 v0.1 Document Style `algorithm' - floating enviro
nment

(/usr/share/texlive/texmf-dist/tex/latex/float/float.sty
Package: float 2001/11/08 v1.3d Float enhancements (AL)
\c@float@type=\count290
\float@exts=\toks28
\float@box=\box57
\@float@everytoks=\toks29
\@floatcapt=\box58
)
\@float@every@algorithm=\toks30
\c@algorithm=\count291
)
(/usr/share/texlive/texmf-dist/tex/latex/hyperref/hyperref.sty
Package: hyperref 2024-01-20 v7.01h Hypertext links for LaTeX

(/usr/share/texlive/texmf-dist/tex/generic/iftex/iftex.sty
Package: iftex 2022/02/03 v1.0f TeX engine tests
)
(/usr/share/texlive/texmf-dist/tex/latex/kvsetkeys/kvsetkeys.sty
Package: kvsetkeys 2022-10-05 v1.19 Key value parser (HO)
)
(/usr/share/texlive/texmf-dist/tex/generic/kvdefinekeys/kvdefinekeys.sty
Package: kvdefinekeys 2019-12-19 v1.6 Define keys (HO)
)
(/usr/share/texlive/texmf-dist/tex/generic/pdfescape/pdfescape.sty
Package: pdfescape 2019/12/09 v1.15 Implements pdfTeX's escape features (HO)

(/usr/share/texlive/texmf-dist/tex/generic/ltxcmds/ltxcmds.sty
Package: ltxcmds 2023-12-04 v1.26 LaTeX kernel commands for general use (HO)
)
(/usr/share/texlive/texmf-dist/tex/generic/pdftexcmds/pdftexcmds.sty
Package: pdftexcmds 2020-06-27 v0.33 Utility functions of pdfTeX for LuaTeX (HO
)

(/usr/share/texlive/texmf-dist/tex/generic/infwarerr/infwarerr.sty
Package: infwarerr 2019/12/03 v1.5 Providing info/warning/error messages (HO)
)
Package pdftexcmds Info: \pdf@primitive is available.
Package pdftexcmds Info: \pdf@ifprimitive is available.
Package pdftexcmds Info: \pdfdraftmode found.
))
(/usr/share/texlive/texmf-dist/tex/latex/hycolor/hycolor.sty
Package: hycolor 2020-01-27 v1.10 Color options for hyperref/bookmark (HO)
)
(/usr/share/texlive/texmf-dist/tex/latex/auxhook/auxhook.sty
Package: auxhook 2019-12-17 v1.6 Hooks for auxiliary files (HO)
)
(/usr/share/texlive/texmf-dist/tex/latex/hyperref/nameref.sty
Package: nameref 2023-11-26 v2.56 Cross-referencing by name of section

(/usr/share/texlive/texmf-dist/tex/latex/refcount/refcount.sty
Package: refcount 2019/12/15 v3.6 Data extraction from label references (HO)
)
(/usr/share/texlive/texmf-dist/tex/generic/gettitlestring/gettitlestring.sty
Package: gettitlestring 2019/12/15 v1.6 Cleanup title references (HO)

(/usr/share/texlive/texmf-dist/tex/latex/kvoptions/kvoptions.sty
Package: kvoptions 2022-06-15 v3.15 Key value format for package options (HO)
))
\c@section@level=\count292
)
(/usr/share/texlive/texmf-dist/tex/latex/etoolbox/etoolbox.sty
Package: etoolbox 2020/10/05 v2.5k e-TeX tools for LaTeX (JAW)
\etb@tempcnta=\count293
)
\@linkdim=\dimen196
\Hy@linkcounter=\count294
\Hy@pagecounter=\count295

(/usr/share/texlive/texmf-dist/tex/latex/hyperref/pd1enc.def
File: pd1enc.def 2024-01-20 v7.01h Hyperref: PDFDocEncoding definition (HO)
Now handling font encoding PD1 ...
... no UTF-8 mapping file for font encoding PD1
)
(/usr/share/texlive/texmf-dist/tex/generic/intcalc/intcalc.sty
Package: intcalc 2019/12/15 v1.3 Expandable calculations with integers (HO)
)
\Hy@SavedSpaceFactor=\count296

(/usr/share/texlive/texmf-dist/tex/latex/hyperref/puenc.def
File: puenc.def 2024-01-20 v7.01h Hyperref: PDF Unicode definition (HO)
Now handling font encoding PU ...
... no UTF-8 mapping file for font encoding PU
)
Package hyperref Info: Hyper figures OFF on input line 4179.
Package hyperref Info: Link nesting OFF on input line 4184.
Package hyperref Info: Hyper index ON on input line 4187.
Package hyperref Info: Plain pages OFF on input line 4194.
Package hyperref Info: Backreferencing OFF on input line 4199.
Package hyperref Info: Implicit mode ON; LaTeX internals redefined.
Package hyperref Info: Bookmarks ON on input line 4446.
\c@Hy@tempcnt=\count297

(/usr/share/texlive/texmf-dist/tex/latex/url/url.sty
\Urlmuskip=\muskip17
Package: url 2013/09/16  ver 3.4  Verb mode for urls, etc.
)
LaTeX Info: Redefining \url on input line 4784.
\XeTeXLinkMargin=\dimen197

(/usr/share/texlive/texmf-dist/tex/generic/bitset/bitset.sty
Package: bitset 2019/12/09 v1.3 Handle bit-vector datatype (HO)

(/usr/share/texlive/texmf-dist/tex/generic/bigintcalc/bigintcalc.sty
Package: bigintcalc 2019/12/15 v1.5 Expandable calculations on big integers (HO
)
))
\Fld@menulength=\count298
\Field@Width=\dimen198
\Fld@charsize=\dimen199
Package hyperref Info: Hyper figures OFF on input line 6063.
Package hyperref Info: Link nesting OFF on input line 6068.
Package hyperref Info: Hyper index ON on input line 6071.
Package hyperref Info: backreferencing OFF on input line 6078.
Package hyperref Info: Link coloring OFF on input line 6083.
Package hyperref Info: Link coloring with OCG OFF on input line 6088.
Package hyperref Info: PDF/A mode OFF on input line 6093.

(/usr/share/texlive/texmf-dist/tex/latex/base/atbegshi-ltx.sty
Package: atbegshi-ltx 2021/01/10 v1.0c Emulation of the original atbegshi
package with kernel methods
)
\Hy@abspage=\count299
\c@Item=\count300
\c@Hfootnote=\count301
)
Package hyperref Info: Driver (autodetected): hpdftex.

(/usr/share/texlive/texmf-dist/tex/latex/hyperref/hpdftex.def
File: hpdftex.def 2024-01-20 v7.01h Hyperref driver for pdfTeX

(/usr/share/texlive/texmf-dist/tex/latex/base/atveryend-ltx.sty
Package: atveryend-ltx 2020/08/19 v1.0a Emulation of the original atveryend pac
kage
with kernel methods
)
\Fld@listcount=\count302
\c@bookmark@seq@number=\count303

(/usr/share/texlive/texmf-dist/tex/latex/rerunfilecheck/rerunfilecheck.sty
Package: rerunfilecheck 2022-07-10 v1.10 Rerun checks for auxiliary files (HO)

(/usr/share/texlive/texmf-dist/tex/generic/uniquecounter/uniquecounter.sty
Package: uniquecounter 2019/12/15 v1.4 Provide unlimited unique counter (HO)
)
Package uniquecounter Info: New unique counter `rerunfilecheck' on input line 2
85.
)
\Hy@SectionHShift=\skip60
)
(/usr/share/texlive/texmf-dist/tex/latex/enumitem/enumitem.sty
Package: enumitem 2019/06/20 v3.9 Customized lists
\labelindent=\skip61
\enit@outerparindent=\dimen256
\enit@toks=\toks31
\enit@inbox=\box59
\enit@count@id=\count304
\enitdp@description=\count305
)
(/usr/share/texlive/texmf-dist/tex/latex/caption/caption.sty
Package: caption 2023/08/05 v3.6o Customizing captions (AR)

(/usr/share/texlive/texmf-dist/tex/latex/caption/caption3.sty
Package: caption3 2023/07/31 v2.4d caption3 kernel (AR)
\caption@tempdima=\dimen257
\captionmargin=\dimen258
\caption@leftmargin=\dimen259
\caption@rightmargin=\dimen260
\caption@width=\dimen261
\caption@indent=\dimen262
\caption@parindent=\dimen263
\caption@hangindent=\dimen264
Package caption Info: Unknown document class (or package),
(caption)             standard defaults will be used.
Package caption Info: \@makecaption = \long macro:#1#2->\ifx \@captype \@IEEEta
blestring \footnotesize \bgroup \par \centering \@IEEEtabletopskipstrut {\norma
lfont \footnotesize #1}\\{\normalfont \footnotesize \scshape #2}\par \addvspace
 {0.5\baselineskip }\egroup \@IEEEtablecaptionsepspace \else \@IEEEfigurecaptio
nsepspace \setbox \@tempboxa \hbox {\normalfont \footnotesize {#1.}\nobreakspac
e \nobreakspace #2}\ifdim \wd \@tempboxa >\hsize \setbox \@tempboxa \hbox {\nor
malfont \footnotesize {#1.}\nobreakspace \nobreakspace }\parbox [t]{\hsize }{\n
ormalfont \footnotesize \noindent \unhbox \@tempboxa #2}\else \ifCLASSOPTIONcon
ference \hbox to\hsize {\normalfont \footnotesize \hfil \box \@tempboxa \hfil }
\else \hbox to\hsize {\normalfont \footnotesize \box \@tempboxa \hfil }\fi \fi 
\fi  on input line 1175.
)

Package caption Warning: Unknown document class (or package),
(caption)                standard defaults will be used.
See the caption package documentation for explanation.

\c@caption@flags=\count306
\c@continuedfloat=\count307
Package caption Info: float package is loaded.
Package caption Info: hyperref package is loaded.
) (/usr/share/texlive/texmf-dist/tex/latex/caption/subcaption.sty
Package: subcaption 2023/07/28 v1.6b Sub-captions (AR)
Package caption Info: New subtype `subfigure' on input line 238.
\c@subfigure=\count308
Package caption Info: New subtype `subtable' on input line 238.
\c@subtable=\count309
)
(/usr/share/texlive/texmf-dist/tex/latex/pgf/frontendlayer/tikz.sty
(/usr/share/texlive/texmf-dist/tex/latex/pgf/basiclayer/pgf.sty
(/usr/share/texlive/texmf-dist/tex/latex/pgf/utilities/pgfrcs.sty
(/usr/share/texlive/texmf-dist/tex/generic/pgf/utilities/pgfutil-common.tex
\pgfutil@everybye=\toks32
\pgfutil@tempdima=\dimen265
\pgfutil@tempdimb=\dimen266
)
(/usr/share/texlive/texmf-dist/tex/generic/pgf/utilities/pgfutil-latex.def
\pgfutil@abb=\box60
)
(/usr/share/texlive/texmf-dist/tex/generic/pgf/utilities/pgfrcs.code.tex
(/usr/share/texlive/texmf-dist/tex/generic/pgf/pgf.revision.tex)
Package: pgfrcs 2023-01-15 v3.1.10 (3.1.10)
))
Package: pgf 2023-01-15 v3.1.10 (3.1.10)

(/usr/share/texlive/texmf-dist/tex/latex/pgf/basiclayer/pgfcore.sty
(/usr/share/texlive/texmf-dist/tex/latex/pgf/systemlayer/pgfsys.sty
(/usr/share/texlive/texmf-dist/tex/generic/pgf/systemlayer/pgfsys.code.tex
Package: pgfsys 2023-01-15 v3.1.10 (3.1.10)

(/usr/share/texlive/texmf-dist/tex/generic/pgf/utilities/pgfkeys.code.tex
\pgfkeys@pathtoks=\toks33
\pgfkeys@temptoks=\toks34

(/usr/share/texlive/texmf-dist/tex/generic/pgf/utilities/pgfkeyslibraryfiltered
.code.tex
\pgfkeys@tmptoks=\toks35
))
\pgf@x=\dimen267
\pgf@y=\dimen268
\pgf@xa=\dimen269
\pgf@ya=\dimen270
\pgf@xb=\dimen271
\pgf@yb=\dimen272
\pgf@xc=\dimen273
\pgf@yc=\dimen274
\pgf@xd=\dimen275
\pgf@yd=\dimen276
\w@pgf@writea=\write3
\r@pgf@reada=\read2
\c@pgf@counta=\count310
\c@pgf@countb=\count311
\c@pgf@countc=\count312
\c@pgf@countd=\count313
\t@pgf@toka=\toks36
\t@pgf@tokb=\toks37
\t@pgf@tokc=\toks38
\pgf@sys@id@count=\count314
 (/usr/share/texlive/texmf-dist/tex/generic/pgf/systemlayer/pgf.cfg
File: pgf.cfg 2023-01-15 v3.1.10 (3.1.10)
)
Driver file for pgf: pgfsys-pdftex.def
(/usr/share/texlive/texmf-dist/tex/generic/pgf/systemlayer/pgfsys-pdftex.def
File: pgfsys-pdftex.def 2023-01-15 v3.1.10 (3.1.10)

(/usr/share/texlive/texmf-dist/tex/generic/pgf/systemlayer/pgfsys-common-pdf.de
f
File: pgfsys-common-pdf.def 2023-01-15 v3.1.10 (3.1.10)
)))
(/usr/share/texlive/texmf-dist/tex/generic/pgf/systemlayer/pgfsyssoftpath.code.
tex
File: pgfsyssoftpath.code.tex 2023-01-15 v3.1.10 (3.1.10)
\pgfsyssoftpath@smallbuffer@items=\count315
\pgfsyssoftpath@bigbuffer@items=\count316
)
(/usr/share/texlive/texmf-dist/tex/generic/pgf/systemlayer/pgfsysprotocol.code.
tex
File: pgfsysprotocol.code.tex 2023-01-15 v3.1.10 (3.1.10)
))
(/usr/share/texlive/texmf-dist/tex/generic/pgf/basiclayer/pgfcore.code.tex
Package: pgfcore 2023-01-15 v3.1.10 (3.1.10)

(/usr/share/texlive/texmf-dist/tex/generic/pgf/math/pgfmath.code.tex
(/usr/share/texlive/texmf-dist/tex/generic/pgf/math/pgfmathutil.code.tex)
(/usr/share/texlive/texmf-dist/tex/generic/pgf/math/pgfmathparser.code.tex
\pgfmath@dimen=\dimen277
\pgfmath@count=\count317
\pgfmath@box=\box61
\pgfmath@toks=\toks39
\pgfmath@stack@operand=\toks40
\pgfmath@stack@operation=\toks41
)
(/usr/share/texlive/texmf-dist/tex/generic/pgf/math/pgfmathfunctions.code.tex)
(/usr/share/texlive/texmf-dist/tex/generic/pgf/math/pgfmathfunctions.basic.code
.tex)
(/usr/share/texlive/texmf-dist/tex/generic/pgf/math/pgfmathfunctions.trigonomet
ric.code.tex)
(/usr/share/texlive/texmf-dist/tex/generic/pgf/math/pgfmathfunctions.random.cod
e.tex)
(/usr/share/texlive/texmf-dist/tex/generic/pgf/math/pgfmathfunctions.comparison
.code.tex)
(/usr/share/texlive/texmf-dist/tex/generic/pgf/math/pgfmathfunctions.base.code.
tex)
(/usr/share/texlive/texmf-dist/tex/generic/pgf/math/pgfmathfunctions.round.code
.tex)
(/usr/share/texlive/texmf-dist/tex/generic/pgf/math/pgfmathfunctions.misc.code.
tex)
(/usr/share/texlive/texmf-dist/tex/generic/pgf/math/pgfmathfunctions.integerari
thmetics.code.tex)
(/usr/share/texlive/texmf-dist/tex/generic/pgf/math/pgfmathcalc.code.tex)
(/usr/share/texlive/texmf-dist/tex/generic/pgf/math/pgfmathfloat.code.tex
\c@pgfmathroundto@lastzeros=\count318
))
(/usr/share/texlive/texmf-dist/tex/generic/pgf/math/pgfint.code.tex)
(/usr/share/texlive/texmf-dist/tex/generic/pgf/basiclayer/pgfcorepoints.code.te
x
File: pgfcorepoints.code.tex 2023-01-15 v3.1.10 (3.1.10)
\pgf@picminx=\dimen278
\pgf@picmaxx=\dimen279
\pgf@picminy=\dimen280
\pgf@picmaxy=\dimen281
\pgf@pathminx=\dimen282
\pgf@pathmaxx=\dimen283
\pgf@pathminy=\dimen284
\pgf@pathmaxy=\dimen285
\pgf@xx=\dimen286
\pgf@xy=\dimen287
\pgf@yx=\dimen288
\pgf@yy=\dimen289
\pgf@zx=\dimen290
\pgf@zy=\dimen291
)
(/usr/share/texlive/texmf-dist/tex/generic/pgf/basiclayer/pgfcorepathconstruct.
code.tex
File: pgfcorepathconstruct.code.tex 2023-01-15 v3.1.10 (3.1.10)
\pgf@path@lastx=\dimen292
\pgf@path@lasty=\dimen293
)
(/usr/share/texlive/texmf-dist/tex/generic/pgf/basiclayer/pgfcorepathusage.code
.tex
File: pgfcorepathusage.code.tex 2023-01-15 v3.1.10 (3.1.10)
\pgf@shorten@end@additional=\dimen294
\pgf@shorten@start@additional=\dimen295
)
(/usr/share/texlive/texmf-dist/tex/generic/pgf/basiclayer/pgfcorescopes.code.te
x
File: pgfcorescopes.code.tex 2023-01-15 v3.1.10 (3.1.10)
\pgfpic=\box62
\pgf@hbox=\box63
\pgf@layerbox@main=\box64
\pgf@picture@serial@count=\count319
)
(/usr/share/texlive/texmf-dist/tex/generic/pgf/basiclayer/pgfcoregraphicstate.c
ode.tex
File: pgfcoregraphicstate.code.tex 2023-01-15 v3.1.10 (3.1.10)
\pgflinewidth=\dimen296
)
(/usr/share/texlive/texmf-dist/tex/generic/pgf/basiclayer/pgfcoretransformation
s.code.tex
File: pgfcoretransformations.code.tex 2023-01-15 v3.1.10 (3.1.10)
\pgf@pt@x=\dimen297
\pgf@pt@y=\dimen298
\pgf@pt@temp=\dimen299
)
(/usr/share/texlive/texmf-dist/tex/generic/pgf/basiclayer/pgfcorequick.code.tex
File: pgfcorequick.code.tex 2023-01-15 v3.1.10 (3.1.10)
)
(/usr/share/texlive/texmf-dist/tex/generic/pgf/basiclayer/pgfcoreobjects.code.t
ex
File: pgfcoreobjects.code.tex 2023-01-15 v3.1.10 (3.1.10)
)
(/usr/share/texlive/texmf-dist/tex/generic/pgf/basiclayer/pgfcorepathprocessing
.code.tex
File: pgfcorepathprocessing.code.tex 2023-01-15 v3.1.10 (3.1.10)
)
(/usr/share/texlive/texmf-dist/tex/generic/pgf/basiclayer/pgfcorearrows.code.te
x
File: pgfcorearrows.code.tex 2023-01-15 v3.1.10 (3.1.10)
\pgfarrowsep=\dimen300
)
(/usr/share/texlive/texmf-dist/tex/generic/pgf/basiclayer/pgfcoreshade.code.tex
File: pgfcoreshade.code.tex 2023-01-15 v3.1.10 (3.1.10)
\pgf@max=\dimen301
\pgf@sys@shading@range@num=\count320
\pgf@shadingcount=\count321
)
(/usr/share/texlive/texmf-dist/tex/generic/pgf/basiclayer/pgfcoreimage.code.tex
File: pgfcoreimage.code.tex 2023-01-15 v3.1.10 (3.1.10)
)
(/usr/share/texlive/texmf-dist/tex/generic/pgf/basiclayer/pgfcoreexternal.code.
tex
File: pgfcoreexternal.code.tex 2023-01-15 v3.1.10 (3.1.10)
\pgfexternal@startupbox=\box65
)
(/usr/share/texlive/texmf-dist/tex/generic/pgf/basiclayer/pgfcorelayers.code.te
x
File: pgfcorelayers.code.tex 2023-01-15 v3.1.10 (3.1.10)
)
(/usr/share/texlive/texmf-dist/tex/generic/pgf/basiclayer/pgfcoretransparency.c
ode.tex
File: pgfcoretransparency.code.tex 2023-01-15 v3.1.10 (3.1.10)
)
(/usr/share/texlive/texmf-dist/tex/generic/pgf/basiclayer/pgfcorepatterns.code.
tex
File: pgfcorepatterns.code.tex 2023-01-15 v3.1.10 (3.1.10)
)
(/usr/share/texlive/texmf-dist/tex/generic/pgf/basiclayer/pgfcorerdf.code.tex
File: pgfcorerdf.code.tex 2023-01-15 v3.1.10 (3.1.10)
)))
(/usr/share/texlive/texmf-dist/tex/generic/pgf/modules/pgfmoduleshapes.code.tex
File: pgfmoduleshapes.code.tex 2023-01-15 v3.1.10 (3.1.10)
\pgfnodeparttextbox=\box66
) (/usr/share/texlive/texmf-dist/tex/generic/pgf/modules/pgfmoduleplot.code.tex
File: pgfmoduleplot.code.tex 2023-01-15 v3.1.10 (3.1.10)
)
(/usr/share/texlive/texmf-dist/tex/latex/pgf/compatibility/pgfcomp-version-0-65
.sty
Package: pgfcomp-version-0-65 2023-01-15 v3.1.10 (3.1.10)
\pgf@nodesepstart=\dimen302
\pgf@nodesepend=\dimen303
)
(/usr/share/texlive/texmf-dist/tex/latex/pgf/compatibility/pgfcomp-version-1-18
.sty
Package: pgfcomp-version-1-18 2023-01-15 v3.1.10 (3.1.10)
)) (/usr/share/texlive/texmf-dist/tex/latex/pgf/utilities/pgffor.sty
(/usr/share/texlive/texmf-dist/tex/latex/pgf/utilities/pgfkeys.sty
(/usr/share/texlive/texmf-dist/tex/generic/pgf/utilities/pgfkeys.code.tex))
(/usr/share/texlive/texmf-dist/tex/latex/pgf/math/pgfmath.sty
(/usr/share/texlive/texmf-dist/tex/generic/pgf/math/pgfmath.code.tex))
(/usr/share/texlive/texmf-dist/tex/generic/pgf/utilities/pgffor.code.tex
Package: pgffor 2023-01-15 v3.1.10 (3.1.10)
\pgffor@iter=\dimen304
\pgffor@skip=\dimen305
\pgffor@stack=\toks42
\pgffor@toks=\toks43
))
(/usr/share/texlive/texmf-dist/tex/generic/pgf/frontendlayer/tikz/tikz.code.tex
Package: tikz 2023-01-15 v3.1.10 (3.1.10)

(/usr/share/texlive/texmf-dist/tex/generic/pgf/libraries/pgflibraryplothandlers
.code.tex
File: pgflibraryplothandlers.code.tex 2023-01-15 v3.1.10 (3.1.10)
\pgf@plot@mark@count=\count322
\pgfplotmarksize=\dimen306
)
\tikz@lastx=\dimen307
\tikz@lasty=\dimen308
\tikz@lastxsaved=\dimen309
\tikz@lastysaved=\dimen310
\tikz@lastmovetox=\dimen311
\tikz@lastmovetoy=\dimen312
\tikzleveldistance=\dimen313
\tikzsiblingdistance=\dimen314
\tikz@figbox=\box67
\tikz@figbox@bg=\box68
\tikz@tempbox=\box69
\tikz@tempbox@bg=\box70
\tikztreelevel=\count323
\tikznumberofchildren=\count324
\tikznumberofcurrentchild=\count325
\tikz@fig@count=\count326

(/usr/share/texlive/texmf-dist/tex/generic/pgf/modules/pgfmodulematrix.code.tex
File: pgfmodulematrix.code.tex 2023-01-15 v3.1.10 (3.1.10)
\pgfmatrixcurrentrow=\count327
\pgfmatrixcurrentcolumn=\count328
\pgf@matrix@numberofcolumns=\count329
)
\tikz@expandcount=\count330

(/usr/share/texlive/texmf-dist/tex/generic/pgf/frontendlayer/tikz/libraries/tik
zlibrarytopaths.code.tex
File: tikzlibrarytopaths.code.tex 2023-01-15 v3.1.10 (3.1.10)
)))
(/usr/share/texlive/texmf-dist/tex/generic/pgf/frontendlayer/tikz/libraries/tik
zlibraryshapes.code.tex
File: tikzlibraryshapes.code.tex 2023-01-15 v3.1.10 (3.1.10)

(/usr/share/texlive/texmf-dist/tex/generic/pgf/frontendlayer/tikz/libraries/tik
zlibraryshapes.geometric.code.tex
File: tikzlibraryshapes.geometric.code.tex 2023-01-15 v3.1.10 (3.1.10)

(/usr/share/texlive/texmf-dist/tex/generic/pgf/libraries/shapes/pgflibraryshape
s.geometric.code.tex
File: pgflibraryshapes.geometric.code.tex 2023-01-15 v3.1.10 (3.1.10)
))
(/usr/share/texlive/texmf-dist/tex/generic/pgf/frontendlayer/tikz/libraries/tik
zlibraryshapes.misc.code.tex
File: tikzlibraryshapes.misc.code.tex 2023-01-15 v3.1.10 (3.1.10)

(/usr/share/texlive/texmf-dist/tex/generic/pgf/libraries/shapes/pgflibraryshape
s.misc.code.tex
File: pgflibraryshapes.misc.code.tex 2023-01-15 v3.1.10 (3.1.10)
))
(/usr/share/texlive/texmf-dist/tex/generic/pgf/frontendlayer/tikz/libraries/tik
zlibraryshapes.symbols.code.tex
File: tikzlibraryshapes.symbols.code.tex 2023-01-15 v3.1.10 (3.1.10)

(/usr/share/texlive/texmf-dist/tex/generic/pgf/libraries/shapes/pgflibraryshape
s.symbols.code.tex
File: pgflibraryshapes.symbols.code.tex 2023-01-15 v3.1.10 (3.1.10)
))
(/usr/share/texlive/texmf-dist/tex/generic/pgf/frontendlayer/tikz/libraries/tik
zlibraryshapes.arrows.code.tex
File: tikzlibraryshapes.arrows.code.tex 2023-01-15 v3.1.10 (3.1.10)

(/usr/share/texlive/texmf-dist/tex/generic/pgf/libraries/shapes/pgflibraryshape
s.arrows.code.tex
File: pgflibraryshapes.arrows.code.tex 2023-01-15 v3.1.10 (3.1.10)
))
(/usr/share/texlive/texmf-dist/tex/generic/pgf/frontendlayer/tikz/libraries/tik
zlibraryshapes.callouts.code.tex
(/usr/share/texlive/texmf-dist/tex/generic/pgf/libraries/shapes/pgflibraryshape
s.callouts.code.tex))
(/usr/share/texlive/texmf-dist/tex/generic/pgf/frontendlayer/tikz/libraries/tik
zlibraryshapes.multipart.code.tex
File: tikzlibraryshapes.multipart.code.tex 2023-01-15 v3.1.10 (3.1.10)

(/usr/share/texlive/texmf-dist/tex/generic/pgf/libraries/shapes/pgflibraryshape
s.multipart.code.tex
File: pgflibraryshapes.multipart.code.tex 2023-01-15 v3.1.10 (3.1.10)
\pgfnodepartlowerbox=\box71
\pgfnodeparttwobox=\box72
\pgfnodepartthreebox=\box73
\pgfnodepartfourbox=\box74
\pgfnodeparttwentybox=\box75
\pgfnodepartnineteenbox=\box76
\pgfnodeparteighteenbox=\box77
\pgfnodepartseventeenbox=\box78
\pgfnodepartsixteenbox=\box79
\pgfnodepartfifteenbox=\box80
\pgfnodepartfourteenbox=\box81
\pgfnodepartthirteenbox=\box82
\pgfnodeparttwelvebox=\box83
\pgfnodepartelevenbox=\box84
\pgfnodeparttenbox=\box85
\pgfnodepartninebox=\box86
\pgfnodeparteightbox=\box87
\pgfnodepartsevenbox=\box88
\pgfnodepartsixbox=\box89
\pgfnodepartfivebox=\box90
)))
(/usr/share/texlive/texmf-dist/tex/generic/pgf/frontendlayer/tikz/libraries/tik
zlibraryarrows.code.tex
File: tikzlibraryarrows.code.tex 2023-01-15 v3.1.10 (3.1.10)

(/usr/share/texlive/texmf-dist/tex/generic/pgf/libraries/pgflibraryarrows.code.
tex
File: pgflibraryarrows.code.tex 2023-01-15 v3.1.10 (3.1.10)
\arrowsize=\dimen315
))
(/usr/share/texlive/texmf-dist/tex/generic/pgf/frontendlayer/tikz/libraries/tik
zlibrarypositioning.code.tex
File: tikzlibrarypositioning.code.tex 2023-01-15 v3.1.10 (3.1.10)
)
(/usr/share/texlive/texmf-dist/tex/generic/pgf/frontendlayer/tikz/libraries/tik
zlibraryfit.code.tex
File: tikzlibraryfit.code.tex 2023-01-15 v3.1.10 (3.1.10)
)
(/usr/share/texlive/texmf-dist/tex/generic/pgf/frontendlayer/tikz/libraries/tik
zlibrarycalc.code.tex
File: tikzlibrarycalc.code.tex 2023-01-15 v3.1.10 (3.1.10)
)
(/usr/share/texlive/texmf-dist/tex/latex/pgfplots/pgfplots.sty
(/usr/share/texlive/texmf-dist/tex/generic/pgfplots/pgfplots.revision.tex)
Package: pgfplots 2021/05/15 v1.18.1 Data Visualization (1.18.1)

(/usr/share/texlive/texmf-dist/tex/generic/pgfplots/pgfplots.code.tex
(/usr/share/texlive/texmf-dist/tex/generic/pgfplots/pgfplotscore.code.tex
\t@pgfplots@toka=\toks44
\t@pgfplots@tokb=\toks45
\t@pgfplots@tokc=\toks46
\pgfplots@tmpa=\dimen316
\c@pgfplots@coordindex=\count331
\c@pgfplots@scanlineindex=\count332

(/usr/share/texlive/texmf-dist/tex/generic/pgfplots/sys/pgfplotssysgeneric.code
.tex))
(/usr/share/texlive/texmf-dist/tex/generic/pgfplots/libs/pgfplotslibrary.code.t
ex)
(/usr/share/texlive/texmf-dist/tex/generic/pgfplots/oldpgfcompatib/pgfplotsoldp
gfsupp_loader.code.tex
(/usr/share/texlive/texmf-dist/tex/generic/pgf/libraries/pgflibraryfpu.code.tex
)
Package pgfplots: loading complementary utilities for your pgf version...
\t@pgf@toka=\toks47
\t@pgf@tokb=\toks48
\t@pgf@tokc=\toks49

(/usr/share/texlive/texmf-dist/tex/generic/pgfplots/oldpgfcompatib/pgfplotsoldp
gfsupp_pgfutil-common-lists.tex))
(/usr/share/texlive/texmf-dist/tex/generic/pgfplots/util/pgfplotsutil.code.tex
(/usr/share/texlive/texmf-dist/tex/generic/pgfplots/liststructure/pgfplotslists
tructure.code.tex)
(/usr/share/texlive/texmf-dist/tex/generic/pgfplots/liststructure/pgfplotslists
tructureext.code.tex)
(/usr/share/texlive/texmf-dist/tex/generic/pgfplots/liststructure/pgfplotsarray
.code.tex
\c@pgfplotsarray@tmp=\count333
)
(/usr/share/texlive/texmf-dist/tex/generic/pgfplots/liststructure/pgfplotsmatri
x.code.tex)
(/usr/share/texlive/texmf-dist/tex/generic/pgfplots/numtable/pgfplotstableshare
d.code.tex
\c@pgfplotstable@counta=\count334
\t@pgfplotstable@a=\toks50
)
(/usr/share/texlive/texmf-dist/tex/generic/pgfplots/liststructure/pgfplotsdeque
.code.tex)
(/usr/share/texlive/texmf-dist/tex/generic/pgfplots/util/pgfplotsbinary.code.te
x
(/usr/share/texlive/texmf-dist/tex/generic/pgfplots/util/pgfplotsbinary.data.co
de.tex))
(/usr/share/texlive/texmf-dist/tex/generic/pgfplots/util/pgfplotsutil.verb.code
.tex)
(/usr/share/texlive/texmf-dist/tex/generic/pgfplots/libs/pgflibrarypgfplots.sur
fshading.code.tex
\c@pgfplotslibrarysurf@no=\count335

(/usr/share/texlive/texmf-dist/tex/generic/pgfplots/sys/pgflibrarypgfplots.surf
shading.pgfsys-pdftex.def)))
(/usr/share/texlive/texmf-dist/tex/generic/pgfplots/util/pgfplotscolormap.code.
tex
(/usr/share/texlive/texmf-dist/tex/generic/pgfplots/util/pgfplotscolor.code.tex
))
(/usr/share/texlive/texmf-dist/tex/generic/pgfplots/pgfplotsstackedplots.code.t
ex)
(/usr/share/texlive/texmf-dist/tex/generic/pgfplots/pgfplotsplothandlers.code.t
ex
(/usr/share/texlive/texmf-dist/tex/generic/pgfplots/pgfplotsmeshplothandler.cod
e.tex
(/usr/share/texlive/texmf-dist/tex/generic/pgfplots/pgfplotsmeshplotimage.code.
tex)))
(/usr/share/texlive/texmf-dist/tex/generic/pgfplots/pgfplots.scaling.code.tex)
(/usr/share/texlive/texmf-dist/tex/generic/pgfplots/pgfplotscoordprocessing.cod
e.tex)
(/usr/share/texlive/texmf-dist/tex/generic/pgfplots/pgfplots.errorbars.code.tex
) (/usr/share/texlive/texmf-dist/tex/generic/pgfplots/pgfplots.markers.code.tex
) (/usr/share/texlive/texmf-dist/tex/generic/pgfplots/pgfplotsticks.code.tex)
(/usr/share/texlive/texmf-dist/tex/generic/pgfplots/pgfplots.paths.code.tex)
(/usr/share/texlive/texmf-dist/tex/generic/pgf/frontendlayer/tikz/libraries/tik
zlibrarydecorations.code.tex
(/usr/share/texlive/texmf-dist/tex/generic/pgf/modules/pgfmoduledecorations.cod
e.tex
\pgfdecoratedcompleteddistance=\dimen317
\pgfdecoratedremainingdistance=\dimen318
\pgfdecoratedinputsegmentcompleteddistance=\dimen319
\pgfdecoratedinputsegmentremainingdistance=\dimen320
\pgf@decorate@distancetomove=\dimen321
\pgf@decorate@repeatstate=\count336
\pgfdecorationsegmentamplitude=\dimen322
\pgfdecorationsegmentlength=\dimen323
)
\tikz@lib@dec@box=\box91
)
(/usr/share/texlive/texmf-dist/tex/generic/pgf/frontendlayer/tikz/libraries/tik
zlibrarydecorations.pathmorphing.code.tex
(/usr/share/texlive/texmf-dist/tex/generic/pgf/libraries/decorations/pgflibrary
decorations.pathmorphing.code.tex))
(/usr/share/texlive/texmf-dist/tex/generic/pgf/frontendlayer/tikz/libraries/tik
zlibrarydecorations.pathreplacing.code.tex
(/usr/share/texlive/texmf-dist/tex/generic/pgf/libraries/decorations/pgflibrary
decorations.pathreplacing.code.tex))
(/usr/share/texlive/texmf-dist/tex/generic/pgfplots/libs/tikzlibrarypgfplots.co
ntourlua.code.tex)
\pgfplots@numplots=\count337
\pgfplots@xmin@reg=\dimen324
\pgfplots@xmax@reg=\dimen325
\pgfplots@ymin@reg=\dimen326
\pgfplots@ymax@reg=\dimen327
\pgfplots@zmin@reg=\dimen328
\pgfplots@zmax@reg=\dimen329
)
(/usr/share/texlive/texmf-dist/tex/generic/pgf/frontendlayer/tikz/libraries/tik
zlibraryplotmarks.code.tex
File: tikzlibraryplotmarks.code.tex 2023-01-15 v3.1.10 (3.1.10)

(/usr/share/texlive/texmf-dist/tex/generic/pgf/libraries/pgflibraryplotmarks.co
de.tex
File: pgflibraryplotmarks.code.tex 2023-01-15 v3.1.10 (3.1.10)
)))
Package hyperref Info: Option `colorlinks' set `true' on input line 26.

(/usr/share/texlive/texmf-dist/tex/latex/l3backend/l3backend-pdftex.def
File: l3backend-pdftex.def 2024-01-04 L3 backend support: PDF output (pdfTeX)
\l__color_backend_stack_int=\count338
\l__pdf_internal_box=\box92
)
No file genai_rag_eeg_v2.aux.
\openout1 = `genai_rag_eeg_v2.aux'.

LaTeX Font Info:    Checking defaults for OML/cmm/m/it on input line 28.
LaTeX Font Info:    ... okay on input line 28.
LaTeX Font Info:    Checking defaults for OMS/cmsy/m/n on input line 28.
LaTeX Font Info:    ... okay on input line 28.
LaTeX Font Info:    Checking defaults for OT1/cmr/m/n on input line 28.
LaTeX Font Info:    ... okay on input line 28.
LaTeX Font Info:    Checking defaults for T1/cmr/m/n on input line 28.
LaTeX Font Info:    ... okay on input line 28.
LaTeX Font Info:    Checking defaults for TS1/cmr/m/n on input line 28.
LaTeX Font Info:    ... okay on input line 28.
LaTeX Font Info:    Checking defaults for OMX/cmex/m/n on input line 28.
LaTeX Font Info:    ... okay on input line 28.
LaTeX Font Info:    Checking defaults for U/cmr/m/n on input line 28.
LaTeX Font Info:    ... okay on input line 28.
LaTeX Font Info:    Checking defaults for PD1/pdf/m/n on input line 28.
LaTeX Font Info:    ... okay on input line 28.
LaTeX Font Info:    Checking defaults for PU/pdf/m/n on input line 28.
LaTeX Font Info:    ... okay on input line 28.
-- Lines per column: 58 (exact).
(/usr/share/texlive/texmf-dist/tex/context/base/mkii/supp-pdf.mkii
[Loading MPS to PDF converter (version 2006.09.02).]
\scratchcounter=\count339
\scratchdimen=\dimen330
\scratchbox=\box93
\nofMPsegments=\count340
\nofMParguments=\count341
\everyMPshowfont=\toks51
\MPscratchCnt=\count342
\MPscratchDim=\dimen331
\MPnumerator=\count343
\makeMPintoPDFobject=\count344
\everyMPtoPDFconversion=\toks52
) (/usr/share/texlive/texmf-dist/tex/latex/epstopdf-pkg/epstopdf-base.sty
Package: epstopdf-base 2020-01-24 v2.11 Base part for package epstopdf
Package epstopdf-base Info: Redefining graphics rule for `.eps' on input line 4
85.

(/usr/share/texlive/texmf-dist/tex/latex/latexconfig/epstopdf-sys.cfg
File: epstopdf-sys.cfg 2010/07/13 v1.3 Configuration of (r)epstopdf for TeX Liv
e
))
Package hyperref Info: Link coloring ON on input line 28.
\@outlinefile=\write4
\openout4 = `genai_rag_eeg_v2.out'.

Package caption Info: Begin \AtBeginDocument code.
Package caption Info: End \AtBeginDocument code.

Package pgfplots notification 'compat/show suggested version=true': you might b
enefit from \pgfplotsset{compat=1.18} (current compat level: 1.17).

LaTeX Font Info:    Calculating math sizes for size <11> on input line 46.
LaTeX Font Info:    Trying to load font information for U+msa on input line 46.

(/usr/share/texlive/texmf-dist/tex/latex/amsfonts/umsa.fd
File: umsa.fd 2013/01/14 v3.01 AMS symbols A
)
LaTeX Font Info:    Trying to load font information for U+msb on input line 46.


(/usr/share/texlive/texmf-dist/tex/latex/amsfonts/umsb.fd
File: umsb.fd 2013/01/14 v3.01 AMS symbols B
)
Underfull \hbox (badness 2050) in paragraph at lines 55--56
\T1/ptm/b/n/9 sci-en-tific va-lid-ity and clin-i-cal ap-pli-ca-bil-ity. Method-
olog-i-cal
 []


LaTeX Warning: Citation `lazarus1984stress' on page 1 undefined on input line 6
7.


LaTeX Warning: Citation `who2023mental' on page 1 undefined on input line 67.


LaTeX Warning: Citation `cohen1983global' on page 1 undefined on input line 67.



LaTeX Warning: Citation `niedermeyer2005electroencephalography' on page 1 undef
ined on input line 69.


LaTeX Warning: Citation `klimesch1999alpha' on page 1 undefined on input line 7
1.


LaTeX Warning: Citation `engel2001dynamic' on page 1 undefined on input line 71
.


LaTeX Warning: Citation `cavanagh2014frontal' on page 1 undefined on input line
 71.


LaTeX Warning: Citation `davidson2004well' on page 1 undefined on input line 71
.

[1{/var/lib/texmf/fonts/map/pdftex/updmap/pdftex.map}{/usr/share/texlive/texmf-
dist/fonts/enc/dvips/base/8r.enc}


]

LaTeX Warning: Citation `craik2019deep' on page 2 undefined on input line 73.


LaTeX Warning: Citation `schirrmeister2017deep' on page 2 undefined on input li
ne 73.


LaTeX Warning: Citation `bashivan2016learning' on page 2 undefined on input lin
e 73.


LaTeX Warning: Citation `zhang2019making' on page 2 undefined on input line 73.



LaTeX Warning: Citation `tonekaboni2019clinicians' on page 2 undefined on input
 line 73.


LaTeX Warning: Citation `lewis2020retrieval' on page 2 undefined on input line 
75.


LaTeX Warning: Citation `jin2024health' on page 2 undefined on input line 75.


Underfull \hbox (badness 4899) in paragraph at lines 75--76
[]\T1/ptm/m/n/10 Large-scale lan-guage mod-els cou-pled with retrieval-
 []


LaTeX Warning: Reference `tab:related' on page 2 undefined on input line 79.


LaTeX Warning: Citation `song2020eeg' on page 2 undefined on input line 79.


LaTeX Warning: Citation `tao2020attention' on page 2 undefined on input line 79
.


LaTeX Warning: Citation `li2023domain' on page 2 undefined on input line 79.


LaTeX Warning: Citation `lawhern2018eegnet' on page 2 undefined on input line 7
9.


Underfull \vbox (badness 10000) has occurred while \output is active []


Underfull \hbox (badness 4132) in paragraph at lines 87--88
[]\T1/ptm/b/n/10 Construct Con-fla-tion\T1/ptm/m/n/10 : Dis-tinc-tions among em
o-tional
 []


LaTeX Warning: Citation `song2020eeg' on page 2 undefined on input line 100.


LaTeX Warning: Citation `tao2020attention' on page 2 undefined on input line 10
1.


LaTeX Warning: Citation `li2023domain' on page 2 undefined on input line 102.


LaTeX Warning: Citation `lawhern2018eegnet' on page 2 undefined on input line 1
03.


Underfull \vbox (badness 2020) has occurred while \output is active []

 [2]

LaTeX Warning: Reference `tab:datasets' on page 3 undefined on input line 132.


LaTeX Warning: Citation `zyma2019eegmat' on page 3 undefined on input line 134.



Underfull \hbox (badness 1527) in paragraph at lines 134--135
[]\T1/ptm/b/n/10 EEGMAT---Mental Arith-metic Cog-ni-tive Stress \T1/ptm/m/n/10 
[[]]:
 []


LaTeX Warning: Citation `gupta2016relevance' on page 3 undefined on input line 
136.


Underfull \hbox (badness 2027) in paragraph at lines 163--164
\T1/ptm/m/n/10 ar-ti-facts pro-duce sub-stan-tial am-pli-tude de-flec-tions, my
o-
 []


LaTeX Warning: Reference `fig:sam40_segments' on page 3 undefined on input line
 165.


LaTeX Warning: Reference `fig:eegmat_segments' on page 3 undefined on input lin
e 165.

[3]
<../figures/sam40_segments.png, id=44, 1004.553pt x 710.4141pt>
File: ../figures/sam40_segments.png Graphic file (type png)
<use ../figures/sam40_segments.png>
Package pdftex.def Info: ../figures/sam40_segments.png  used on input line 169.

(pdftex.def)             Requested size: 239.39923pt x 169.29962pt.

Underfull \hbox (badness 1509) in paragraph at lines 170--170
[]\T1/ptm/m/n/10 Fig. 1: |SAM-40 dataset: Rep-re-sen-ta-tive 25-second EEG
 []

<../figures/eegmat_segments.png, id=46, 1004.553pt x 432.8973pt>
File: ../figures/eegmat_segments.png Graphic file (type png)
<use ../figures/eegmat_segments.png>
Package pdftex.def Info: ../figures/eegmat_segments.png  used on input line 176
.
(pdftex.def)             Requested size: 239.39923pt x 103.16426pt.

Overfull \hbox (15.13618pt too wide) in paragraph at lines 186--194
 [][] 
 []


LaTeX Warning: Reference `fig:architecture' on page 4 undefined on input line 2
16.


Underfull \hbox (badness 10000) in paragraph at lines 216--217
[]\T1/ptm/m/n/10 The pro-posed com-pu-ta-tional framework---designated
 []


Underfull \hbox (badness 4981) in paragraph at lines 216--217
\T1/ptm/m/n/10 GenAI-RAG-EEG---integrates four prin-ci-pal ar-chi-tec-tural
 []


Underfull \hbox (badness 10000) in paragraph at lines 216--217
\T1/ptm/m/n/10 ex-trac-tion is ac-com-plished through con-vo-lu-tional and
 []


Underfull \hbox (badness 2538) in paragraph at lines 216--217
\T1/ptm/m/n/10 stress/baseline clas-si-fi-ca-tion de-ci-sions are ren-dered. Th
e
 []


Underfull \hbox (badness 10000) in paragraph at lines 216--217
\T1/ptm/m/n/10 mod-ule, sub-se-quently syn-the-sized into com-pre-hen-si-ble
 []


Underfull \hbox (badness 6510) in paragraph at lines 216--217
\T1/ptm/m/n/10 natural-language jus-ti-fi-ca-tions elu-ci-dat-ing the ra-tio-na
les
 []


Underfull \hbox (badness 1642) in paragraph at lines 255--256
\T1/ptm/m/n/10 travers-ing elec-troen-cephalo-graphic wave-forms. The ini-tial
 []

[4 <../figures/sam40_segments.png> <../figures/eegmat_segments.png>]

LaTeX Warning: Citation `vaswani2017attention' on page 5 undefined on input lin
e 267.


LaTeX Warning: Citation `reimers2019sentence' on page 5 undefined on input line
 274.


Underfull \hbox (badness 2608) in paragraph at lines 288--289
[]\T1/ptm/b/n/10 Knowledge Repos-i-tory Con-struc-tion\T1/ptm/m/n/10 : A com-pr
e-hen-
 []


LaTeX Warning: Citation `johnson2019billion' on page 5 undefined on input line 
290.


LaTeX Warning: Citation `loshchilov2019decoupled' on page 5 undefined on input 
line 296.


Underfull \hbox (badness 2486) in paragraph at lines 301--302
[]\T1/ptm/m/n/10 All ex-per-i-ments em-ploy leave-one-subject-out (LOSO)
 []


Underfull \hbox (badness 6032) in paragraph at lines 312--313
[]\T1/ptm/m/n/10 Beyond clas-si-fi-ca-tion per-for-mance met-rics, we con-
 []


LaTeX Warning: Reference `tab:bandpower' on page 5 undefined on input line 318.


[5]

LaTeX Warning: Citation `klimesch1999alpha' on page 6 undefined on input line 3
48.


LaTeX Warning: Citation `putman2014eeg' on page 6 undefined on input line 352.


LaTeX Warning: Citation `davidson2004well' on page 6 undefined on input line 36
1.


Underfull \hbox (badness 2443) in paragraph at lines 361--362
\T1/ptm/m/n/10 Asym-me-try was quan-ti-fied through com-par-i-son of log-
 []


LaTeX Warning: Reference `tab:classification' on page 6 undefined on input line
 379.


Overfull \hbox (92.45862pt too wide) in paragraph at lines 386--396
 [][] 
 []


LaTeX Warning: Reference `fig:roc_curves' on page 6 undefined on input line 428
.


Underfull \hbox (badness 1509) in paragraph at lines 428--429
\T1/ptm/m/n/10 configuration---whether ag-gres-sive or conservative---robust
 []

<fig10_roc_curves.png, id=83, 415.0707pt x 422.0568pt>
File: fig10_roc_curves.png Graphic file (type png)
<use fig10_roc_curves.png>
Package pdftex.def Info: fig10_roc_curves.png  used on input line 432.
(pdftex.def)             Requested size: 214.20154pt x 217.80925pt.

LaTeX Warning: Reference `fig:confusion_matrices' on page 6 undefined on input 
line 437.

[6]
<fig11_confusion_matrices.png, id=98, 1075.8594pt x 297.2706pt>
File: fig11_confusion_matrices.png Graphic file (type png)
<use fig11_confusion_matrices.png>
Package pdftex.def Info: fig11_confusion_matrices.png  used on input line 441.
(pdftex.def)             Requested size: 214.20154pt x 59.18544pt.


LaTeX Warning: Reference `tab:classification' on page 7 undefined on input line
 442.


LaTeX Warning: Reference `tab:classification' on page 7 undefined on input line
 442.

<fig_frequency_by_class.png, id=99, 859.0494pt x 570.4512pt>
File: fig_frequency_by_class.png Graphic file (type png)
<use fig_frequency_by_class.png>
Package pdftex.def Info: fig_frequency_by_class.png  used on input line 448.
(pdftex.def)             Requested size: 239.39923pt x 158.96796pt.

LaTeX Warning: Reference `fig:frequency_by_class' on page 7 undefined on input 
line 453.


LaTeX Warning: Reference `fig:loso_results' on page 7 undefined on input line 4
57.


Underfull \hbox (badness 6268) in paragraph at lines 457--458
[]\T1/ptm/m/n/10 Classification per-for-mance varies sub-stan-tially across
 []

Package pgfplots info on input line 476: Using 'lua backend=false' for axis: x 
coord trafo unsupported.

LaTeX Warning: Reference `fig:training_curves' on page 7 undefined on input lin
e 487.

<fig12_training_curves.png, id=100, 999.735pt x 295.3434pt>
File: fig12_training_curves.png Graphic file (type png)
<use fig12_training_curves.png>
Package pdftex.def Info: fig12_training_curves.png  used on input line 491.
(pdftex.def)             Requested size: 214.20154pt x 63.27676pt.

LaTeX Warning: Reference `fig:precision_recall' on page 7 undefined on input li
ne 496.

<fig_precision_recall.png, id=101, 567.0786pt x 422.0568pt>
File: fig_precision_recall.png Graphic file (type png)
<use fig_precision_recall.png>
Package pdftex.def Info: fig_precision_recall.png  used on input line 500.
(pdftex.def)             Requested size: 214.20154pt x 159.42368pt.

LaTeX Warning: Reference `tab:baselines' on page 7 undefined on input line 507.



LaTeX Warning: Citation `schirrmeister2017deep' on page 7 undefined on input li
ne 521.


LaTeX Warning: Citation `hochreiter1997long' on page 7 undefined on input line 
522.


LaTeX Warning: Citation `lawhern2018eegnet' on page 7 undefined on input line 5
23.

[7 <./fig10_roc_curves.png> <./fig11_confusion_matrices.png>]

LaTeX Warning: Reference `tab:ablation' on page 8 undefined on input line 534.


LaTeX Warning: Reference `tab:sensitivity' on page 8 undefined on input line 55
9.


LaTeX Warning: Reference `fig:hyperparameter_matrix' on page 8 undefined on inp
ut line 559.


Underfull \hbox (badness 10000) in paragraph at lines 559--560
[]\T1/ptm/m/n/10 How tem-per-a-men-tal is this model? Ev-ery ma-jor
 []


Underfull \hbox (badness 10000) in paragraph at lines 559--560
\T1/ptm/m/n/10 parameter---learning rate, batch size, dropout, hid-den
 []


Underfull \hbox (badness 10000) in paragraph at lines 559--560
\T1/ptm/m/n/10 di-men-sions, at-ten-tion heads, LSTM layers---was
 []


Underfull \hbox (badness 5302) in paragraph at lines 559--560
\T1/ptm/m/n/10 sys-tem-at-i-cally probed to as-cer-tain what frac-tures and
 []

<fig_hyperparameter_heatmap.png, id=115, 679.5789pt x 566.5968pt>
File: fig_hyperparameter_heatmap.png Graphic file (type png)
<use fig_hyperparameter_heatmap.png>
Package pdftex.def Info: fig_hyperparameter_heatmap.png  used on input line 603
.
(pdftex.def)             Requested size: 214.20154pt x 178.59132pt.

LaTeX Warning: Reference `tab:transfer' on page 8 undefined on input line 612.


LaTeX Warning: Reference `fig:transfer_heatmap' on page 8 undefined on input li
ne 612.

<fig24_transfer_heatmap.png, id=116, 561.5379pt x 422.0568pt>
File: fig24_transfer_heatmap.png Graphic file (type png)
<use fig24_transfer_heatmap.png>
Package pdftex.def Info: fig24_transfer_heatmap.png  used on input line 632.
(pdftex.def)             Requested size: 214.20154pt x 160.99504pt.
[8 <./fig_frequency_by_class.png> <./fig12_training_curves.png> <./fig_precisio
n_recall.png>]

LaTeX Warning: Reference `fig:tsne' on page 9 undefined on input line 641.

<fig15_tsne_visualization.png, id=131, 986.2446pt x 295.3434pt>
File: fig15_tsne_visualization.png Graphic file (type png)
<use fig15_tsne_visualization.png>
Package pdftex.def Info: fig15_tsne_visualization.png  used on input line 645.
(pdftex.def)             Requested size: 214.20154pt x 64.14203pt.

LaTeX Warning: Reference `fig:attention_heatmap' on page 9 undefined on input l
ine 652.


Underfull \hbox (badness 1400) in paragraph at lines 652--653
[]\T1/ptm/m/n/10 Where does the model fo-cus when ren-der-ing pre-dic-
 []

<fig16_attention_heatmap.png, id=132, 800.0289pt x 422.0568pt>
File: fig16_attention_heatmap.png Graphic file (type png)
<use fig16_attention_heatmap.png>
Package pdftex.def Info: fig16_attention_heatmap.png  used on input line 656.
(pdftex.def)             Requested size: 214.20154pt x 113.00372pt.

LaTeX Warning: Reference `fig:component_importance' on page 9 undefined on inpu
t line 663.

Package pgfplots info on input line 682: Using 'lua backend=false' for axis: x 
coord trafo unsupported.

LaTeX Warning: Reference `fig:cumulative_ablation' on page 9 undefined on input
 line 698.


LaTeX Warning: Reference `tab:interaction_matrix' on page 9 undefined on input 
line 733.

[9 <./fig_hyperparameter_heatmap.png>]
Underfull \hbox (badness 10000) in paragraph at lines 737--737
[]\T1/ptm/m/n/10 TABLE XI: |Com-po-nent In-ter-ac-tion Ma-trix (Syn-
 []


LaTeX Warning: Reference `fig:band_power' on page 10 undefined on input line 75
8.

<fig18_band_power_chart.png, id=148, 1000.2168pt x 370.2633pt>
File: fig18_band_power_chart.png Graphic file (type png)
<use fig18_band_power_chart.png>
Package pdftex.def Info: fig18_band_power_chart.png  used on input line 762.
(pdftex.def)             Requested size: 214.20154pt x 79.29431pt.

LaTeX Warning: Reference `fig:shap_importance' on page 10 undefined on input li
ne 767.

<fig_shap_importance.png, id=149, 704.1507pt x 566.3559pt>
File: fig_shap_importance.png Graphic file (type png)
<use fig_shap_importance.png>
Package pdftex.def Info: fig_shap_importance.png  used on input line 771.
(pdftex.def)             Requested size: 214.20154pt x 172.28459pt.

LaTeX Warning: Reference `tab:explainability_master' on page 10 undefined on in
put line 778.


Overfull \hbox (15.18034pt too wide) in paragraph at lines 785--803
 [][] 
 []


LaTeX Warning: Reference `fig:local_shap' on page 10 undefined on input line 80
7.

Package pgfplots info on input line 825: Using 'lua backend=false' for axis: x 
coord trafo unsupported.

LaTeX Warning: Reference `tab:temporal_importance' on page 10 undefined on inpu
t line 842.


Overfull \hbox (7.46184pt too wide) in paragraph at lines 849--861
 [][] 
 []


LaTeX Warning: Reference `tab:stability' on page 10 undefined on input line 865
.


LaTeX Warning: Reference `fig:interaction' on page 10 undefined on input line 8
88.


LaTeX Warning: Reference `tab:responsible_ai' on page 10 undefined on input lin
e 912.


LaTeX Warning: Reference `tab:portable_ai' on page 10 undefined on input line 9
12.


LaTeX Warning: Reference `tab:responsible_ai' on page 10 undefined on input lin
e 916.


Overfull \hbox (33.42796pt too wide) in paragraph at lines 923--941
 [][] 
 []


LaTeX Warning: Reference `tab:trust_ai' on page 10 undefined on input line 945.



LaTeX Warning: Reference `tab:debug_ai' on page 10 undefined on input line 974.



LaTeX Warning: Reference `tab:ablation' on page 10 undefined on input line 993.



LaTeX Warning: Reference `tab:compliance_ai' on page 10 undefined on input line
 1003.

[10 <./fig24_transfer_heatmap.png> <./fig15_tsne_visualization.png> <./fig16_at
tention_heatmap.png>]

LaTeX Warning: Reference `tab:interpretable_ai' on page 11 undefined on input l
ine 1032.


Overfull \hbox (1.48466pt too wide) in paragraph at lines 1039--1057
 [][] 
 []


LaTeX Warning: Reference `tab:portable_ai' on page 11 undefined on input line 1
061.


LaTeX Warning: Reference `tab:interpretability_detailed' on page 11 undefined o
n input line 1090.


LaTeX Warning: Reference `tab:causality_detailed' on page 11 undefined on input
 line 1122.


LaTeX Warning: Reference `fig:interpretability_summary' on page 11 undefined on
 input line 1152.


LaTeX Warning: Reference `fig:causality_summary' on page 11 undefined on input 
line 1152.

Package pgfplots info on input line 1170: Using 'lua backend=false' for axis: x
 coord trafo unsupported.
Package pgfplots info on input line 1198: Using 'lua backend=false' for axis: x
 coord trafo unsupported.

LaTeX Warning: Reference `tab:reliable_ai' on page 11 undefined on input line 1
216.


LaTeX Warning: Reference `fig:reliable_ai' on page 11 undefined on input line 1
216.

Package pgfplots info on input line 1264: Using 'lua backend=false' for axis: x
 coord trafo unsupported.

Overfull \hbox (18.96257pt too wide) in paragraph at lines 1267--1268
 [][] 
 []


LaTeX Warning: Reference `tab:trustworthy_ai' on page 11 undefined on input lin
e 1274.


LaTeX Warning: Reference `fig:trustworthy_ai' on page 11 undefined on input lin
e 1274.

Package pgfplots info on input line 1322: Using 'lua backend=false' for axis: x
 coord trafo unsupported.

Overfull \hbox (3.47252pt too wide) in paragraph at lines 1325--1326
 [][] 
 []


LaTeX Warning: Reference `tab:safe_ai' on page 11 undefined on input line 1332.



LaTeX Warning: Reference `fig:safe_ai' on page 11 undefined on input line 1332.


Package pgfplots info on input line 1380: Using 'lua backend=false' for axis: x
 coord trafo unsupported.

Overfull \hbox (6.02315pt too wide) in paragraph at lines 1383--1384
 [][] 
 []


LaTeX Warning: Reference `tab:accountable_ai' on page 11 undefined on input lin
e 1390.


LaTeX Warning: Reference `fig:accountable_ai' on page 11 undefined on input lin
e 1390.

Package pgfplots info on input line 1438: Using 'lua backend=false' for axis: x
 coord trafo unsupported.

Overfull \hbox (6.02315pt too wide) in paragraph at lines 1441--1442
 [][] 
 []


LaTeX Warning: Reference `tab:auditable_ai' on page 11 undefined on input line 
1448.


LaTeX Warning: Reference `fig:auditable_ai' on page 11 undefined on input line 
1448.

Package pgfplots info on input line 1496: Using 'lua backend=false' for axis: x
 coord trafo unsupported.

LaTeX Warning: Reference `tab:lifecycle_ai' on page 11 undefined on input line 
1506.


LaTeX Warning: Reference `fig:lifecycle_ai' on page 11 undefined on input line 
1506.

Package pgfplots info on input line 1554: Using 'lua backend=false' for axis: x
 coord trafo unsupported.

Overfull \hbox (1.02315pt too wide) in paragraph at lines 1557--1558
 [][] 
 []


LaTeX Warning: Reference `tab:monitoring_ai' on page 11 undefined on input line
 1564.


LaTeX Warning: Reference `fig:monitoring_ai' on page 11 undefined on input line
 1564.

Package pgfplots info on input line 1612: Using 'lua backend=false' for axis: x
 coord trafo unsupported.

Overfull \hbox (11.92622pt too wide) in paragraph at lines 1615--1616
 [][] 
 []


LaTeX Warning: Reference `tab:green_ai' on page 11 undefined on input line 1622
.


LaTeX Warning: Reference `fig:green_ai' on page 11 undefined on input line 1622
.

Package pgfplots info on input line 1670: Using 'lua backend=false' for axis: x
 coord trafo unsupported.

Overfull \hbox (10.10674pt too wide) in paragraph at lines 1673--1674
 [][] 
 []


LaTeX Warning: Reference `tab:fairness_ai' on page 11 undefined on input line 1
680.


LaTeX Warning: Reference `fig:fairness_ai' on page 11 undefined on input line 1
680.

Package pgfplots info on input line 1728: Using 'lua backend=false' for axis: x
 coord trafo unsupported.

Overfull \hbox (2.54317pt too wide) in paragraph at lines 1731--1732
 [][] 
 []


LaTeX Warning: Reference `tab:human_ai' on page 11 undefined on input line 1738
.


LaTeX Warning: Reference `fig:human_ai' on page 11 undefined on input line 1738
.

Package pgfplots info on input line 1786: Using 'lua backend=false' for axis: x
 coord trafo unsupported.

Overfull \hbox (5.22307pt too wide) in paragraph at lines 1789--1790
 [][] 
 []


LaTeX Warning: Reference `tab:compliance_full' on page 11 undefined on input li
ne 1796.


LaTeX Warning: Reference `fig:compliance_ai' on page 11 undefined on input line
 1796.

Package pgfplots info on input line 1844: Using 'lua backend=false' for axis: x
 coord trafo unsupported.

Overfull \hbox (4.37276pt too wide) in paragraph at lines 1847--1848
 [][] 
 []


LaTeX Warning: Reference `tab:social_ai' on page 11 undefined on input line 185
4.


LaTeX Warning: Reference `fig:social_ai' on page 11 undefined on input line 185
4.

Package pgfplots info on input line 1902: Using 'lua backend=false' for axis: x
 coord trafo unsupported.

Overfull \hbox (4.2631pt too wide) in paragraph at lines 1905--1906
 [][] 
 []


LaTeX Warning: Reference `tab:hitl_ai' on page 11 undefined on input line 1912.



LaTeX Warning: Reference `fig:hitl_ai' on page 11 undefined on input line 1912.


Package pgfplots info on input line 1960: Using 'lua backend=false' for axis: x
 coord trafo unsupported.

Overfull \hbox (11.58333pt too wide) in paragraph at lines 1963--1964
 [][] 
 []


Underfull \hbox (badness 2103) in paragraph at lines 1964--1964
[]\T1/ptm/m/n/10 Fig. 34: |Human-in-the-Loop AI Frame-work Com-pli-ance
 []


LaTeX Warning: Reference `tab:data_transparency' on page 11 undefined on input 
line 1970.


LaTeX Warning: Reference `fig:data_transparency' on page 11 undefined on input 
line 1970.

Package pgfplots info on input line 2018: Using 'lua backend=false' for axis: x
 coord trafo unsupported.

Overfull \hbox (8.38445pt too wide) in paragraph at lines 2021--2022
 [][] 
 []


LaTeX Warning: Reference `tab:mechanistic_ai' on page 11 undefined on input lin
e 2028.


LaTeX Warning: Reference `fig:mechanistic_ai' on page 11 undefined on input lin
e 2028.

Package pgfplots info on input line 2076: Using 'lua backend=false' for axis: x
 coord trafo unsupported.

Overfull \hbox (11.03508pt too wide) in paragraph at lines 2079--2080
 [][] 
 []


LaTeX Warning: Reference `tab:resp_genai' on page 11 undefined on input line 20
86.


LaTeX Warning: Reference `fig:resp_genai' on page 11 undefined on input line 20
86.

Package pgfplots info on input line 2134: Using 'lua backend=false' for axis: x
 coord trafo unsupported.

Overfull \hbox (30.09444pt too wide) in paragraph at lines 2137--2138
 [][] 
 []


LaTeX Warning: Reference `tab:statistical' on page 11 undefined on input line 2
144.


LaTeX Warning: Reference `tab:rag_eval' on page 11 undefined on input line 2168
.

[11 <./fig18_band_power_chart.png>]
Underfull \hbox (badness 1917) in paragraph at lines 2189--2190
\OML/cmm/m/it/10 ^^T$\T1/ptm/m/n/10 =0.81, which is deemed ex-cel-lent). Over-a
ll agree-ment
 []


LaTeX Warning: Reference `tab:clinical_validation' on page 12 undefined on inpu
t line 2204.


LaTeX Warning: Reference `tab:reliability_matrix' on page 12 undefined on input
 line 2260.

[12 <./fig_shap_importance.png>]
Underfull \vbox (badness 10000) has occurred while \output is active []

 [13]
[14]
Underfull \vbox (badness 1888) has occurred while \output is active []


Underfull \vbox (badness 10000) has occurred while \output is active []

 [15]

LaTeX Warning: Reference `tab:feature_engineering' on page 16 undefined on inpu
t line 2332.


Overfull \hbox (21.92612pt too wide) in paragraph at lines 2367--2384
 [][] 
 []


Underfull \vbox (badness 10000) has occurred while \output is active []

 [16]
Overfull \hbox (15.02225pt too wide) in paragraph at lines 2395--2407
 [][] 
 []


LaTeX Warning: Reference `tab:cross_validation' on page 17 undefined on input l
ine 2411.


LaTeX Warning: Reference `tab:loso_subjects' on page 17 undefined on input line
 2433.

[17]

LaTeX Warning: Reference `tab:clinical_metrics' on page 18 undefined on input l
ine 2460.


LaTeX Warning: Reference `tab:model_analysis' on page 18 undefined on input lin
e 2485.


LaTeX Warning: Reference `tab:perf_metrics' on page 18 undefined on input line 
2517.

[18]

LaTeX Warning: Reference `tab:cog_workload' on page 19 undefined on input line 
2557.


LaTeX Warning: Reference `tab:clinical_thresholds' on page 19 undefined on inpu
t line 2581.


Overfull \hbox (4.15019pt too wide) in paragraph at lines 2588--2600
 [][] 
 []

[19]

LaTeX Warning: Reference `tab:analysis_taxonomy' on page 20 undefined on input 
line 2618.

[20] [21]
Underfull \vbox (badness 1221) has occurred while \output is active []

 [22]
Underfull \hbox (badness 1648) in paragraph at lines 2711--2712
[]\T1/ptm/b/n/10 Retrieval Qual-ity Anal-y-sis\T1/ptm/m/n/10 : Pre-ci-sion@K, R
e-call@K,
 []

[23]
Underfull \vbox (badness 10000) has occurred while \output is active []



LaTeX Warning: Text page 24 contains only floats.

[24]
Underfull \hbox (badness 5878) in paragraph at lines 2759--2760
[]\T1/ptm/m/n/10 The com-plete frame-work com-prises 6,008 lines of
 []


LaTeX Warning: `h' float specifier changed to `ht'.

[25]

LaTeX Warning: Citation `klimesch1999alpha' on page 26 undefined on input line 
2797.


LaTeX Warning: Citation `putman2014eeg' on page 26 undefined on input line 2797
.


LaTeX Warning: Citation `davidson2004well' on page 26 undefined on input line 2
797.


Underfull \vbox (badness 10000) has occurred while \output is active []

 [26]
Underfull \vbox (badness 2181) has occurred while \output is active []


Underfull \hbox (badness 2772) in paragraph at lines 2817--2818
[]\T1/ptm/m/n/10 Domain ex-pert en-dorse-ment was ob-tained for RAG-
 []

[27] [28] (./genai_rag_eeg_v2.aux)
 ***********
LaTeX2e <2023-11-01> patch level 1
L3 programming layer <2024-01-22>
 ***********


LaTeX Warning: There were undefined references.


LaTeX Warning: Label(s) may have changed. Rerun to get cross-references right.


Package rerunfilecheck Warning: File `genai_rag_eeg_v2.out' has changed.
(rerunfilecheck)                Rerun to get outlines right
(rerunfilecheck)                or use package `bookmark'.

Package rerunfilecheck Info: Checksums for `genai_rag_eeg_v2.out':
(rerunfilecheck)             Before: <no file>
(rerunfilecheck)             After:  7F1E23DF7EC7EBEA837A7B200D184966;20672.
 ) 
Here is how much of TeX's memory you used:
 37523 strings out of 474222
 880113 string characters out of 5748733
 2288975 words of memory out of 5000000
 58929 multiletter control sequences out of 15000+600000
 684173 words of font info for 180 fonts, out of 8000000 for 9000
 1141 hyphenation exceptions out of 8191
 84i,13n,87p,1817b,2445s stack positions out of 10000i,1000n,20000p,200000b,200000s
</usr/share/texlive/texmf-dist/fonts/type1/public/amsfonts/cm/cmbx10.pfb></us
r/share/texlive/texmf-dist/fonts/type1/public/amsfonts/cm/cmex10.pfb></usr/shar
e/texlive/texmf-dist/fonts/type1/public/amsfonts/cm/cmmi10.pfb></usr/share/texl
ive/texmf-dist/fonts/type1/public/amsfonts/cm/cmmi5.pfb></usr/share/texlive/tex
mf-dist/fonts/type1/public/amsfonts/cm/cmmi7.pfb></usr/share/texlive/texmf-dist
/fonts/type1/public/amsfonts/cm/cmmi8.pfb></usr/share/texlive/texmf-dist/fonts/
type1/public/amsfonts/cm/cmmi9.pfb></usr/share/texlive/texmf-dist/fonts/type1/p
ublic/amsfonts/cm/cmr10.pfb></usr/share/texlive/texmf-dist/fonts/type1/public/a
msfonts/cm/cmr5.pfb></usr/share/texlive/texmf-dist/fonts/type1/public/amsfonts/
cm/cmr6.pfb></usr/share/texlive/texmf-dist/fonts/type1/public/amsfonts/cm/cmr7.
pfb></usr/share/texlive/texmf-dist/fonts/type1/public/amsfonts/cm/cmr8.pfb></us
r/share/texlive/texmf-dist/fonts/type1/public/amsfonts/cm/cmr9.pfb></usr/share/
texlive/texmf-dist/fonts/type1/public/amsfonts/cm/cmsy10.pfb></usr/share/texliv
e/texmf-dist/fonts/type1/public/amsfonts/cm/cmsy5.pfb></usr/share/texlive/texmf
-dist/fonts/type1/public/amsfonts/cm/cmsy7.pfb></usr/share/texlive/texmf-dist/f
onts/type1/public/amsfonts/cm/cmsy8.pfb></usr/share/texlive/texmf-dist/fonts/ty
pe1/public/amsfonts/cm/cmsy9.pfb></usr/share/texlive/texmf-dist/fonts/type1/pub
lic/amsfonts/symbols/msam10.pfb></usr/share/texlive/texmf-dist/fonts/type1/urw/
times/utmb8a.pfb></usr/share/texlive/texmf-dist/fonts/type1/urw/times/utmbi8a.p
fb></usr/share/texlive/texmf-dist/fonts/type1/urw/times/utmr8a.pfb></usr/share/
texlive/texmf-dist/fonts/type1/urw/times/utmri8a.pfb>
Output written on genai_rag_eeg_v2.pdf (28 pages, 4993054 bytes).
PDF statistics:
 562 PDF objects out of 1000 (max. 8388607)
 455 compressed objects within 5 object streams
 261 named destinations out of 1000 (max. 500000)
 78 words of extra memory for PDF output out of 10000 (max. 10000000)

